2024-07-07T04:59:43+00:00 INFO ENVIRONMENT: array (
  'WP_User' => 'Guest (non logged-in user)',
  'HTTP_REFERER' => '--',
  'HTTP_USER_AGENT' => 'Mozilla/5.0 (Macintosh; Intel Mac OS X 10_15_7) AppleWebKit/537.36 (KHTML, like Gecko) Chrome/101.0.4951.54 Safari/537.36',
  'REQUEST_URI' => '/',
  'DOING_AJAX' => false,
  'DOING_CRON' => false,
  'WP_CLI' => false,
)
2024-07-07T04:59:43+00:00 INFO REQUEST GET https://public-api.wordpress.com/wpcom/v2/sites/%s/wcpay/currency/rates?test_mode=1&currency_from=eur
2024-07-07T04:59:43+00:00 INFO HEADERS: array (
  'Content-Type' => 'application/json; charset=utf-8',
  'User-Agent' => 'WooCommerce Payments/7.6.0',
)
2024-07-07T04:59:43+00:00 INFO RESPONSE: array (
  'AED' => 3.981716,
  'AFN' => 76.864912,
  'ALL' => 100.139161,
  'AMD' => 419.835371,
  'ANG' => 1.948743,
  'AOA' => 940.413357,
  'ARS' => 991.904021,
  'AUD' => 1.605881,
  'AWG' => 1.954,
  'AZN' => 1.842885,
  'BAM' => 1.953637,
  'BBD' => 2.1681,
  'BDT' => 127.049357,
  'BGN' => 1.958564,
  'BHD' => 0.408148,
  'BIF' => 3111.568898,
  'BMD' => 1.08405,
  'BND' => 1.459584,
  'BOB' => 7.471729,
  'BRL' => 5.91913,
  'BSD' => 1.08405,
  'BTC' => 1.9E-5,
  'BTN' => 90.309036,
  'BWP' => 14.671759,
  'BYN' => 3.538583,
  'BZD' => 2.179487,
  'CAD' => 1.480975,
  'CDF' => 3072.994493,
  'CHF' => 0.972345,
  'CLF' => 0.036798,
  'CLP' => 1015.375413,
  'CNH' => 7.907603,
  'CNY' => 7.879742,
  'COP' => 4425.401186,
  'CRC' => 567.97099,
  'CUC' => 1.08405,
  'CUP' => 27.914287,
  'CVE' => 110.143065,
  'CZK' => 25.138902,
  'DJF' => 192.516904,
  'DKK' => 7.459348,
  'DOP' => 63.959194,
  'DZD' => 145.372898,
  'EGP' => 51.966474,
  'ERN' => 16.26075,
  'ETB' => 62.447466,
  'EUR' => 1,
  'FJD' => 2.414396,
  'FKP' => 0.846319,
  'GBP' => 0.846319,
  'GEL' => 3.0245,
  'GGP' => 0.846319,
  'GHS' => 16.651567,
  'GIP' => 0.846319,
  'GMD' => 73.444386,
  'GNF' => 9310.553679,
  'GTQ' => 8.401699,
  'GYD' => 226.219506,
  'HKD' => 8.471254,
  'HNL' => 26.778357,
  'HRK' => 7.536099,
  'HTG' => 143.111604,
  'HUF' => 391.916215,
  'IDR' => 17617.763453,
  'ILS' => 4.004372,
  'IMP' => 0.846319,
  'INR' => 90.488091,
  'IQD' => 1416.433204,
  'IRR' => 45624.953501,
  'ISK' => 149.577216,
  'JEP' => 0.846319,
  'JMD' => 168.942966,
  'JOD' => 0.768375,
  'JPY' => 174.244773,
  'KES' => 138.758397,
  'KGS' => 93.119893,
  'KHR' => 4453.081158,
  'KMF' => 493.730895,
  'KPW' => 975.644981,
  'KRW' => 1493.343889,
  'KWD' => 0.331533,
  'KYD' => 0.901102,
  'KZT' => 517.457332,
  'LAK' => 23883.779109,
  'LBP' => 96833.166633,
  'LKR' => 329.525136,
  'LRD' => 210.197318,
  'LSL' => 19.704088,
  'LYD' => 5.26617,
  'MAD' => 10.671787,
  'MDL' => 19.246694,
  'MGA' => 4843.669275,
  'MKD' => 61.616143,
  'MMK' => 2388.530681,
  'MNT' => 3739.972428,
  'MOP' => 8.698671,
  'MUR' => 50.787746,
  'MVR' => 16.69979,
  'MWK' => 1874.925971,
  'MXN' => 19.633338,
  'MYR' => 5.106417,
  'MZN' => 69.281626,
  'NAD' => 19.704088,
  'NGN' => 1645.045844,
  'NIO' => 39.805934,
  'NOK' => 11.421339,
  'NPR' => 144.494061,
  'NZD' => 1.765842,
  'OMR' => 0.416869,
  'PAB' => 1.08405,
  'PEN' => 4.101959,
  'PGK' => 4.163391,
  'PHP' => 63.441855,
  'PKR' => 301.000882,
  'PLN' => 4.282278,
  'PYG' => 8147.950023,
  'QAR' => 3.946132,
  'RON' => 4.978391,
  'RSD' => 117.04596,
  'RUB' => 95.292604,
  'RWF' => 1425.51946,
  'SAR' => 4.066275,
  'SBD' => 9.14483,
  'SCR' => 15.114818,
  'SDG' => 651.514038,
  'SEK' => 11.209548,
  'SGD' => 1.463251,
  'SHP' => 0.846319,
  'SLL' => 22731.98604,
  'SOS' => 617.916188,
  'SRD' => 33.027751,
  'SSP' => 141.20835,
  'STD' => 24154.584828,
  'SVC' => 9.461526,
  'SYP' => 2723.708094,
  'SZL' => 19.697196,
  'THB' => 39.483293,
  'TJS' => 11.521046,
  'TMT' => 3.794175,
  'TND' => 3.380062,
  'TOP' => 2.557805,
  'TRY' => 35.363336,
  'TTD' => 7.320896,
  'TWD' => 35.132434,
  'TZS' => 2870.81847,
  'UAH' => 43.837373,
  'UGX' => 3999.577465,
  'USD' => 1.08405,
  'UYU' => 43.33399,
  'UZS' => 13607.317048,
  'VND' => 27552.42081,
  'VUV' => 128.700582,
  'WST' => 3.03534,
  'XAF' => 655.957,
  'XAG' => 0.034722,
  'XAU' => 0.000453,
  'XCD' => 2.929699,
  'XDR' => 0.821291,
  'XOF' => 655.957,
  'XPD' => 0.001057,
  'XPF' => 119.331742,
  'XPT' => 0.001055,
  'YER' => 271.419015,
  'ZAR' => 19.703833,
  'ZMW' => 26.518645,
  'ZWL' => 349.064093,
)
2024-07-07T07:19:00+00:00 INFO ENVIRONMENT: array (
  'WP_User' => 'Guest (non logged-in user)',
  'HTTP_REFERER' => 'https://masterlordsolutions.com/wp-admin/post.php?post=3508&action=edit',
  'HTTP_USER_AGENT' => 'Mozilla/5.0 (Windows NT 10.0; Win64; x64) AppleWebKit/537.36 (KHTML, like Gecko) Chrome/125.0.0.0 Safari/537.36 OPR/111.0.0.0',
  'REQUEST_URI' => '/wp-admin/post.php?post=3508&action=edit',
  'DOING_AJAX' => false,
  'DOING_CRON' => false,
  'WP_CLI' => false,
)
2024-07-07T07:19:00+00:00 INFO REQUEST GET https://public-api.wordpress.com/wpcom/v2/sites/%s/wcpay/accounts?test_mode=0
2024-07-07T07:19:00+00:00 INFO HEADERS: array (
  'Content-Type' => 'application/json; charset=utf-8',
  'User-Agent' => 'WooCommerce Payments/7.6.0',
)
2024-07-07T07:19:03+00:00 INFO RESPONSE: array (
  'account_id' => 'acct_1PJA0PFxlPKzr7zD',
  'email' => '(redacted)',
  'live_publishable_key' => 'pk_live_iBIpeqzKOOx2Y8PFCRBfyMU000Q7xVG4Sn',
  'test_publishable_key' => 'pk_test_51ETDmyFuiXB5oUVxwSobQMW5Tno1GclIq7ePZWzLeW4q8oa7Zb8hI5VfwI5sNT5nXuKYinLukNvGCXmsQXAoDGHG00MqHqlYHR',
  'is_live' => true,
  'created' => '2024-05-22 07:54:39',
  'has_pending_requirements' => false,
  'has_future_requirements' => true,
  'has_overdue_requirements' => false,
  'details_submitted' => true,
  'current_deadline' => NULL,
  'status' => 'enabled',
  'capabilities' => 
  array (
    'bancontact_payments' => 'active',
    'card_payments' => 'active',
    'eps_payments' => 'active',
    'giropay_payments' => 'active',
    'ideal_payments' => 'active',
    'p24_payments' => 'active',
    'transfers' => 'active',
    'bank_transfer_payments' => 'unrequested',
    'blik_payments' => 'unrequested',
    'cartes_bancaires_payments' => 'unrequested',
    'link_payments' => 'unrequested',
    'mobilepay_payments' => 'unrequested',
    'multibanco_payments' => 'unrequested',
    'sepa_bank_transfer_payments' => 'unrequested',
    'sepa_debit_payments' => 'unrequested',
    'sofort_payments' => 'unrequested',
    'twint_payments' => 'unrequested',
  ),
  'capability_requirements' => 
  array (
    'bancontact_payments' => 
    array (
    ),
    'bank_transfer_payments' => 
    array (
    ),
    'blik_payments' => 
    array (
    ),
    'card_payments' => 
    array (
    ),
    'cartes_bancaires_payments' => 
    array (
    ),
    'eps_payments' => 
    array (
    ),
    'giropay_payments' => 
    array (
    ),
    'ideal_payments' => 
    array (
    ),
    'link_payments' => 
    array (
    ),
    'mobilepay_payments' => 
    array (
    ),
    'multibanco_payments' => 
    array (
    ),
    'p24_payments' => 
    array (
    ),
    'sepa_bank_transfer_payments' => 
    array (
    ),
    'sepa_debit_payments' => 
    array (
    ),
    'sofort_payments' => 
    array (
    ),
    'transfers' => 
    array (
    ),
    'twint_payments' => 
    array (
    ),
  ),
  'payments_enabled' => true,
  'deposits' => 
  array (
    'status' => 'enabled',
    'restrictions' => 'deposits_unrestricted',
    'interval' => 'daily',
    'weekly_anchor' => '',
    'monthly_anchor' => NULL,
    'delay_days' => 3,
    'completed_waiting_period' => false,
    'minimum_manual_deposit_amounts' => 
    array (
      'aud' => 500,
      'bgn' => 100,
      'cad' => 500,
      'chf' => 500,
      'czk' => 3000,
      'dkk' => 5000,
      'eur' => 500,
      'gbp' => 500,
      'hkd' => 5000,
      'huf' => 36000,
      'nok' => 5000,
      'nzd' => 500,
      'jpy' => 50,
      'sek' => 5000,
      'sgd' => 500,
      'usd' => 500,
      'ron' => 500,
      'pln' => 500,
      'aed' => 200,
    ),
    'minimum_scheduled_deposit_amounts' => 
    array (
      'aed' => 200,
      'aud' => 0,
      'bgn' => 100,
      'cad' => 0,
      'chf' => 500,
      'czk' => 3000,
      'dkk' => 2000,
      'eur' => 100,
      'gbp' => 100,
      'hkd' => 0,
      'huf' => 36000,
      'jpy' => 1,
      'nok' => 2000,
      'nzd' => 0,
      'pln' => 500,
      'ron' => 500,
      'sek' => 2000,
      'sgd' => 100,
      'usd' => 0,
    ),
  ),
  'lifetime_total_payment_volume' => 0,
  'requirements' => 
  array (
    'errors' => 
    array (
    ),
  ),
  'statement_descriptor' => 'MASTERLORDSOLUTIONS',
  'statement_descriptor_kanji' => '',
  'statement_descriptor_kana' => '',
  'latest_tos_agreement' => 
  array (
    'date' => '2024-05-22 07:54:39',
    'source' => 'signup',
    'is_current_version' => true,
  ),
  'fees' => 
  array (
    'base' => 
    array (
      'percentage_rate' => 0.015,
      'fixed_rate' => 2000,
      'currency' => 'huf',
    ),
    'discount' => 
    array (
    ),
    'card' => 
    array (
      'base' => 
      array (
        'percentage_rate' => 0.015,
        'fixed_rate' => 2000,
        'currency' => 'huf',
      ),
      'additional' => 
      array (
        'percentage_rate' => 0.02,
        'fixed_rate' => 0,
        'currency' => 'huf',
      ),
      'fx' => 
      array (
        'percentage_rate' => 0.02,
        'fixed_rate' => 0,
        'currency' => 'huf',
      ),
      'discount' => 
      array (
      ),
    ),
    'bancontact' => 
    array (
      'base' => 
      array (
        'percentage_rate' => 0.014,
        'fixed_rate' => 8500,
        'currency' => 'huf',
      ),
      'additional' => 
      array (
        'percentage_rate' => 0,
        'fixed_rate' => 0,
        'currency' => 'huf',
      ),
      'fx' => 
      array (
        'percentage_rate' => 0,
        'fixed_rate' => 0,
        'currency' => 'huf',
      ),
      'discount' => 
      array (
      ),
    ),
    'eps' => 
    array (
      'base' => 
      array (
        'percentage_rate' => 0.018,
        'fixed_rate' => 8500,
        'currency' => 'huf',
      ),
      'additional' => 
      array (
        'percentage_rate' => 0,
        'fixed_rate' => 0,
        'currency' => 'huf',
      ),
      'fx' => 
      array (
        'percentage_rate' => 0,
        'fixed_rate' => 0,
        'currency' => 'huf',
      ),
      'discount' => 
      array (
      ),
    ),
    'ideal' => 
    array (
      'base' => 
      array (
        'percentage_rate' => 0,
        'fixed_rate' => 10500,
        'currency' => 'huf',
      ),
      'additional' => 
      array (
        'percentage_rate' => 0,
        'fixed_rate' => 0,
        'currency' => 'huf',
      ),
      'fx' => 
      array (
        'percentage_rate' => 0,
        'fixed_rate' => 0,
        'currency' => 'huf',
      ),
      'discount' => 
      array (
      ),
    ),
    'giropay' => 
    array (
      'base' => 
      array (
        'percentage_rate' => 0.014,
        'fixed_rate' => 8500,
        'currency' => 'huf',
      ),
      'additional' => 
      array (
        'percentage_rate' => 0,
        'fixed_rate' => 0,
        'currency' => 'huf',
      ),
      'fx' => 
      array (
        'percentage_rate' => 0,
        'fixed_rate' => 0,
        'currency' => 'huf',
      ),
      'discount' => 
      array (
      ),
    ),
    'p24' => 
    array (
      'base' => 
      array (
        'percentage_rate' => 0.022,
        'fixed_rate' => 8500,
        'currency' => 'huf',
      ),
      'additional' => 
      array (
        'percentage_rate' => 0,
        'fixed_rate' => 0,
        'currency' => 'huf',
      ),
      'fx' => 
      array (
        'percentage_rate' => 0,
        'fixed_rate' => 0,
        'currency' => 'huf',
      ),
      'discount' => 
      array (
      ),
    ),
  ),
  'capital' => 
  array (
    'has_active_loan' => false,
    'has_previous_loans' => false,
    'loans' => 
    array (
    ),
  ),
  'fraud_services' => 
  array (
    'stripe' => 
    array (
    ),
    'sift' => 
    array (
      'beacon_key' => 'affbdadb36',
      'sandbox_beacon_key' => '6ad0ad748b',
    ),
  ),
  'store_currencies' => 
  array (
    'default' => 'huf',
    'supported' => 
    array (
      0 => 'huf',
    ),
  ),
  'customer_currencies' => 
  array (
    'supported' => 
    array (
      0 => 'usd',
      1 => 'aed',
      2 => 'afn',
      3 => 'all',
      4 => 'amd',
      5 => 'ang',
      6 => 'aoa',
      7 => 'ars',
      8 => 'aud',
      9 => 'awg',
      10 => 'azn',
      11 => 'bam',
      12 => 'bbd',
      13 => 'bdt',
      14 => 'bgn',
      15 => 'bif',
      16 => 'bmd',
      17 => 'bnd',
      18 => 'bob',
      19 => 'brl',
      20 => 'bsd',
      21 => 'bwp',
      22 => 'byn',
      23 => 'bzd',
      24 => 'cad',
      25 => 'cdf',
      26 => 'chf',
      27 => 'clp',
      28 => 'cny',
      29 => 'cop',
      30 => 'crc',
      31 => 'cve',
      32 => 'czk',
      33 => 'djf',
      34 => 'dkk',
      35 => 'dop',
      36 => 'dzd',
      37 => 'egp',
      38 => 'etb',
      39 => 'eur',
      40 => 'fjd',
      41 => 'fkp',
      42 => 'gbp',
      43 => 'gel',
      44 => 'gip',
      45 => 'gmd',
      46 => 'gnf',
      47 => 'gtq',
      48 => 'gyd',
      49 => 'hkd',
      50 => 'hnl',
      51 => 'htg',
      52 => 'huf',
      53 => 'idr',
      54 => 'ils',
      55 => 'inr',
      56 => 'isk',
      57 => 'jmd',
      58 => 'jpy',
      59 => 'kes',
      60 => 'kgs',
      61 => 'khr',
      62 => 'kmf',
      63 => 'krw',
      64 => 'kyd',
      65 => 'kzt',
      66 => 'lak',
      67 => 'lbp',
      68 => 'lkr',
      69 => 'lrd',
      70 => 'lsl',
      71 => 'mad',
      72 => 'mdl',
      73 => 'mga',
      74 => 'mkd',
      75 => 'mmk',
      76 => 'mnt',
      77 => 'mop',
      78 => 'mur',
      79 => 'mvr',
      80 => 'mwk',
      81 => 'mxn',
      82 => 'myr',
      83 => 'mzn',
      84 => 'nad',
      85 => 'ngn',
      86 => 'nio',
      87 => 'nok',
      88 => 'npr',
      89 => 'nzd',
      90 => 'pab',
      91 => 'pen',
      92 => 'pgk',
      93 => 'php',
      94 => 'pkr',
      95 => 'pln',
      96 => 'pyg',
      97 => 'qar',
      98 => 'ron',
      99 => 'rsd',
      100 => 'rub',
      101 => 'rwf',
      102 => 'sar',
      103 => 'sbd',
      104 => 'scr',
      105 => 'sek',
      106 => 'sgd',
      107 => 'shp',
      108 => 'sle',
      109 => 'sos',
      110 => 'srd',
      111 => 'std',
      112 => 'szl',
      113 => 'thb',
      114 => 'tjs',
      115 => 'top',
      116 => 'try',
      117 => 'ttd',
      118 => 'twd',
      119 => 'tzs',
      120 => 'uah',
      121 => 'ugx',
      122 => 'uyu',
      123 => 'uzs',
      124 => 'vnd',
      125 => 'vuv',
      126 => 'wst',
      127 => 'xaf',
      128 => 'xcd',
      129 => 'xof',
      130 => 'xpf',
      131 => 'yer',
      132 => 'zar',
      133 => 'zmw',
    ),
  ),
  'country' => '(redacted)',
  'instant_deposits_eligible' => false,
  'card_present_eligible' => false,
  'has_card_readers_available' => false,
  'platform_checkout_eligible' => false,
  'platform_direct_checkout_eligible' => false,
  'business_profile' => 
  array (
    'name' => '(redacted)',
    'url' => 'https://masterlordsolutions.com/',
    'support_address' => 
    array (
    ),
    'support_email' => NULL,
    'support_phone' => NULL,
  ),
  'branding' => 
  array (
    'icon' => NULL,
    'logo' => NULL,
    'primary_color' => NULL,
    'secondary_color' => NULL,
  ),
  'locale' => 'en_US',
  'has_more_failed_events' => false,
  'has_submitted_vat_data' => false,
  'is_documents_enabled' => true,
  'card_testing_protection_eligible' => false,
  'progressive_onboarding' => 
  array (
    'is_enabled' => false,
    'is_complete' => false,
    'tpv' => NULL,
    'first_transaction_date' => NULL,
    'kyc_deadline_date' => NULL,
  ),
  'fraud_mitigation_settings' => 
  array (
    'avs_check_enabled' => false,
    'cvc_check_enabled' => true,
  ),
  'is_deferred_intent_creation_upe_enabled' => true,
  'pre_check_save_my_info' => false,
)
2024-07-07T07:19:03+00:00 INFO ENVIRONMENT: array (
  'WP_User' => 'Guest (non logged-in user)',
  'HTTP_REFERER' => 'https://masterlordsolutions.com/wp-admin/post.php?post=3508&action=edit',
  'HTTP_USER_AGENT' => 'Mozilla/5.0 (Windows NT 10.0; Win64; x64) AppleWebKit/537.36 (KHTML, like Gecko) Chrome/125.0.0.0 Safari/537.36 OPR/111.0.0.0',
  'REQUEST_URI' => '/wp-admin/post.php?post=3508&action=edit',
  'DOING_AJAX' => false,
  'DOING_CRON' => false,
  'WP_CLI' => false,
)
2024-07-07T07:19:03+00:00 INFO REQUEST POST https://public-api.wordpress.com/wpcom/v2/sites/%s/wcpay/compatibility
2024-07-07T07:19:03+00:00 INFO HEADERS: array (
  'Content-Type' => 'application/json; charset=utf-8',
  'User-Agent' => 'WooCommerce Payments/7.6.0',
  'Idempotency-Key' => '3c77dfb8-c1cf-4fc6-94a9-13942893ad34',
)
2024-07-07T07:19:03+00:00 INFO BODY: array (
  'test_mode' => true,
  'compatibility_data' => 
  array (
    'woopayments_version' => '7.6.0',
    'woocommerce_version' => '8.8.5',
    'woocommerce_permalinks' => 
    array (
      'product_base' => 'product',
      'category_base' => 'product-category',
      'tag_base' => 'product-tag',
      'attribute_base' => '',
      'use_verbose_page_rules' => false,
    ),
    'woocommerce_shop' => 'https://masterlordsolutions.com/store/',
    'woocommerce_cart' => 'https://masterlordsolutions.com/cart/',
    'woocommerce_checkout' => 'https://masterlordsolutions.com/checkout/',
    'blog_theme' => 'astra-child',
    'active_plugins' => 
    array (
      0 => 'astra-sites/astra-sites.php',
      1 => 'code-snippets/code-snippets.php',
      2 => 'custom-css-js/custom-css-js.php',
      3 => 'duplicate-page/duplicatepage.php',
      4 => 'masterlord-solutions/masterlord-solutions.php',
      5 => 'membership-for-woocommerce/membership-for-woocommerce.php',
      6 => 'mwb-bookings-for-woocommerce/mwb-bookings-for-woocommerce.php',
      7 => 'subscriptions-for-woocommerce/subscriptions-for-woocommerce.php',
      8 => 'ultimate-addons-for-gutenberg/ultimate-addons-for-gutenberg.php',
      9 => 'variation-swatches-woo/variation-swatches-woo.php',
      10 => 'what-the-file/what-the-file.php',
      11 => 'woo-update-manager/woo-update-manager.php',
      12 => 'woocommerce-payments/woocommerce-payments.php',
      13 => 'woocommerce/woocommerce.php',
      14 => 'wp-file-manager/file_folder_manager.php',
    ),
    'post_types_count' => 
    array (
      'post' => 0,
      'page' => 8,
      'attachment' => 0,
      'product' => 9,
      'rent' => 0,
      'wps_cpt_members' => 3,
      'wps_cpt_membership' => 3,
    ),
  ),
)
2024-07-07T07:19:03+00:00 INFO RESPONSE: array (
  'result' => 'success',
)
2024-07-07T07:30:17+00:00 INFO ENVIRONMENT: array (
  'WP_User' => 'masterlordsolutions.com',
  'HTTP_REFERER' => 'https://masterlordsolutions.com/wp-login.php?redirect_to=httpsmasterlordsolutions.comwp-adminpost.phppost3508actionedit&reauth=1',
  'HTTP_USER_AGENT' => 'Mozilla/5.0 (Windows NT 10.0; Win64; x64) AppleWebKit/537.36 (KHTML, like Gecko) Chrome/125.0.0.0 Safari/537.36 OPR/111.0.0.0',
  'REQUEST_URI' => '/wp-admin/post.php?post=3508&action=edit',
  'DOING_AJAX' => false,
  'DOING_CRON' => false,
  'WP_CLI' => false,
)
2024-07-07T07:30:17+00:00 INFO REQUEST GET https://public-api.wordpress.com/wpcom/v2/sites/%s/wcpay/disputes/status_counts?test_mode=1
2024-07-07T07:30:17+00:00 INFO HEADERS: array (
  'Content-Type' => 'application/json; charset=utf-8',
  'User-Agent' => 'WooCommerce Payments/7.6.0',
)
2024-07-07T07:30:17+00:00 INFO RESPONSE: array (
)
2024-07-07T09:19:12+00:00 INFO ENVIRONMENT: array (
  'WP_User' => 'masterlordsolutions.com',
  'HTTP_REFERER' => 'https://masterlordsolutions.com/wp-admin/post.php?post=3401&action=edit',
  'HTTP_USER_AGENT' => 'Mozilla/5.0 (Windows NT 10.0; Win64; x64) AppleWebKit/537.36 (KHTML, like Gecko) Chrome/125.0.0.0 Safari/537.36 OPR/111.0.0.0',
  'REQUEST_URI' => '/wp-admin/edit.php?post_type=custom-css-js',
  'DOING_AJAX' => false,
  'DOING_CRON' => false,
  'WP_CLI' => false,
)
2024-07-07T09:19:12+00:00 INFO REQUEST GET https://public-api.wordpress.com/wpcom/v2/sites/%s/wcpay/accounts?test_mode=0
2024-07-07T09:19:12+00:00 INFO HEADERS: array (
  'Content-Type' => 'application/json; charset=utf-8',
  'User-Agent' => 'WooCommerce Payments/7.6.0',
)
2024-07-07T09:19:13+00:00 INFO RESPONSE: array (
  'account_id' => 'acct_1PJA0PFxlPKzr7zD',
  'email' => '(redacted)',
  'live_publishable_key' => 'pk_live_iBIpeqzKOOx2Y8PFCRBfyMU000Q7xVG4Sn',
  'test_publishable_key' => 'pk_test_51ETDmyFuiXB5oUVxwSobQMW5Tno1GclIq7ePZWzLeW4q8oa7Zb8hI5VfwI5sNT5nXuKYinLukNvGCXmsQXAoDGHG00MqHqlYHR',
  'is_live' => true,
  'created' => '2024-05-22 07:54:39',
  'has_pending_requirements' => false,
  'has_future_requirements' => true,
  'has_overdue_requirements' => false,
  'details_submitted' => true,
  'current_deadline' => NULL,
  'status' => 'enabled',
  'capabilities' => 
  array (
    'bancontact_payments' => 'active',
    'card_payments' => 'active',
    'eps_payments' => 'active',
    'giropay_payments' => 'active',
    'ideal_payments' => 'active',
    'p24_payments' => 'active',
    'transfers' => 'active',
    'bank_transfer_payments' => 'unrequested',
    'blik_payments' => 'unrequested',
    'cartes_bancaires_payments' => 'unrequested',
    'link_payments' => 'unrequested',
    'mobilepay_payments' => 'unrequested',
    'multibanco_payments' => 'unrequested',
    'sepa_bank_transfer_payments' => 'unrequested',
    'sepa_debit_payments' => 'unrequested',
    'sofort_payments' => 'unrequested',
    'twint_payments' => 'unrequested',
  ),
  'capability_requirements' => 
  array (
    'bancontact_payments' => 
    array (
    ),
    'bank_transfer_payments' => 
    array (
    ),
    'blik_payments' => 
    array (
    ),
    'card_payments' => 
    array (
    ),
    'cartes_bancaires_payments' => 
    array (
    ),
    'eps_payments' => 
    array (
    ),
    'giropay_payments' => 
    array (
    ),
    'ideal_payments' => 
    array (
    ),
    'link_payments' => 
    array (
    ),
    'mobilepay_payments' => 
    array (
    ),
    'multibanco_payments' => 
    array (
    ),
    'p24_payments' => 
    array (
    ),
    'sepa_bank_transfer_payments' => 
    array (
    ),
    'sepa_debit_payments' => 
    array (
    ),
    'sofort_payments' => 
    array (
    ),
    'transfers' => 
    array (
    ),
    'twint_payments' => 
    array (
    ),
  ),
  'payments_enabled' => true,
  'deposits' => 
  array (
    'status' => 'enabled',
    'restrictions' => 'deposits_unrestricted',
    'interval' => 'daily',
    'weekly_anchor' => '',
    'monthly_anchor' => NULL,
    'delay_days' => 3,
    'completed_waiting_period' => false,
    'minimum_manual_deposit_amounts' => 
    array (
      'aud' => 500,
      'bgn' => 100,
      'cad' => 500,
      'chf' => 500,
      'czk' => 3000,
      'dkk' => 5000,
      'eur' => 500,
      'gbp' => 500,
      'hkd' => 5000,
      'huf' => 36000,
      'nok' => 5000,
      'nzd' => 500,
      'jpy' => 50,
      'sek' => 5000,
      'sgd' => 500,
      'usd' => 500,
      'ron' => 500,
      'pln' => 500,
      'aed' => 200,
    ),
    'minimum_scheduled_deposit_amounts' => 
    array (
      'aed' => 200,
      'aud' => 0,
      'bgn' => 100,
      'cad' => 0,
      'chf' => 500,
      'czk' => 3000,
      'dkk' => 2000,
      'eur' => 100,
      'gbp' => 100,
      'hkd' => 0,
      'huf' => 36000,
      'jpy' => 1,
      'nok' => 2000,
      'nzd' => 0,
      'pln' => 500,
      'ron' => 500,
      'sek' => 2000,
      'sgd' => 100,
      'usd' => 0,
    ),
  ),
  'lifetime_total_payment_volume' => 0,
  'requirements' => 
  array (
    'errors' => 
    array (
    ),
  ),
  'statement_descriptor' => 'MASTERLORDSOLUTIONS',
  'statement_descriptor_kanji' => '',
  'statement_descriptor_kana' => '',
  'latest_tos_agreement' => 
  array (
    'date' => '2024-05-22 07:54:39',
    'source' => 'signup',
    'is_current_version' => true,
  ),
  'fees' => 
  array (
    'base' => 
    array (
      'percentage_rate' => 0.015,
      'fixed_rate' => 2000,
      'currency' => 'huf',
    ),
    'discount' => 
    array (
    ),
    'card' => 
    array (
      'base' => 
      array (
        'percentage_rate' => 0.015,
        'fixed_rate' => 2000,
        'currency' => 'huf',
      ),
      'additional' => 
      array (
        'percentage_rate' => 0.02,
        'fixed_rate' => 0,
        'currency' => 'huf',
      ),
      'fx' => 
      array (
        'percentage_rate' => 0.02,
        'fixed_rate' => 0,
        'currency' => 'huf',
      ),
      'discount' => 
      array (
      ),
    ),
    'bancontact' => 
    array (
      'base' => 
      array (
        'percentage_rate' => 0.014,
        'fixed_rate' => 8500,
        'currency' => 'huf',
      ),
      'additional' => 
      array (
        'percentage_rate' => 0,
        'fixed_rate' => 0,
        'currency' => 'huf',
      ),
      'fx' => 
      array (
        'percentage_rate' => 0,
        'fixed_rate' => 0,
        'currency' => 'huf',
      ),
      'discount' => 
      array (
      ),
    ),
    'eps' => 
    array (
      'base' => 
      array (
        'percentage_rate' => 0.018,
        'fixed_rate' => 8500,
        'currency' => 'huf',
      ),
      'additional' => 
      array (
        'percentage_rate' => 0,
        'fixed_rate' => 0,
        'currency' => 'huf',
      ),
      'fx' => 
      array (
        'percentage_rate' => 0,
        'fixed_rate' => 0,
        'currency' => 'huf',
      ),
      'discount' => 
      array (
      ),
    ),
    'ideal' => 
    array (
      'base' => 
      array (
        'percentage_rate' => 0,
        'fixed_rate' => 10500,
        'currency' => 'huf',
      ),
      'additional' => 
      array (
        'percentage_rate' => 0,
        'fixed_rate' => 0,
        'currency' => 'huf',
      ),
      'fx' => 
      array (
        'percentage_rate' => 0,
        'fixed_rate' => 0,
        'currency' => 'huf',
      ),
      'discount' => 
      array (
      ),
    ),
    'giropay' => 
    array (
      'base' => 
      array (
        'percentage_rate' => 0.014,
        'fixed_rate' => 8500,
        'currency' => 'huf',
      ),
      'additional' => 
      array (
        'percentage_rate' => 0,
        'fixed_rate' => 0,
        'currency' => 'huf',
      ),
      'fx' => 
      array (
        'percentage_rate' => 0,
        'fixed_rate' => 0,
        'currency' => 'huf',
      ),
      'discount' => 
      array (
      ),
    ),
    'p24' => 
    array (
      'base' => 
      array (
        'percentage_rate' => 0.022,
        'fixed_rate' => 8500,
        'currency' => 'huf',
      ),
      'additional' => 
      array (
        'percentage_rate' => 0,
        'fixed_rate' => 0,
        'currency' => 'huf',
      ),
      'fx' => 
      array (
        'percentage_rate' => 0,
        'fixed_rate' => 0,
        'currency' => 'huf',
      ),
      'discount' => 
      array (
      ),
    ),
  ),
  'capital' => 
  array (
    'has_active_loan' => false,
    'has_previous_loans' => false,
    'loans' => 
    array (
    ),
  ),
  'fraud_services' => 
  array (
    'stripe' => 
    array (
    ),
    'sift' => 
    array (
      'beacon_key' => 'affbdadb36',
      'sandbox_beacon_key' => '6ad0ad748b',
    ),
  ),
  'store_currencies' => 
  array (
    'default' => 'huf',
    'supported' => 
    array (
      0 => 'huf',
    ),
  ),
  'customer_currencies' => 
  array (
    'supported' => 
    array (
      0 => 'usd',
      1 => 'aed',
      2 => 'afn',
      3 => 'all',
      4 => 'amd',
      5 => 'ang',
      6 => 'aoa',
      7 => 'ars',
      8 => 'aud',
      9 => 'awg',
      10 => 'azn',
      11 => 'bam',
      12 => 'bbd',
      13 => 'bdt',
      14 => 'bgn',
      15 => 'bif',
      16 => 'bmd',
      17 => 'bnd',
      18 => 'bob',
      19 => 'brl',
      20 => 'bsd',
      21 => 'bwp',
      22 => 'byn',
      23 => 'bzd',
      24 => 'cad',
      25 => 'cdf',
      26 => 'chf',
      27 => 'clp',
      28 => 'cny',
      29 => 'cop',
      30 => 'crc',
      31 => 'cve',
      32 => 'czk',
      33 => 'djf',
      34 => 'dkk',
      35 => 'dop',
      36 => 'dzd',
      37 => 'egp',
      38 => 'etb',
      39 => 'eur',
      40 => 'fjd',
      41 => 'fkp',
      42 => 'gbp',
      43 => 'gel',
      44 => 'gip',
      45 => 'gmd',
      46 => 'gnf',
      47 => 'gtq',
      48 => 'gyd',
      49 => 'hkd',
      50 => 'hnl',
      51 => 'htg',
      52 => 'huf',
      53 => 'idr',
      54 => 'ils',
      55 => 'inr',
      56 => 'isk',
      57 => 'jmd',
      58 => 'jpy',
      59 => 'kes',
      60 => 'kgs',
      61 => 'khr',
      62 => 'kmf',
      63 => 'krw',
      64 => 'kyd',
      65 => 'kzt',
      66 => 'lak',
      67 => 'lbp',
      68 => 'lkr',
      69 => 'lrd',
      70 => 'lsl',
      71 => 'mad',
      72 => 'mdl',
      73 => 'mga',
      74 => 'mkd',
      75 => 'mmk',
      76 => 'mnt',
      77 => 'mop',
      78 => 'mur',
      79 => 'mvr',
      80 => 'mwk',
      81 => 'mxn',
      82 => 'myr',
      83 => 'mzn',
      84 => 'nad',
      85 => 'ngn',
      86 => 'nio',
      87 => 'nok',
      88 => 'npr',
      89 => 'nzd',
      90 => 'pab',
      91 => 'pen',
      92 => 'pgk',
      93 => 'php',
      94 => 'pkr',
      95 => 'pln',
      96 => 'pyg',
      97 => 'qar',
      98 => 'ron',
      99 => 'rsd',
      100 => 'rub',
      101 => 'rwf',
      102 => 'sar',
      103 => 'sbd',
      104 => 'scr',
      105 => 'sek',
      106 => 'sgd',
      107 => 'shp',
      108 => 'sle',
      109 => 'sos',
      110 => 'srd',
      111 => 'std',
      112 => 'szl',
      113 => 'thb',
      114 => 'tjs',
      115 => 'top',
      116 => 'try',
      117 => 'ttd',
      118 => 'twd',
      119 => 'tzs',
      120 => 'uah',
      121 => 'ugx',
      122 => 'uyu',
      123 => 'uzs',
      124 => 'vnd',
      125 => 'vuv',
      126 => 'wst',
      127 => 'xaf',
      128 => 'xcd',
      129 => 'xof',
      130 => 'xpf',
      131 => 'yer',
      132 => 'zar',
      133 => 'zmw',
    ),
  ),
  'country' => '(redacted)',
  'instant_deposits_eligible' => false,
  'card_present_eligible' => false,
  'has_card_readers_available' => false,
  'platform_checkout_eligible' => false,
  'platform_direct_checkout_eligible' => false,
  'business_profile' => 
  array (
    'name' => '(redacted)',
    'url' => 'https://masterlordsolutions.com/',
    'support_address' => 
    array (
    ),
    'support_email' => NULL,
    'support_phone' => NULL,
  ),
  'branding' => 
  array (
    'icon' => NULL,
    'logo' => NULL,
    'primary_color' => NULL,
    'secondary_color' => NULL,
  ),
  'locale' => 'en_US',
  'has_more_failed_events' => false,
  'has_submitted_vat_data' => false,
  'is_documents_enabled' => true,
  'card_testing_protection_eligible' => false,
  'progressive_onboarding' => 
  array (
    'is_enabled' => false,
    'is_complete' => false,
    'tpv' => NULL,
    'first_transaction_date' => NULL,
    'kyc_deadline_date' => NULL,
  ),
  'fraud_mitigation_settings' => 
  array (
    'avs_check_enabled' => false,
    'cvc_check_enabled' => true,
  ),
  'is_deferred_intent_creation_upe_enabled' => true,
  'pre_check_save_my_info' => false,
)
2024-07-07T09:19:13+00:00 INFO ENVIRONMENT: array (
  'WP_User' => 'masterlordsolutions.com',
  'HTTP_REFERER' => 'https://masterlordsolutions.com/wp-admin/post.php?post=3401&action=edit',
  'HTTP_USER_AGENT' => 'Mozilla/5.0 (Windows NT 10.0; Win64; x64) AppleWebKit/537.36 (KHTML, like Gecko) Chrome/125.0.0.0 Safari/537.36 OPR/111.0.0.0',
  'REQUEST_URI' => '/wp-admin/edit.php?post_type=custom-css-js',
  'DOING_AJAX' => false,
  'DOING_CRON' => false,
  'WP_CLI' => false,
)
2024-07-07T09:19:13+00:00 INFO REQUEST POST https://public-api.wordpress.com/wpcom/v2/sites/%s/wcpay/compatibility
2024-07-07T09:19:13+00:00 INFO HEADERS: array (
  'Content-Type' => 'application/json; charset=utf-8',
  'User-Agent' => 'WooCommerce Payments/7.6.0',
  'Idempotency-Key' => 'c558b01b-4744-464c-af0b-66788a591739',
)
2024-07-07T09:19:13+00:00 INFO BODY: array (
  'test_mode' => true,
  'compatibility_data' => 
  array (
    'woopayments_version' => '7.6.0',
    'woocommerce_version' => '8.8.5',
    'woocommerce_permalinks' => 
    array (
      'product_base' => 'product',
      'category_base' => 'product-category',
      'tag_base' => 'product-tag',
      'attribute_base' => '',
      'use_verbose_page_rules' => false,
    ),
    'woocommerce_shop' => 'https://masterlordsolutions.com/store/',
    'woocommerce_cart' => 'https://masterlordsolutions.com/cart/',
    'woocommerce_checkout' => 'https://masterlordsolutions.com/checkout/',
    'blog_theme' => 'astra-child',
    'active_plugins' => 
    array (
      0 => 'astra-sites/astra-sites.php',
      1 => 'code-snippets/code-snippets.php',
      2 => 'custom-css-js/custom-css-js.php',
      3 => 'duplicate-page/duplicatepage.php',
      4 => 'masterlord-solutions/masterlord-solutions.php',
      5 => 'membership-for-woocommerce/membership-for-woocommerce.php',
      6 => 'mwb-bookings-for-woocommerce/mwb-bookings-for-woocommerce.php',
      7 => 'subscriptions-for-woocommerce/subscriptions-for-woocommerce.php',
      8 => 'ultimate-addons-for-gutenberg/ultimate-addons-for-gutenberg.php',
      9 => 'variation-swatches-woo/variation-swatches-woo.php',
      10 => 'what-the-file/what-the-file.php',
      11 => 'woo-update-manager/woo-update-manager.php',
      12 => 'woocommerce-payments/woocommerce-payments.php',
      13 => 'woocommerce/woocommerce.php',
      14 => 'wp-file-manager/file_folder_manager.php',
    ),
    'post_types_count' => 
    array (
      'post' => 0,
      'page' => 8,
      'attachment' => 0,
      'product' => 9,
      'rent' => 0,
      'wps_cpt_members' => 3,
      'wps_cpt_membership' => 3,
    ),
  ),
)
2024-07-07T09:19:13+00:00 INFO RESPONSE: array (
  'result' => 'success',
)
2024-07-07T10:30:19+00:00 INFO Order price is 0 ( Payment Request button disabled )
2024-07-07T10:30:19+00:00 INFO Order price is 0 ( Payment Request button disabled )
2024-07-07T10:33:14+00:00 INFO Order price is 0 ( Payment Request button disabled )
2024-07-07T10:33:14+00:00 INFO Order price is 0 ( Payment Request button disabled )
2024-07-07T10:35:15+00:00 INFO Order price is 0 ( Payment Request button disabled )
2024-07-07T10:35:22+00:00 INFO Order price is 0 ( Payment Request button disabled )
2024-07-07T10:35:22+00:00 INFO Order price is 0 ( Payment Request button disabled )
2024-07-07T10:36:11+00:00 INFO Order price is 0 ( Payment Request button disabled )
2024-07-07T10:36:18+00:00 INFO Order price is 0 ( Payment Request button disabled )
2024-07-07T10:36:18+00:00 INFO Order price is 0 ( Payment Request button disabled )
2024-07-07T10:47:44+00:00 INFO Order price is 0 ( Payment Request button disabled )
2024-07-07T10:47:51+00:00 INFO Order price is 0 ( Payment Request button disabled )
2024-07-07T10:47:56+00:00 INFO Order price is 0 ( Payment Request button disabled )
2024-07-07T10:47:58+00:00 INFO Order price is 0 ( Payment Request button disabled )
2024-07-07T10:48:06+00:00 INFO Order price is 0 ( Payment Request button disabled )
2024-07-07T10:48:16+00:00 INFO Order price is 0 ( Payment Request button disabled )
2024-07-07T10:49:53+00:00 INFO Order price is 0 ( Payment Request button disabled )
2024-07-07T10:50:00+00:00 INFO Order price is 0 ( Payment Request button disabled )
2024-07-07T10:50:57+00:00 INFO Order price is 0 ( Payment Request button disabled )
2024-07-07T10:51:04+00:00 INFO Order price is 0 ( Payment Request button disabled )
2024-07-07T10:51:04+00:00 INFO Order price is 0 ( Payment Request button disabled )
2024-07-07T10:51:46+00:00 INFO Order price is 0 ( Payment Request button disabled )
2024-07-07T10:51:46+00:00 INFO Order price is 0 ( Payment Request button disabled )
2024-07-07T10:53:48+00:00 INFO Order price is 0 ( Payment Request button disabled )
2024-07-07T10:53:55+00:00 INFO Order price is 0 ( Payment Request button disabled )
2024-07-07T10:53:56+00:00 INFO Order price is 0 ( Payment Request button disabled )
2024-07-07T10:54:06+00:00 INFO Order price is 0 ( Payment Request button disabled )
2024-07-07T10:54:06+00:00 INFO Order price is 0 ( Payment Request button disabled )
2024-07-07T10:55:35+00:00 INFO Order price is 0 ( Payment Request button disabled )
2024-07-07T10:55:42+00:00 INFO Order price is 0 ( Payment Request button disabled )
2024-07-07T10:55:42+00:00 INFO Order price is 0 ( Payment Request button disabled )
2024-07-07T10:56:25+00:00 INFO Order price is 0 ( Payment Request button disabled )
2024-07-07T10:56:40+00:00 INFO Order price is 0 ( Payment Request button disabled )
2024-07-07T10:56:40+00:00 INFO Order price is 0 ( Payment Request button disabled )
2024-07-07T11:00:20+00:00 INFO ENVIRONMENT: array (
  'WP_User' => 'masterlordsolutions.com',
  'HTTP_REFERER' => 'https://masterlordsolutions.com/cart/',
  'HTTP_USER_AGENT' => 'Mozilla/5.0 (Windows NT 10.0; Win64; x64) AppleWebKit/537.36 (KHTML, like Gecko) Chrome/125.0.0.0 Safari/537.36 OPR/111.0.0.0',
  'REQUEST_URI' => '/cart/',
  'DOING_AJAX' => false,
  'DOING_CRON' => false,
  'WP_CLI' => false,
)
2024-07-07T11:00:20+00:00 INFO REQUEST GET https://public-api.wordpress.com/wpcom/v2/sites/%s/wcpay/currency/rates?test_mode=1&currency_from=eur
2024-07-07T11:00:20+00:00 INFO HEADERS: array (
  'Content-Type' => 'application/json; charset=utf-8',
  'User-Agent' => 'WooCommerce Payments/7.6.0',
)
2024-07-07T11:00:21+00:00 INFO RESPONSE: array (
  'AED' => 3.981715,
  'AFN' => 76.864912,
  'ALL' => 100.139161,
  'AMD' => 419.835371,
  'ANG' => 1.948743,
  'AOA' => 940.413357,
  'ARS' => 988.061498,
  'AUD' => 1.605881,
  'AWG' => 1.954,
  'AZN' => 1.842885,
  'BAM' => 1.953637,
  'BBD' => 2.1681,
  'BDT' => 127.049357,
  'BGN' => 1.958564,
  'BHD' => 0.408148,
  'BIF' => 3111.568898,
  'BMD' => 1.08405,
  'BND' => 1.459584,
  'BOB' => 7.471729,
  'BRL' => 5.91913,
  'BSD' => 1.08405,
  'BTC' => 1.9E-5,
  'BTN' => 90.309036,
  'BWP' => 14.671759,
  'BYN' => 3.538583,
  'BZD' => 2.179487,
  'CAD' => 1.480975,
  'CDF' => 3072.994493,
  'CHF' => 0.972345,
  'CLF' => 0.036631,
  'CLP' => 1010.761106,
  'CNH' => 7.907603,
  'CNY' => 7.879742,
  'COP' => 4425.401186,
  'CRC' => 567.97099,
  'CUC' => 1.08405,
  'CUP' => 27.914287,
  'CVE' => 110.143065,
  'CZK' => 25.138902,
  'DJF' => 192.516904,
  'DKK' => 7.459348,
  'DOP' => 63.959194,
  'DZD' => 145.372898,
  'EGP' => 51.966474,
  'ERN' => 16.26075,
  'ETB' => 62.447466,
  'EUR' => 1,
  'FJD' => 2.414396,
  'FKP' => 0.847212,
  'GBP' => 0.847212,
  'GEL' => 2.997398,
  'GGP' => 0.847212,
  'GHS' => 16.651567,
  'GIP' => 0.847212,
  'GMD' => 73.444386,
  'GNF' => 9310.553679,
  'GTQ' => 8.401699,
  'GYD' => 226.219506,
  'HKD' => 8.471254,
  'HNL' => 26.778357,
  'HRK' => 7.536099,
  'HTG' => 143.111604,
  'HUF' => 391.916215,
  'IDR' => 17617.763453,
  'ILS' => 4.02025,
  'IMP' => 0.847212,
  'INR' => 90.488091,
  'IQD' => 1416.433204,
  'IRR' => 45624.953501,
  'ISK' => 149.134858,
  'JEP' => 0.847212,
  'JMD' => 168.942966,
  'JOD' => 0.768375,
  'JPY' => 174.244773,
  'KES' => 137.898189,
  'KGS' => 93.119893,
  'KHR' => 4453.081158,
  'KMF' => 492.701016,
  'KPW' => 975.644981,
  'KRW' => 1493.343889,
  'KWD' => 0.331533,
  'KYD' => 0.901102,
  'KZT' => 517.457332,
  'LAK' => 23883.779109,
  'LBP' => 96833.166633,
  'LKR' => 329.525136,
  'LRD' => 210.197318,
  'LSL' => 19.704088,
  'LYD' => 5.26617,
  'MAD' => 10.671787,
  'MDL' => 19.246694,
  'MGA' => 4843.669275,
  'MKD' => 61.54687,
  'MMK' => 2388.530681,
  'MNT' => 3739.972428,
  'MOP' => 8.698671,
  'MUR' => 50.787746,
  'MVR' => 16.759413,
  'MWK' => 1874.925971,
  'MXN' => 19.633338,
  'MYR' => 5.106417,
  'MZN' => 69.281626,
  'NAD' => 19.704088,
  'NGN' => 1645.045844,
  'NIO' => 39.805934,
  'NOK' => 11.42735,
  'NPR' => 144.494061,
  'NZD' => 1.765842,
  'OMR' => 0.416869,
  'PAB' => 1.08405,
  'PEN' => 4.101959,
  'PGK' => 4.163391,
  'PHP' => 63.441855,
  'PKR' => 301.000882,
  'PLN' => 4.282278,
  'PYG' => 8147.950023,
  'QAR' => 3.946132,
  'RON' => 4.978391,
  'RSD' => 116.911786,
  'RUB' => 95.294516,
  'RWF' => 1425.51946,
  'SAR' => 4.066275,
  'SBD' => 9.14483,
  'SCR' => 15.341314,
  'SDG' => 651.514038,
  'SEK' => 11.209548,
  'SGD' => 1.463251,
  'SHP' => 0.847212,
  'SLL' => 22731.98604,
  'SOS' => 617.916188,
  'SRD' => 32.738851,
  'SSP' => 141.20835,
  'STD' => 24154.584828,
  'SVC' => 9.461526,
  'SYP' => 2723.708094,
  'SZL' => 19.697196,
  'THB' => 39.483293,
  'TJS' => 11.521046,
  'TMT' => 3.794175,
  'TND' => 3.376263,
  'TOP' => 2.55453,
  'TRY' => 35.363336,
  'TTD' => 7.320896,
  'TWD' => 35.132434,
  'TZS' => 2870.81847,
  'UAH' => 43.837373,
  'UGX' => 3999.577465,
  'USD' => 1.08405,
  'UYU' => 43.33399,
  'UZS' => 13607.317048,
  'VND' => 27552.42081,
  'VUV' => 128.700582,
  'WST' => 3.03534,
  'XAF' => 655.957,
  'XAG' => 0.034722,
  'XAU' => 0.000453,
  'XCD' => 2.929699,
  'XDR' => 0.821291,
  'XOF' => 655.957,
  'XPD' => 0.001057,
  'XPF' => 119.331742,
  'XPT' => 0.001055,
  'YER' => 271.419015,
  'ZAR' => 19.703833,
  'ZMW' => 26.518645,
  'ZWL' => 349.064093,
)
2024-07-07T11:00:21+00:00 INFO Order price is 0 ( Payment Request button disabled )
2024-07-07T11:00:29+00:00 INFO Order price is 0 ( Payment Request button disabled )
2024-07-07T11:00:30+00:00 INFO Order price is 0 ( Payment Request button disabled )
2024-07-07T11:03:59+00:00 INFO Order price is 0 ( Payment Request button disabled )
2024-07-07T11:04:06+00:00 INFO Order price is 0 ( Payment Request button disabled )
2024-07-07T11:04:06+00:00 INFO Order price is 0 ( Payment Request button disabled )
2024-07-07T11:06:04+00:00 INFO Order price is 0 ( Payment Request button disabled )
2024-07-07T11:06:04+00:00 INFO Order price is 0 ( Payment Request button disabled )
2024-07-07T11:11:50+00:00 INFO Order price is 0 ( Payment Request button disabled )
2024-07-07T11:11:50+00:00 INFO Order price is 0 ( Payment Request button disabled )
2024-07-07T11:12:37+00:00 INFO Order price is 0 ( Payment Request button disabled )
2024-07-07T11:12:43+00:00 INFO Order price is 0 ( Payment Request button disabled )
2024-07-07T11:12:44+00:00 INFO Order price is 0 ( Payment Request button disabled )
2024-07-07T11:13:22+00:00 INFO Order price is 0 ( Payment Request button disabled )
2024-07-07T11:14:32+00:00 INFO Order price is 0 ( Payment Request button disabled )
2024-07-07T11:14:42+00:00 INFO Order price is 0 ( Payment Request button disabled )
2024-07-07T11:14:57+00:00 INFO Order price is 0 ( Payment Request button disabled )
2024-07-07T11:20:17+00:00 INFO Order price is 0 ( Payment Request button disabled )
2024-07-07T11:20:18+00:00 INFO Order price is 0 ( Payment Request button disabled )
2024-07-07T11:21:31+00:00 INFO Order price is 0 ( Payment Request button disabled )
2024-07-07T11:22:18+00:00 INFO ENVIRONMENT: array (
  'WP_User' => 'masterlordsolutions.com',
  'HTTP_REFERER' => 'https://masterlordsolutions.com/wp-admin/post.php?post=1220&action=edit',
  'HTTP_USER_AGENT' => 'Mozilla/5.0 (Windows NT 10.0; Win64; x64) AppleWebKit/537.36 (KHTML, like Gecko) Chrome/125.0.0.0 Safari/537.36 OPR/111.0.0.0',
  'REQUEST_URI' => '/wp-admin/edit.php?post_type=page',
  'DOING_AJAX' => false,
  'DOING_CRON' => false,
  'WP_CLI' => false,
)
2024-07-07T11:22:18+00:00 INFO REQUEST GET https://public-api.wordpress.com/wpcom/v2/sites/%s/wcpay/accounts?test_mode=0
2024-07-07T11:22:18+00:00 INFO HEADERS: array (
  'Content-Type' => 'application/json; charset=utf-8',
  'User-Agent' => 'WooCommerce Payments/7.6.0',
)
2024-07-07T11:22:20+00:00 INFO RESPONSE: array (
  'account_id' => 'acct_1PJA0PFxlPKzr7zD',
  'email' => '(redacted)',
  'live_publishable_key' => 'pk_live_iBIpeqzKOOx2Y8PFCRBfyMU000Q7xVG4Sn',
  'test_publishable_key' => 'pk_test_51ETDmyFuiXB5oUVxwSobQMW5Tno1GclIq7ePZWzLeW4q8oa7Zb8hI5VfwI5sNT5nXuKYinLukNvGCXmsQXAoDGHG00MqHqlYHR',
  'is_live' => true,
  'created' => '2024-05-22 07:54:39',
  'has_pending_requirements' => false,
  'has_future_requirements' => true,
  'has_overdue_requirements' => false,
  'details_submitted' => true,
  'current_deadline' => NULL,
  'status' => 'enabled',
  'capabilities' => 
  array (
    'bancontact_payments' => 'active',
    'card_payments' => 'active',
    'eps_payments' => 'active',
    'giropay_payments' => 'active',
    'ideal_payments' => 'active',
    'p24_payments' => 'active',
    'transfers' => 'active',
    'bank_transfer_payments' => 'unrequested',
    'blik_payments' => 'unrequested',
    'cartes_bancaires_payments' => 'unrequested',
    'link_payments' => 'unrequested',
    'mobilepay_payments' => 'unrequested',
    'multibanco_payments' => 'unrequested',
    'sepa_bank_transfer_payments' => 'unrequested',
    'sepa_debit_payments' => 'unrequested',
    'sofort_payments' => 'unrequested',
    'twint_payments' => 'unrequested',
  ),
  'capability_requirements' => 
  array (
    'bancontact_payments' => 
    array (
    ),
    'bank_transfer_payments' => 
    array (
    ),
    'blik_payments' => 
    array (
    ),
    'card_payments' => 
    array (
    ),
    'cartes_bancaires_payments' => 
    array (
    ),
    'eps_payments' => 
    array (
    ),
    'giropay_payments' => 
    array (
    ),
    'ideal_payments' => 
    array (
    ),
    'link_payments' => 
    array (
    ),
    'mobilepay_payments' => 
    array (
    ),
    'multibanco_payments' => 
    array (
    ),
    'p24_payments' => 
    array (
    ),
    'sepa_bank_transfer_payments' => 
    array (
    ),
    'sepa_debit_payments' => 
    array (
    ),
    'sofort_payments' => 
    array (
    ),
    'transfers' => 
    array (
    ),
    'twint_payments' => 
    array (
    ),
  ),
  'payments_enabled' => true,
  'deposits' => 
  array (
    'status' => 'enabled',
    'restrictions' => 'deposits_unrestricted',
    'interval' => 'daily',
    'weekly_anchor' => '',
    'monthly_anchor' => NULL,
    'delay_days' => 3,
    'completed_waiting_period' => false,
    'minimum_manual_deposit_amounts' => 
    array (
      'aud' => 500,
      'bgn' => 100,
      'cad' => 500,
      'chf' => 500,
      'czk' => 3000,
      'dkk' => 5000,
      'eur' => 500,
      'gbp' => 500,
      'hkd' => 5000,
      'huf' => 36000,
      'nok' => 5000,
      'nzd' => 500,
      'jpy' => 50,
      'sek' => 5000,
      'sgd' => 500,
      'usd' => 500,
      'ron' => 500,
      'pln' => 500,
      'aed' => 200,
    ),
    'minimum_scheduled_deposit_amounts' => 
    array (
      'aed' => 200,
      'aud' => 0,
      'bgn' => 100,
      'cad' => 0,
      'chf' => 500,
      'czk' => 3000,
      'dkk' => 2000,
      'eur' => 100,
      'gbp' => 100,
      'hkd' => 0,
      'huf' => 36000,
      'jpy' => 1,
      'nok' => 2000,
      'nzd' => 0,
      'pln' => 500,
      'ron' => 500,
      'sek' => 2000,
      'sgd' => 100,
      'usd' => 0,
    ),
  ),
  'lifetime_total_payment_volume' => 0,
  'requirements' => 
  array (
    'errors' => 
    array (
    ),
  ),
  'statement_descriptor' => 'MASTERLORDSOLUTIONS',
  'statement_descriptor_kanji' => '',
  'statement_descriptor_kana' => '',
  'latest_tos_agreement' => 
  array (
    'date' => '2024-05-22 07:54:39',
    'source' => 'signup',
    'is_current_version' => true,
  ),
  'fees' => 
  array (
    'base' => 
    array (
      'percentage_rate' => 0.015,
      'fixed_rate' => 2000,
      'currency' => 'huf',
    ),
    'discount' => 
    array (
    ),
    'card' => 
    array (
      'base' => 
      array (
        'percentage_rate' => 0.015,
        'fixed_rate' => 2000,
        'currency' => 'huf',
      ),
      'additional' => 
      array (
        'percentage_rate' => 0.02,
        'fixed_rate' => 0,
        'currency' => 'huf',
      ),
      'fx' => 
      array (
        'percentage_rate' => 0.02,
        'fixed_rate' => 0,
        'currency' => 'huf',
      ),
      'discount' => 
      array (
      ),
    ),
    'bancontact' => 
    array (
      'base' => 
      array (
        'percentage_rate' => 0.014,
        'fixed_rate' => 8500,
        'currency' => 'huf',
      ),
      'additional' => 
      array (
        'percentage_rate' => 0,
        'fixed_rate' => 0,
        'currency' => 'huf',
      ),
      'fx' => 
      array (
        'percentage_rate' => 0,
        'fixed_rate' => 0,
        'currency' => 'huf',
      ),
      'discount' => 
      array (
      ),
    ),
    'eps' => 
    array (
      'base' => 
      array (
        'percentage_rate' => 0.018,
        'fixed_rate' => 8500,
        'currency' => 'huf',
      ),
      'additional' => 
      array (
        'percentage_rate' => 0,
        'fixed_rate' => 0,
        'currency' => 'huf',
      ),
      'fx' => 
      array (
        'percentage_rate' => 0,
        'fixed_rate' => 0,
        'currency' => 'huf',
      ),
      'discount' => 
      array (
      ),
    ),
    'ideal' => 
    array (
      'base' => 
      array (
        'percentage_rate' => 0,
        'fixed_rate' => 10500,
        'currency' => 'huf',
      ),
      'additional' => 
      array (
        'percentage_rate' => 0,
        'fixed_rate' => 0,
        'currency' => 'huf',
      ),
      'fx' => 
      array (
        'percentage_rate' => 0,
        'fixed_rate' => 0,
        'currency' => 'huf',
      ),
      'discount' => 
      array (
      ),
    ),
    'giropay' => 
    array (
      'base' => 
      array (
        'percentage_rate' => 0.014,
        'fixed_rate' => 8500,
        'currency' => 'huf',
      ),
      'additional' => 
      array (
        'percentage_rate' => 0,
        'fixed_rate' => 0,
        'currency' => 'huf',
      ),
      'fx' => 
      array (
        'percentage_rate' => 0,
        'fixed_rate' => 0,
        'currency' => 'huf',
      ),
      'discount' => 
      array (
      ),
    ),
    'p24' => 
    array (
      'base' => 
      array (
        'percentage_rate' => 0.022,
        'fixed_rate' => 8500,
        'currency' => 'huf',
      ),
      'additional' => 
      array (
        'percentage_rate' => 0,
        'fixed_rate' => 0,
        'currency' => 'huf',
      ),
      'fx' => 
      array (
        'percentage_rate' => 0,
        'fixed_rate' => 0,
        'currency' => 'huf',
      ),
      'discount' => 
      array (
      ),
    ),
  ),
  'capital' => 
  array (
    'has_active_loan' => false,
    'has_previous_loans' => false,
    'loans' => 
    array (
    ),
  ),
  'fraud_services' => 
  array (
    'stripe' => 
    array (
    ),
    'sift' => 
    array (
      'beacon_key' => 'affbdadb36',
      'sandbox_beacon_key' => '6ad0ad748b',
    ),
  ),
  'store_currencies' => 
  array (
    'default' => 'huf',
    'supported' => 
    array (
      0 => 'huf',
    ),
  ),
  'customer_currencies' => 
  array (
    'supported' => 
    array (
      0 => 'usd',
      1 => 'aed',
      2 => 'afn',
      3 => 'all',
      4 => 'amd',
      5 => 'ang',
      6 => 'aoa',
      7 => 'ars',
      8 => 'aud',
      9 => 'awg',
      10 => 'azn',
      11 => 'bam',
      12 => 'bbd',
      13 => 'bdt',
      14 => 'bgn',
      15 => 'bif',
      16 => 'bmd',
      17 => 'bnd',
      18 => 'bob',
      19 => 'brl',
      20 => 'bsd',
      21 => 'bwp',
      22 => 'byn',
      23 => 'bzd',
      24 => 'cad',
      25 => 'cdf',
      26 => 'chf',
      27 => 'clp',
      28 => 'cny',
      29 => 'cop',
      30 => 'crc',
      31 => 'cve',
      32 => 'czk',
      33 => 'djf',
      34 => 'dkk',
      35 => 'dop',
      36 => 'dzd',
      37 => 'egp',
      38 => 'etb',
      39 => 'eur',
      40 => 'fjd',
      41 => 'fkp',
      42 => 'gbp',
      43 => 'gel',
      44 => 'gip',
      45 => 'gmd',
      46 => 'gnf',
      47 => 'gtq',
      48 => 'gyd',
      49 => 'hkd',
      50 => 'hnl',
      51 => 'htg',
      52 => 'huf',
      53 => 'idr',
      54 => 'ils',
      55 => 'inr',
      56 => 'isk',
      57 => 'jmd',
      58 => 'jpy',
      59 => 'kes',
      60 => 'kgs',
      61 => 'khr',
      62 => 'kmf',
      63 => 'krw',
      64 => 'kyd',
      65 => 'kzt',
      66 => 'lak',
      67 => 'lbp',
      68 => 'lkr',
      69 => 'lrd',
      70 => 'lsl',
      71 => 'mad',
      72 => 'mdl',
      73 => 'mga',
      74 => 'mkd',
      75 => 'mmk',
      76 => 'mnt',
      77 => 'mop',
      78 => 'mur',
      79 => 'mvr',
      80 => 'mwk',
      81 => 'mxn',
      82 => 'myr',
      83 => 'mzn',
      84 => 'nad',
      85 => 'ngn',
      86 => 'nio',
      87 => 'nok',
      88 => 'npr',
      89 => 'nzd',
      90 => 'pab',
      91 => 'pen',
      92 => 'pgk',
      93 => 'php',
      94 => 'pkr',
      95 => 'pln',
      96 => 'pyg',
      97 => 'qar',
      98 => 'ron',
      99 => 'rsd',
      100 => 'rub',
      101 => 'rwf',
      102 => 'sar',
      103 => 'sbd',
      104 => 'scr',
      105 => 'sek',
      106 => 'sgd',
      107 => 'shp',
      108 => 'sle',
      109 => 'sos',
      110 => 'srd',
      111 => 'std',
      112 => 'szl',
      113 => 'thb',
      114 => 'tjs',
      115 => 'top',
      116 => 'try',
      117 => 'ttd',
      118 => 'twd',
      119 => 'tzs',
      120 => 'uah',
      121 => 'ugx',
      122 => 'uyu',
      123 => 'uzs',
      124 => 'vnd',
      125 => 'vuv',
      126 => 'wst',
      127 => 'xaf',
      128 => 'xcd',
      129 => 'xof',
      130 => 'xpf',
      131 => 'yer',
      132 => 'zar',
      133 => 'zmw',
    ),
  ),
  'country' => '(redacted)',
  'instant_deposits_eligible' => false,
  'card_present_eligible' => false,
  'has_card_readers_available' => false,
  'platform_checkout_eligible' => false,
  'platform_direct_checkout_eligible' => false,
  'business_profile' => 
  array (
    'name' => '(redacted)',
    'url' => 'https://masterlordsolutions.com/',
    'support_address' => 
    array (
    ),
    'support_email' => NULL,
    'support_phone' => NULL,
  ),
  'branding' => 
  array (
    'icon' => NULL,
    'logo' => NULL,
    'primary_color' => NULL,
    'secondary_color' => NULL,
  ),
  'locale' => 'en_US',
  'has_more_failed_events' => false,
  'has_submitted_vat_data' => false,
  'is_documents_enabled' => true,
  'card_testing_protection_eligible' => false,
  'progressive_onboarding' => 
  array (
    'is_enabled' => false,
    'is_complete' => false,
    'tpv' => NULL,
    'first_transaction_date' => NULL,
    'kyc_deadline_date' => NULL,
  ),
  'fraud_mitigation_settings' => 
  array (
    'avs_check_enabled' => false,
    'cvc_check_enabled' => true,
  ),
  'is_deferred_intent_creation_upe_enabled' => true,
  'pre_check_save_my_info' => false,
)
2024-07-07T11:22:20+00:00 INFO ENVIRONMENT: array (
  'WP_User' => 'masterlordsolutions.com',
  'HTTP_REFERER' => 'https://masterlordsolutions.com/wp-admin/post.php?post=1220&action=edit',
  'HTTP_USER_AGENT' => 'Mozilla/5.0 (Windows NT 10.0; Win64; x64) AppleWebKit/537.36 (KHTML, like Gecko) Chrome/125.0.0.0 Safari/537.36 OPR/111.0.0.0',
  'REQUEST_URI' => '/wp-admin/edit.php?post_type=page',
  'DOING_AJAX' => false,
  'DOING_CRON' => false,
  'WP_CLI' => false,
)
2024-07-07T11:22:20+00:00 INFO REQUEST POST https://public-api.wordpress.com/wpcom/v2/sites/%s/wcpay/compatibility
2024-07-07T11:22:20+00:00 INFO HEADERS: array (
  'Content-Type' => 'application/json; charset=utf-8',
  'User-Agent' => 'WooCommerce Payments/7.6.0',
  'Idempotency-Key' => '9e2e6734-50ca-4716-b00f-c662d9823f4b',
)
2024-07-07T11:22:20+00:00 INFO BODY: array (
  'test_mode' => true,
  'compatibility_data' => 
  array (
    'woopayments_version' => '7.6.0',
    'woocommerce_version' => '8.8.5',
    'woocommerce_permalinks' => 
    array (
      'product_base' => 'product',
      'category_base' => 'product-category',
      'tag_base' => 'product-tag',
      'attribute_base' => '',
      'use_verbose_page_rules' => false,
    ),
    'woocommerce_shop' => 'https://masterlordsolutions.com/store/',
    'woocommerce_cart' => 'https://masterlordsolutions.com/cart/',
    'woocommerce_checkout' => 'https://masterlordsolutions.com/checkout/',
    'blog_theme' => 'astra-child',
    'active_plugins' => 
    array (
      0 => 'astra-sites/astra-sites.php',
      1 => 'code-snippets/code-snippets.php',
      2 => 'custom-css-js/custom-css-js.php',
      3 => 'duplicate-page/duplicatepage.php',
      4 => 'masterlord-solutions/masterlord-solutions.php',
      5 => 'membership-for-woocommerce/membership-for-woocommerce.php',
      6 => 'mwb-bookings-for-woocommerce/mwb-bookings-for-woocommerce.php',
      7 => 'subscriptions-for-woocommerce/subscriptions-for-woocommerce.php',
      8 => 'ultimate-addons-for-gutenberg/ultimate-addons-for-gutenberg.php',
      9 => 'variation-swatches-woo/variation-swatches-woo.php',
      10 => 'what-the-file/what-the-file.php',
      11 => 'woo-update-manager/woo-update-manager.php',
      12 => 'woocommerce-payments/woocommerce-payments.php',
      13 => 'woocommerce/woocommerce.php',
      14 => 'wp-file-manager/file_folder_manager.php',
    ),
    'post_types_count' => 
    array (
      'post' => 0,
      'page' => 8,
      'attachment' => 0,
      'product' => 9,
      'rent' => 0,
      'wps_cpt_members' => 3,
      'wps_cpt_membership' => 3,
    ),
  ),
)
2024-07-07T11:22:20+00:00 INFO RESPONSE: array (
  'result' => 'success',
)
2024-07-07T11:22:37+00:00 INFO Order price is 0 ( Payment Request button disabled )
2024-07-07T11:22:38+00:00 INFO Order price is 0 ( Payment Request button disabled )
2024-07-07T11:24:42+00:00 INFO Order price is 0 ( Payment Request button disabled )
2024-07-07T11:25:16+00:00 INFO Order price is 0 ( Payment Request button disabled )
2024-07-07T11:26:02+00:00 INFO Order price is 0 ( Payment Request button disabled )
2024-07-07T11:26:08+00:00 INFO Order price is 0 ( Payment Request button disabled )
2024-07-07T11:26:34+00:00 INFO Order price is 0 ( Payment Request button disabled )
2024-07-07T11:26:40+00:00 INFO Order price is 0 ( Payment Request button disabled )
2024-07-07T11:26:41+00:00 INFO Order price is 0 ( Payment Request button disabled )
2024-07-07T11:28:01+00:00 INFO Order price is 0 ( Payment Request button disabled )
2024-07-07T11:28:08+00:00 INFO Order price is 0 ( Payment Request button disabled )
2024-07-07T11:28:08+00:00 INFO Order price is 0 ( Payment Request button disabled )
2024-07-07T11:28:23+00:00 INFO Order price is 0 ( Payment Request button disabled )
2024-07-07T11:28:24+00:00 INFO Order price is 0 ( Payment Request button disabled )
2024-07-07T11:29:53+00:00 INFO Order price is 0 ( Payment Request button disabled )
2024-07-07T11:30:00+00:00 INFO Order price is 0 ( Payment Request button disabled )
2024-07-07T11:30:07+00:00 INFO Order price is 0 ( Payment Request button disabled )
2024-07-07T11:30:31+00:00 INFO Order price is 0 ( Payment Request button disabled )
2024-07-07T11:30:40+00:00 INFO Order price is 0 ( Payment Request button disabled )
2024-07-07T11:30:40+00:00 INFO Order price is 0 ( Payment Request button disabled )
2024-07-07T11:31:53+00:00 INFO Order price is 0 ( Payment Request button disabled )
2024-07-07T11:31:59+00:00 INFO Order price is 0 ( Payment Request button disabled )
2024-07-07T11:31:59+00:00 INFO Order price is 0 ( Payment Request button disabled )
2024-07-07T11:33:05+00:00 INFO Order price is 0 ( Payment Request button disabled )
2024-07-07T11:33:14+00:00 INFO Order price is 0 ( Payment Request button disabled )
2024-07-07T11:33:15+00:00 INFO Order price is 0 ( Payment Request button disabled )
2024-07-07T11:33:29+00:00 INFO Order price is 0 ( Payment Request button disabled )
2024-07-07T11:33:29+00:00 INFO Order price is 0 ( Payment Request button disabled )
2024-07-07T11:35:23+00:00 INFO Order price is 0 ( Payment Request button disabled )
2024-07-07T11:35:24+00:00 INFO Order price is 0 ( Payment Request button disabled )
2024-07-07T11:36:48+00:00 INFO Order price is 0 ( Payment Request button disabled )
2024-07-07T11:36:48+00:00 INFO Order price is 0 ( Payment Request button disabled )
2024-07-07T11:37:47+00:00 INFO Order price is 0 ( Payment Request button disabled )
2024-07-07T11:37:59+00:00 INFO Order price is 0 ( Payment Request button disabled )
2024-07-07T11:38:00+00:00 INFO Order price is 0 ( Payment Request button disabled )
2024-07-07T11:38:21+00:00 INFO Order price is 0 ( Payment Request button disabled )
2024-07-07T11:38:30+00:00 INFO Order price is 0 ( Payment Request button disabled )
2024-07-07T11:38:31+00:00 INFO Order price is 0 ( Payment Request button disabled )
2024-07-07T11:38:43+00:00 INFO Order price is 0 ( Payment Request button disabled )
2024-07-07T11:39:00+00:00 INFO Order price is 0 ( Payment Request button disabled )
2024-07-07T11:39:01+00:00 INFO Order price is 0 ( Payment Request button disabled )
2024-07-07T11:40:15+00:00 INFO Order price is 0 ( Payment Request button disabled )
2024-07-07T11:40:17+00:00 INFO Order price is 0 ( Payment Request button disabled )
2024-07-07T11:40:31+00:00 INFO Order price is 0 ( Payment Request button disabled )
2024-07-07T11:40:44+00:00 INFO Order price is 0 ( Payment Request button disabled )
2024-07-07T11:40:45+00:00 INFO Order price is 0 ( Payment Request button disabled )
2024-07-07T11:43:19+00:00 INFO Order price is 0 ( Payment Request button disabled )
2024-07-07T12:20:36+00:00 INFO ENVIRONMENT: array (
  'WP_User' => 'Guest (non logged-in user)',
  'HTTP_REFERER' => '--',
  'HTTP_USER_AGENT' => 'WordPress/6.5.5; https://masterlordsolutions.com',
  'REQUEST_URI' => '/wp-cron.php?doing_wp_cron=1720354835.8767640590667724609375',
  'DOING_AJAX' => false,
  'DOING_CRON' => true,
  'WP_CLI' => false,
)
2024-07-07T12:20:36+00:00 INFO REQUEST GET https://public-api.wordpress.com/wpcom/v2/wcpay/woopay/compatibility?test_mode=1
2024-07-07T12:20:36+00:00 INFO HEADERS: array (
  'Content-Type' => 'application/json; charset=utf-8',
  'User-Agent' => 'WooCommerce Payments/7.6.0',
)
2024-07-07T12:20:36+00:00 INFO RESPONSE: array (
  'incompatible_extensions' => 
  array (
    0 => 'class-wcdonation',
    1 => 'woocommerce-table-rate-shipping',
    2 => 'woocommerce-memberships-for-teams',
    3 => 'woocommerce-checkout-add-ons',
    4 => 'woocommerce-checkout-field-editor',
    5 => 'woocommerce-eu-vat-number',
    6 => 'woocommerce-order-delivery',
    7 => 'woocommerce-pdf-product-vouchers',
    8 => 'woocommerce-shipping-local-pickup-plus',
    9 => 'woocommerce-shipping-multiple-addresses',
    10 => 'woocommerce-smart-coupons',
    11 => 'woocommerce-subscriptions-gifting',
    12 => 'advanced-product-fields-for-woocommerce',
  ),
  'adapted_extensions' => 
  array (
    0 => 'woocommerce-points-and-rewards',
    1 => 'woocommerce-gift-cards',
  ),
  'available_countries' => 
  array (
    0 => 'US',
  ),
)
2024-07-07T17:23:55+00:00 INFO ENVIRONMENT: array (
  'WP_User' => 'Guest (non logged-in user)',
  'HTTP_REFERER' => 'https://masterlordsolutions.com/wp-login.php?interim-login=1&wp_lang=en_US',
  'HTTP_USER_AGENT' => 'Mozilla/5.0 (Windows NT 10.0; Win64; x64) AppleWebKit/537.36 (KHTML, like Gecko) Chrome/126.0.0.0 Safari/537.36',
  'REQUEST_URI' => '/wp-login.php',
  'DOING_AJAX' => false,
  'DOING_CRON' => false,
  'WP_CLI' => false,
)
2024-07-07T17:23:55+00:00 INFO REQUEST GET https://public-api.wordpress.com/wpcom/v2/sites/%s/wcpay/disputes?test_mode=1&pagesize=50&search%5B0%5D=warning_needs_response&search%5B1%5D=needs_response
2024-07-07T17:23:55+00:00 INFO HEADERS: array (
  'Content-Type' => 'application/json; charset=utf-8',
  'User-Agent' => 'WooCommerce Payments/7.6.0',
)
2024-07-07T17:23:56+00:00 INFO RESPONSE: array (
  'data' => 
  array (
  ),
)
2024-07-07T17:23:56+00:00 INFO ENVIRONMENT: array (
  'WP_User' => 'Guest (non logged-in user)',
  'HTTP_REFERER' => 'https://masterlordsolutions.com/wp-login.php?interim-login=1&wp_lang=en_US',
  'HTTP_USER_AGENT' => 'Mozilla/5.0 (Windows NT 10.0; Win64; x64) AppleWebKit/537.36 (KHTML, like Gecko) Chrome/126.0.0.0 Safari/537.36',
  'REQUEST_URI' => '/wp-login.php',
  'DOING_AJAX' => false,
  'DOING_CRON' => false,
  'WP_CLI' => false,
)
2024-07-07T17:23:56+00:00 INFO REQUEST GET https://public-api.wordpress.com/wpcom/v2/sites/%s/wcpay/currency/rates?test_mode=1&currency_from=eur
2024-07-07T17:23:56+00:00 INFO HEADERS: array (
  'Content-Type' => 'application/json; charset=utf-8',
  'User-Agent' => 'WooCommerce Payments/7.6.0',
)
2024-07-07T17:23:56+00:00 INFO ENVIRONMENT: array (
  'WP_User' => 'Guest (non logged-in user)',
  'HTTP_REFERER' => 'https://masterlordsolutions.com/wp-login.php?interim-login=1&wp_lang=en_US',
  'HTTP_USER_AGENT' => 'Mozilla/5.0 (Windows NT 10.0; Win64; x64) AppleWebKit/537.36 (KHTML, like Gecko) Chrome/126.0.0.0 Safari/537.36',
  'REQUEST_URI' => '/wp-login.php',
  'DOING_AJAX' => false,
  'DOING_CRON' => false,
  'WP_CLI' => false,
)
2024-07-07T17:23:56+00:00 INFO REQUEST GET https://public-api.wordpress.com/wpcom/v2/sites/%s/wcpay/currency/rates?test_mode=1&currency_from=eur
2024-07-07T17:23:56+00:00 INFO HEADERS: array (
  'Content-Type' => 'application/json; charset=utf-8',
  'User-Agent' => 'WooCommerce Payments/7.6.0',
)
2024-07-07T17:23:56+00:00 INFO RESPONSE: array (
  'AED' => 3.981715,
  'AFN' => 76.864912,
  'ALL' => 100.139161,
  'AMD' => 419.835371,
  'ANG' => 1.948743,
  'AOA' => 940.413357,
  'ARS' => 988.061498,
  'AUD' => 1.605881,
  'AWG' => 1.954,
  'AZN' => 1.842885,
  'BAM' => 1.953637,
  'BBD' => 2.1681,
  'BDT' => 127.049357,
  'BGN' => 1.958564,
  'BHD' => 0.408148,
  'BIF' => 3111.568898,
  'BMD' => 1.08405,
  'BND' => 1.459584,
  'BOB' => 7.471729,
  'BRL' => 5.91913,
  'BSD' => 1.08405,
  'BTC' => 1.9E-5,
  'BTN' => 90.309036,
  'BWP' => 14.671759,
  'BYN' => 3.538583,
  'BZD' => 2.179487,
  'CAD' => 1.480975,
  'CDF' => 3072.994493,
  'CHF' => 0.972345,
  'CLF' => 0.036631,
  'CLP' => 1010.761106,
  'CNH' => 7.907603,
  'CNY' => 7.879742,
  'COP' => 4425.401186,
  'CRC' => 567.97099,
  'CUC' => 1.08405,
  'CUP' => 27.914287,
  'CVE' => 110.143065,
  'CZK' => 25.138902,
  'DJF' => 192.516904,
  'DKK' => 7.459348,
  'DOP' => 63.959194,
  'DZD' => 145.372898,
  'EGP' => 51.966474,
  'ERN' => 16.26075,
  'ETB' => 62.447466,
  'EUR' => 1,
  'FJD' => 2.414396,
  'FKP' => 0.847212,
  'GBP' => 0.847212,
  'GEL' => 2.997398,
  'GGP' => 0.847212,
  'GHS' => 16.651567,
  'GIP' => 0.847212,
  'GMD' => 73.444386,
  'GNF' => 9310.553679,
  'GTQ' => 8.401699,
  'GYD' => 226.219506,
  'HKD' => 8.471254,
  'HNL' => 26.778357,
  'HRK' => 7.536099,
  'HTG' => 143.111604,
  'HUF' => 391.916215,
  'IDR' => 17617.763453,
  'ILS' => 4.02025,
  'IMP' => 0.847212,
  'INR' => 90.488091,
  'IQD' => 1416.433204,
  'IRR' => 45624.953501,
  'ISK' => 149.134858,
  'JEP' => 0.847212,
  'JMD' => 168.942966,
  'JOD' => 0.768375,
  'JPY' => 174.244773,
  'KES' => 137.898189,
  'KGS' => 93.119893,
  'KHR' => 4453.081158,
  'KMF' => 492.701016,
  'KPW' => 975.644981,
  'KRW' => 1493.343889,
  'KWD' => 0.331533,
  'KYD' => 0.901102,
  'KZT' => 517.457332,
  'LAK' => 23883.779109,
  'LBP' => 96833.166633,
  'LKR' => 329.525136,
  'LRD' => 210.197318,
  'LSL' => 19.704088,
  'LYD' => 5.26617,
  'MAD' => 10.671787,
  'MDL' => 19.246694,
  'MGA' => 4843.669275,
  'MKD' => 61.54687,
  'MMK' => 2388.530681,
  'MNT' => 3739.972428,
  'MOP' => 8.698671,
  'MUR' => 50.787746,
  'MVR' => 16.759413,
  'MWK' => 1874.925971,
  'MXN' => 19.633338,
  'MYR' => 5.106417,
  'MZN' => 69.281626,
  'NAD' => 19.704088,
  'NGN' => 1645.045844,
  'NIO' => 39.805934,
  'NOK' => 11.42735,
  'NPR' => 144.494061,
  'NZD' => 1.765842,
  'OMR' => 0.416869,
  'PAB' => 1.08405,
  'PEN' => 4.101959,
  'PGK' => 4.163391,
  'PHP' => 63.441855,
  'PKR' => 301.000882,
  'PLN' => 4.282278,
  'PYG' => 8147.950023,
  'QAR' => 3.946132,
  'RON' => 4.978391,
  'RSD' => 116.911786,
  'RUB' => 95.294516,
  'RWF' => 1425.51946,
  'SAR' => 4.066275,
  'SBD' => 9.14483,
  'SCR' => 15.341314,
  'SDG' => 651.514038,
  'SEK' => 11.209548,
  'SGD' => 1.463251,
  'SHP' => 0.847212,
  'SLL' => 22731.98604,
  'SOS' => 617.916188,
  'SRD' => 32.738851,
  'SSP' => 141.20835,
  'STD' => 24154.584828,
  'SVC' => 9.461526,
  'SYP' => 2723.708094,
  'SZL' => 19.697196,
  'THB' => 39.483293,
  'TJS' => 11.521046,
  'TMT' => 3.794175,
  'TND' => 3.376263,
  'TOP' => 2.55453,
  'TRY' => 35.363336,
  'TTD' => 7.320896,
  'TWD' => 35.132434,
  'TZS' => 2870.81847,
  'UAH' => 43.837373,
  'UGX' => 3999.577465,
  'USD' => 1.08405,
  'UYU' => 43.33399,
  'UZS' => 13607.317048,
  'VND' => 27552.42081,
  'VUV' => 128.700582,
  'WST' => 3.03534,
  'XAF' => 655.957,
  'XAG' => 0.034722,
  'XAU' => 0.000453,
  'XCD' => 2.929699,
  'XDR' => 0.821291,
  'XOF' => 655.957,
  'XPD' => 0.001057,
  'XPF' => 119.331742,
  'XPT' => 0.001055,
  'YER' => 271.419015,
  'ZAR' => 19.703833,
  'ZMW' => 26.518645,
  'ZWL' => 349.064093,
)
2024-07-07T17:23:56+00:00 INFO RESPONSE: array (
  'AED' => 3.981715,
  'AFN' => 76.864912,
  'ALL' => 100.139161,
  'AMD' => 419.835371,
  'ANG' => 1.948743,
  'AOA' => 940.413357,
  'ARS' => 988.061498,
  'AUD' => 1.605881,
  'AWG' => 1.954,
  'AZN' => 1.842885,
  'BAM' => 1.953637,
  'BBD' => 2.1681,
  'BDT' => 127.049357,
  'BGN' => 1.958564,
  'BHD' => 0.408148,
  'BIF' => 3111.568898,
  'BMD' => 1.08405,
  'BND' => 1.459584,
  'BOB' => 7.471729,
  'BRL' => 5.91913,
  'BSD' => 1.08405,
  'BTC' => 1.9E-5,
  'BTN' => 90.309036,
  'BWP' => 14.671759,
  'BYN' => 3.538583,
  'BZD' => 2.179487,
  'CAD' => 1.480975,
  'CDF' => 3072.994493,
  'CHF' => 0.972345,
  'CLF' => 0.036631,
  'CLP' => 1010.761106,
  'CNH' => 7.907603,
  'CNY' => 7.879742,
  'COP' => 4425.401186,
  'CRC' => 567.97099,
  'CUC' => 1.08405,
  'CUP' => 27.914287,
  'CVE' => 110.143065,
  'CZK' => 25.138902,
  'DJF' => 192.516904,
  'DKK' => 7.459348,
  'DOP' => 63.959194,
  'DZD' => 145.372898,
  'EGP' => 51.966474,
  'ERN' => 16.26075,
  'ETB' => 62.447466,
  'EUR' => 1,
  'FJD' => 2.414396,
  'FKP' => 0.847212,
  'GBP' => 0.847212,
  'GEL' => 2.997398,
  'GGP' => 0.847212,
  'GHS' => 16.651567,
  'GIP' => 0.847212,
  'GMD' => 73.444386,
  'GNF' => 9310.553679,
  'GTQ' => 8.401699,
  'GYD' => 226.219506,
  'HKD' => 8.471254,
  'HNL' => 26.778357,
  'HRK' => 7.536099,
  'HTG' => 143.111604,
  'HUF' => 391.916215,
  'IDR' => 17617.763453,
  'ILS' => 4.02025,
  'IMP' => 0.847212,
  'INR' => 90.488091,
  'IQD' => 1416.433204,
  'IRR' => 45624.953501,
  'ISK' => 149.134858,
  'JEP' => 0.847212,
  'JMD' => 168.942966,
  'JOD' => 0.768375,
  'JPY' => 174.244773,
  'KES' => 137.898189,
  'KGS' => 93.119893,
  'KHR' => 4453.081158,
  'KMF' => 492.701016,
  'KPW' => 975.644981,
  'KRW' => 1493.343889,
  'KWD' => 0.331533,
  'KYD' => 0.901102,
  'KZT' => 517.457332,
  'LAK' => 23883.779109,
  'LBP' => 96833.166633,
  'LKR' => 329.525136,
  'LRD' => 210.197318,
  'LSL' => 19.704088,
  'LYD' => 5.26617,
  'MAD' => 10.671787,
  'MDL' => 19.246694,
  'MGA' => 4843.669275,
  'MKD' => 61.54687,
  'MMK' => 2388.530681,
  'MNT' => 3739.972428,
  'MOP' => 8.698671,
  'MUR' => 50.787746,
  'MVR' => 16.759413,
  'MWK' => 1874.925971,
  'MXN' => 19.633338,
  'MYR' => 5.106417,
  'MZN' => 69.281626,
  'NAD' => 19.704088,
  'NGN' => 1645.045844,
  'NIO' => 39.805934,
  'NOK' => 11.42735,
  'NPR' => 144.494061,
  'NZD' => 1.765842,
  'OMR' => 0.416869,
  'PAB' => 1.08405,
  'PEN' => 4.101959,
  'PGK' => 4.163391,
  'PHP' => 63.441855,
  'PKR' => 301.000882,
  'PLN' => 4.282278,
  'PYG' => 8147.950023,
  'QAR' => 3.946132,
  'RON' => 4.978391,
  'RSD' => 116.911786,
  'RUB' => 95.294516,
  'RWF' => 1425.51946,
  'SAR' => 4.066275,
  'SBD' => 9.14483,
  'SCR' => 15.341314,
  'SDG' => 651.514038,
  'SEK' => 11.209548,
  'SGD' => 1.463251,
  'SHP' => 0.847212,
  'SLL' => 22731.98604,
  'SOS' => 617.916188,
  'SRD' => 32.738851,
  'SSP' => 141.20835,
  'STD' => 24154.584828,
  'SVC' => 9.461526,
  'SYP' => 2723.708094,
  'SZL' => 19.697196,
  'THB' => 39.483293,
  'TJS' => 11.521046,
  'TMT' => 3.794175,
  'TND' => 3.376263,
  'TOP' => 2.55453,
  'TRY' => 35.363336,
  'TTD' => 7.320896,
  'TWD' => 35.132434,
  'TZS' => 2870.81847,
  'UAH' => 43.837373,
  'UGX' => 3999.577465,
  'USD' => 1.08405,
  'UYU' => 43.33399,
  'UZS' => 13607.317048,
  'VND' => 27552.42081,
  'VUV' => 128.700582,
  'WST' => 3.03534,
  'XAF' => 655.957,
  'XAG' => 0.034722,
  'XAU' => 0.000453,
  'XCD' => 2.929699,
  'XDR' => 0.821291,
  'XOF' => 655.957,
  'XPD' => 0.001057,
  'XPF' => 119.331742,
  'XPT' => 0.001055,
  'YER' => 271.419015,
  'ZAR' => 19.703833,
  'ZMW' => 26.518645,
  'ZWL' => 349.064093,
)
2024-07-07T18:10:35+00:00 INFO Order price is 0 ( Payment Request button disabled )
2024-07-07T18:10:53+00:00 INFO Order price is 0 ( Payment Request button disabled )
2024-07-07T18:10:54+00:00 INFO Order price is 0 ( Payment Request button disabled )
2024-07-07T23:45:04+00:00 INFO ENVIRONMENT: array (
  'WP_User' => 'Guest (non logged-in user)',
  'HTTP_REFERER' => '--',
  'HTTP_USER_AGENT' => '--',
  'REQUEST_URI' => '/',
  'DOING_AJAX' => false,
  'DOING_CRON' => false,
  'WP_CLI' => false,
)
2024-07-07T23:45:04+00:00 INFO REQUEST GET https://public-api.wordpress.com/wpcom/v2/sites/%s/wcpay/currency/rates?test_mode=1&currency_from=eur
2024-07-07T23:45:04+00:00 INFO HEADERS: array (
  'Content-Type' => 'application/json; charset=utf-8',
  'User-Agent' => 'WooCommerce Payments/7.6.0',
)
2024-07-07T23:45:04+00:00 INFO RESPONSE: array (
  'AED' => 3.968859,
  'AFN' => 76.800716,
  'ALL' => 100.161909,
  'AMD' => 419.93066,
  'ANG' => 1.949186,
  'AOA' => 938.731579,
  'ARS' => 989.202148,
  'AUD' => 1.604074,
  'AWG' => 1.947691,
  'AZN' => 1.836935,
  'BAM' => 1.954082,
  'BBD' => 2.1611,
  'BDT' => 127.078251,
  'BGN' => 1.952269,
  'BHD' => 0.407576,
  'BIF' => 3113.500396,
  'BMD' => 1.08055,
  'BND' => 1.459916,
  'BOB' => 7.473428,
  'BRL' => 5.913266,
  'BSD' => 1.08055,
  'BTC' => 1.9E-5,
  'BTN' => 90.329559,
  'BWP' => 14.675095,
  'BYN' => 3.539387,
  'BZD' => 2.179983,
  'CAD' => 1.47447,
  'CDF' => 3085.27865,
  'CHF' => 0.968379,
  'CLF' => 0.036639,
  'CLP' => 1010.856434,
  'CNH' => 7.878505,
  'CNY' => 7.854235,
  'COP' => 4430.409481,
  'CRC' => 568.100999,
  'CUC' => 1.08055,
  'CUP' => 27.824157,
  'CVE' => 110.168116,
  'CZK' => 25.141799,
  'DJF' => 192.560628,
  'DKK' => 7.459279,
  'DOP' => 63.973746,
  'DZD' => 145.283137,
  'EGP' => 52.025433,
  'ERN' => 16.208247,
  'ETB' => 62.428079,
  'EUR' => 1,
  'FJD' => 2.414337,
  'FKP' => 0.844371,
  'GBP' => 0.844371,
  'GEL' => 2.98772,
  'GGP' => 0.844371,
  'GHS' => 16.652376,
  'GIP' => 0.844371,
  'GMD' => 73.207247,
  'GNF' => 9308.766109,
  'GTQ' => 8.40361,
  'GYD' => 226.27104,
  'HKD' => 8.442389,
  'HNL' => 26.784446,
  'HRK' => 7.511766,
  'HTG' => 143.14414,
  'HUF' => 392.747157,
  'IDR' => 17561.075281,
  'ILS' => 3.994071,
  'IMP' => 0.844371,
  'INR' => 90.198885,
  'IQD' => 1416.754626,
  'IRR' => 45477.638653,
  'ISK' => 149.174759,
  'JEP' => 0.844371,
  'JMD' => 168.981387,
  'JOD' => 0.765894,
  'JPY' => 173.697986,
  'KES' => 137.834082,
  'KGS' => 92.819226,
  'KHR' => 4454.07855,
  'KMF' => 491.110172,
  'KPW' => 972.494797,
  'KRW' => 1488.508703,
  'KWD' => 0.330877,
  'KYD' => 0.901307,
  'KZT' => 517.574473,
  'LAK' => 23890.048457,
  'LBP' => 96859.304333,
  'LKR' => 329.60013,
  'LRD' => 210.360263,
  'LSL' => 19.708568,
  'LYD' => 5.264189,
  'MAD' => 10.674213,
  'MDL' => 19.187289,
  'MGA' => 4844.732985,
  'MKD' => 61.47594,
  'MMK' => 2397.421188,
  'MNT' => 3727.896724,
  'MOP' => 8.700649,
  'MUR' => 50.623759,
  'MVR' => 16.7053,
  'MWK' => 1875.347613,
  'MXN' => 19.563266,
  'MYR' => 5.08993,
  'MZN' => 69.057928,
  'NAD' => 19.708568,
  'NGN' => 1639.734283,
  'NIO' => 39.804836,
  'NOK' => 11.426672,
  'NPR' => 144.526892,
  'NZD' => 1.760284,
  'OMR' => 0.416767,
  'PAB' => 1.08055,
  'PEN' => 4.102892,
  'PGK' => 4.164338,
  'PHP' => 63.240615,
  'PKR' => 301.052889,
  'PLN' => 4.28871,
  'PYG' => 8149.804827,
  'QAR' => 3.939121,
  'RON' => 4.96562,
  'RSD' => 116.938349,
  'RUB' => 95.404396,
  'RWF' => 1424.104558,
  'SAR' => 4.05749,
  'SBD' => 9.115303,
  'SCR' => 15.131069,
  'SDG' => 649.410415,
  'SEK' => 11.368129,
  'SGD' => 1.458425,
  'SHP' => 0.844371,
  'SLL' => 22658.588506,
  'SOS' => 618.056216,
  'SRD' => 32.633143,
  'SSP' => 140.752414,
  'STD' => 24076.593975,
  'SVC' => 9.463678,
  'SYP' => 2714.913726,
  'SZL' => 19.701675,
  'THB' => 39.588824,
  'TJS' => 11.523666,
  'TMT' => 3.781924,
  'TND' => 3.381381,
  'TOP' => 2.546282,
  'TRY' => 35.315552,
  'TTD' => 7.322561,
  'TWD' => 35.017656,
  'TZS' => 2871.470186,
  'UAH' => 43.847343,
  'UGX' => 4000.475379,
  'USD' => 1.08055,
  'UYU' => 43.432628,
  'UZS' => 13616.35557,
  'VND' => 27463.551538,
  'VUV' => 128.28503,
  'WST' => 3.025539,
  'XAF' => 655.957,
  'XAG' => 0.034613,
  'XAU' => 0.000452,
  'XCD' => 2.92024,
  'XDR' => 0.821478,
  'XOF' => 655.957,
  'XPD' => 0.001053,
  'XPF' => 119.331742,
  'XPT' => 0.001051,
  'YER' => 270.542651,
  'ZAR' => 19.671425,
  'ZMW' => 26.524675,
  'ZWL' => 347.937028,
)
