2024-07-08T05:45:22+00:00 INFO ENVIRONMENT: array (
  'WP_User' => 'Guest (non logged-in user)',
  'HTTP_REFERER' => '--',
  'HTTP_USER_AGENT' => 'Mozilla/4.074482891 Mozilla/4.0 (compatible; MSIE 8.0; Windows NT 6.1; Trident/4.0',
  'REQUEST_URI' => '/sites/favicon.ico',
  'DOING_AJAX' => false,
  'DOING_CRON' => false,
  'WP_CLI' => false,
)
2024-07-08T05:45:22+00:00 INFO REQUEST GET https://public-api.wordpress.com/wpcom/v2/sites/%s/wcpay/currency/rates?test_mode=1&currency_from=eur
2024-07-08T05:45:22+00:00 INFO HEADERS: array (
  'Content-Type' => 'application/json; charset=utf-8',
  'User-Agent' => 'WooCommerce Payments/7.6.0',
)
2024-07-08T05:45:22+00:00 INFO RESPONSE: array (
  'AED' => 3.97639,
  'AFN' => 76.974886,
  'ALL' => 100.282416,
  'AMD' => 420.470665,
  'ANG' => 1.951531,
  'AOA' => 940.512719,
  'ARS' => 989.155687,
  'AUD' => 1.604005,
  'AWG' => 1.951386,
  'AZN' => 1.84042,
  'BAM' => 1.956595,
  'BBD' => 2.1652,
  'BDT' => 127.241718,
  'BGN' => 1.951024,
  'BHD' => 0.408132,
  'BIF' => 3116.241385,
  'BMD' => 1.0826,
  'BND' => 1.461787,
  'BOB' => 7.483041,
  'BRL' => 5.92769,
  'BSD' => 1.0826,
  'BTC' => 2.0E-5,
  'BTN' => 90.445757,
  'BWP' => 14.69275,
  'BYN' => 3.543645,
  'BZD' => 2.182606,
  'CAD' => 1.476574,
  'CDF' => 3077.388111,
  'CHF' => 0.969186,
  'CLF' => 0.036709,
  'CLP' => 1011.775701,
  'CNH' => 7.887064,
  'CNY' => 7.86942,
  'COP' => 4430.277167,
  'CRC' => 568.78371,
  'CUC' => 1.0826,
  'CUP' => 27.87695,
  'CVE' => 110.309861,
  'CZK' => 25.14176,
  'DJF' => 192.792352,
  'DKK' => 7.459227,
  'DOP' => 64.050711,
  'DZD' => 145.467866,
  'EGP' => 52.024,
  'ERN' => 16.239,
  'ETB' => 62.536816,
  'EUR' => 1,
  'FJD' => 2.411167,
  'FKP' => 0.845167,
  'GBP' => 0.845167,
  'GEL' => 2.993389,
  'GGP' => 0.845167,
  'GHS' => 16.676777,
  'GIP' => 0.845167,
  'GMD' => 73.34615,
  'GNF' => 9323.997914,
  'GTQ' => 8.41442,
  'GYD' => 226.562103,
  'HKD' => 8.457104,
  'HNL' => 26.81667,
  'HRK' => 7.534173,
  'HTG' => 143.32758,
  'HUF' => 393.124538,
  'IDR' => 17616.106002,
  'ILS' => 3.999206,
  'IMP' => 0.845167,
  'INR' => 90.352543,
  'IQD' => 1418.577475,
  'IRR' => 45563.927496,
  'ISK' => 149.301366,
  'JEP' => 0.845167,
  'JMD' => 169.18468,
  'JOD' => 0.767347,
  'JPY' => 173.623444,
  'KES' => 138.074804,
  'KGS' => 92.99534,
  'KHR' => 4459.783212,
  'KMF' => 492.042,
  'KPW' => 974.34,
  'KRW' => 1491.884604,
  'KWD' => 0.331433,
  'KYD' => 0.902467,
  'KZT' => 518.240759,
  'LAK' => 23919.150166,
  'LBP' => 96967.597924,
  'LKR' => 329.996602,
  'LRD' => 210.498054,
  'LSL' => 19.73228,
  'LYD' => 5.273705,
  'MAD' => 10.687944,
  'MDL' => 19.274232,
  'MGA' => 4850.558924,
  'MKD' => 61.640057,
  'MMK' => 2385.335885,
  'MNT' => 3734.97,
  'MOP' => 8.711841,
  'MUR' => 50.719813,
  'MVR' => 16.736996,
  'MWK' => 1877.603096,
  'MXN' => 19.574882,
  'MYR' => 5.099587,
  'MZN' => 69.188958,
  'NAD' => 19.73228,
  'NGN' => 1642.8455,
  'NIO' => 39.865464,
  'NOK' => 11.43381,
  'NPR' => 144.700775,
  'NZD' => 1.761951,
  'OMR' => 0.416769,
  'PAB' => 1.0826,
  'PEN' => 4.10817,
  'PGK' => 4.169348,
  'PHP' => 63.376757,
  'PKR' => 301.43149,
  'PLN' => 4.287024,
  'PYG' => 8159.51992,
  'QAR' => 3.952107,
  'RON' => 4.975846,
  'RSD' => 117.0888,
  'RUB' => 95.397356,
  'RWF' => 1427.56139,
  'SAR' => 4.06087,
  'SBD' => 9.132598,
  'SCR' => 15.346956,
  'SDG' => 650.6426,
  'SEK' => 11.36604,
  'SGD' => 1.459875,
  'SHP' => 0.845167,
  'SLL' => 22701.580698,
  'SOS' => 618.800143,
  'SRD' => 32.695061,
  'SSP' => 141.019476,
  'STD' => 24122.276678,
  'SVC' => 9.475851,
  'SYP' => 2720.064978,
  'SZL' => 19.725376,
  'THB' => 39.429916,
  'TJS' => 11.538489,
  'TMT' => 3.7891,
  'TND' => 3.381374,
  'TOP' => 2.551113,
  'TRY' => 35.373954,
  'TTD' => 7.33137,
  'TWD' => 35.09911,
  'TZS' => 2874.926844,
  'UAH' => 43.90009,
  'UGX' => 4005.619169,
  'USD' => 1.0826,
  'UYU' => 43.647739,
  'UZS' => 13627.333473,
  'VND' => 27508.576226,
  'VUV' => 128.528437,
  'WST' => 3.03128,
  'XAF' => 655.957,
  'XAG' => 0.034866,
  'XAU' => 0.000454,
  'XCD' => 2.925781,
  'XDR' => 0.822466,
  'XOF' => 655.957,
  'XPD' => 0.001078,
  'XPF' => 119.331742,
  'XPT' => 0.001059,
  'YER' => 271.055976,
  'ZAR' => 19.65352,
  'ZMW' => 26.556585,
  'ZWL' => 348.5972,
)
2024-07-08T07:45:57+00:00 INFO Order price is 0 ( Payment Request button disabled )
2024-07-08T12:12:16+00:00 INFO ENVIRONMENT: array (
  'WP_User' => 'Guest (non logged-in user)',
  'HTTP_REFERER' => '--',
  'HTTP_USER_AGENT' => 'Mozilla/5.0 (Windows NT 5.1) AppleWebKit/537.36 (KHTML, like Gecko) Chrome/49.0.2623.112 Safari/537.36',
  'REQUEST_URI' => '/',
  'DOING_AJAX' => false,
  'DOING_CRON' => false,
  'WP_CLI' => false,
)
2024-07-08T12:12:16+00:00 INFO REQUEST GET https://public-api.wordpress.com/wpcom/v2/sites/%s/wcpay/accounts?test_mode=0
2024-07-08T12:12:16+00:00 INFO HEADERS: array (
  'Content-Type' => 'application/json; charset=utf-8',
  'User-Agent' => 'WooCommerce Payments/7.6.0',
)
2024-07-08T12:12:19+00:00 INFO RESPONSE: array (
  'account_id' => 'acct_1PJA0PFxlPKzr7zD',
  'email' => '(redacted)',
  'live_publishable_key' => 'pk_live_iBIpeqzKOOx2Y8PFCRBfyMU000Q7xVG4Sn',
  'test_publishable_key' => 'pk_test_51ETDmyFuiXB5oUVxwSobQMW5Tno1GclIq7ePZWzLeW4q8oa7Zb8hI5VfwI5sNT5nXuKYinLukNvGCXmsQXAoDGHG00MqHqlYHR',
  'is_live' => true,
  'created' => '2024-05-22 07:54:39',
  'has_pending_requirements' => false,
  'has_future_requirements' => true,
  'has_overdue_requirements' => false,
  'details_submitted' => true,
  'current_deadline' => NULL,
  'status' => 'enabled',
  'capabilities' => 
  array (
    'bancontact_payments' => 'active',
    'card_payments' => 'active',
    'eps_payments' => 'active',
    'giropay_payments' => 'active',
    'ideal_payments' => 'active',
    'p24_payments' => 'active',
    'transfers' => 'active',
    'bank_transfer_payments' => 'unrequested',
    'blik_payments' => 'unrequested',
    'cartes_bancaires_payments' => 'unrequested',
    'link_payments' => 'unrequested',
    'mobilepay_payments' => 'unrequested',
    'multibanco_payments' => 'unrequested',
    'sepa_bank_transfer_payments' => 'unrequested',
    'sepa_debit_payments' => 'unrequested',
    'sofort_payments' => 'unrequested',
    'twint_payments' => 'unrequested',
  ),
  'capability_requirements' => 
  array (
    'bancontact_payments' => 
    array (
    ),
    'bank_transfer_payments' => 
    array (
    ),
    'blik_payments' => 
    array (
    ),
    'card_payments' => 
    array (
    ),
    'cartes_bancaires_payments' => 
    array (
    ),
    'eps_payments' => 
    array (
    ),
    'giropay_payments' => 
    array (
    ),
    'ideal_payments' => 
    array (
    ),
    'link_payments' => 
    array (
    ),
    'mobilepay_payments' => 
    array (
    ),
    'multibanco_payments' => 
    array (
    ),
    'p24_payments' => 
    array (
    ),
    'sepa_bank_transfer_payments' => 
    array (
    ),
    'sepa_debit_payments' => 
    array (
    ),
    'sofort_payments' => 
    array (
    ),
    'transfers' => 
    array (
    ),
    'twint_payments' => 
    array (
    ),
  ),
  'payments_enabled' => true,
  'deposits' => 
  array (
    'status' => 'enabled',
    'restrictions' => 'deposits_unrestricted',
    'interval' => 'daily',
    'weekly_anchor' => '',
    'monthly_anchor' => NULL,
    'delay_days' => 3,
    'completed_waiting_period' => false,
    'minimum_manual_deposit_amounts' => 
    array (
      'aud' => 500,
      'bgn' => 100,
      'cad' => 500,
      'chf' => 500,
      'czk' => 3000,
      'dkk' => 5000,
      'eur' => 500,
      'gbp' => 500,
      'hkd' => 5000,
      'huf' => 36000,
      'nok' => 5000,
      'nzd' => 500,
      'jpy' => 50,
      'sek' => 5000,
      'sgd' => 500,
      'usd' => 500,
      'ron' => 500,
      'pln' => 500,
      'aed' => 200,
    ),
    'minimum_scheduled_deposit_amounts' => 
    array (
      'aed' => 200,
      'aud' => 0,
      'bgn' => 100,
      'cad' => 0,
      'chf' => 500,
      'czk' => 3000,
      'dkk' => 2000,
      'eur' => 100,
      'gbp' => 100,
      'hkd' => 0,
      'huf' => 36000,
      'jpy' => 1,
      'nok' => 2000,
      'nzd' => 0,
      'pln' => 500,
      'ron' => 500,
      'sek' => 2000,
      'sgd' => 100,
      'usd' => 0,
    ),
  ),
  'lifetime_total_payment_volume' => 0,
  'requirements' => 
  array (
    'errors' => 
    array (
    ),
  ),
  'statement_descriptor' => 'MASTERLORDSOLUTIONS',
  'statement_descriptor_kanji' => '',
  'statement_descriptor_kana' => '',
  'latest_tos_agreement' => 
  array (
    'date' => '2024-05-22 07:54:39',
    'source' => 'signup',
    'is_current_version' => true,
  ),
  'fees' => 
  array (
    'base' => 
    array (
      'percentage_rate' => 0.015,
      'fixed_rate' => 2000,
      'currency' => 'huf',
    ),
    'discount' => 
    array (
    ),
    'card' => 
    array (
      'base' => 
      array (
        'percentage_rate' => 0.015,
        'fixed_rate' => 2000,
        'currency' => 'huf',
      ),
      'additional' => 
      array (
        'percentage_rate' => 0.02,
        'fixed_rate' => 0,
        'currency' => 'huf',
      ),
      'fx' => 
      array (
        'percentage_rate' => 0.02,
        'fixed_rate' => 0,
        'currency' => 'huf',
      ),
      'discount' => 
      array (
      ),
    ),
    'bancontact' => 
    array (
      'base' => 
      array (
        'percentage_rate' => 0.014,
        'fixed_rate' => 8500,
        'currency' => 'huf',
      ),
      'additional' => 
      array (
        'percentage_rate' => 0,
        'fixed_rate' => 0,
        'currency' => 'huf',
      ),
      'fx' => 
      array (
        'percentage_rate' => 0,
        'fixed_rate' => 0,
        'currency' => 'huf',
      ),
      'discount' => 
      array (
      ),
    ),
    'eps' => 
    array (
      'base' => 
      array (
        'percentage_rate' => 0.018,
        'fixed_rate' => 8500,
        'currency' => 'huf',
      ),
      'additional' => 
      array (
        'percentage_rate' => 0,
        'fixed_rate' => 0,
        'currency' => 'huf',
      ),
      'fx' => 
      array (
        'percentage_rate' => 0,
        'fixed_rate' => 0,
        'currency' => 'huf',
      ),
      'discount' => 
      array (
      ),
    ),
    'ideal' => 
    array (
      'base' => 
      array (
        'percentage_rate' => 0,
        'fixed_rate' => 10500,
        'currency' => 'huf',
      ),
      'additional' => 
      array (
        'percentage_rate' => 0,
        'fixed_rate' => 0,
        'currency' => 'huf',
      ),
      'fx' => 
      array (
        'percentage_rate' => 0,
        'fixed_rate' => 0,
        'currency' => 'huf',
      ),
      'discount' => 
      array (
      ),
    ),
    'giropay' => 
    array (
      'base' => 
      array (
        'percentage_rate' => 0.014,
        'fixed_rate' => 8500,
        'currency' => 'huf',
      ),
      'additional' => 
      array (
        'percentage_rate' => 0,
        'fixed_rate' => 0,
        'currency' => 'huf',
      ),
      'fx' => 
      array (
        'percentage_rate' => 0,
        'fixed_rate' => 0,
        'currency' => 'huf',
      ),
      'discount' => 
      array (
      ),
    ),
    'p24' => 
    array (
      'base' => 
      array (
        'percentage_rate' => 0.022,
        'fixed_rate' => 8500,
        'currency' => 'huf',
      ),
      'additional' => 
      array (
        'percentage_rate' => 0,
        'fixed_rate' => 0,
        'currency' => 'huf',
      ),
      'fx' => 
      array (
        'percentage_rate' => 0,
        'fixed_rate' => 0,
        'currency' => 'huf',
      ),
      'discount' => 
      array (
      ),
    ),
  ),
  'capital' => 
  array (
    'has_active_loan' => false,
    'has_previous_loans' => false,
    'loans' => 
    array (
    ),
  ),
  'fraud_services' => 
  array (
    'stripe' => 
    array (
    ),
    'sift' => 
    array (
      'beacon_key' => 'affbdadb36',
      'sandbox_beacon_key' => '6ad0ad748b',
    ),
  ),
  'store_currencies' => 
  array (
    'default' => 'huf',
    'supported' => 
    array (
      0 => 'huf',
    ),
  ),
  'customer_currencies' => 
  array (
    'supported' => 
    array (
      0 => 'usd',
      1 => 'aed',
      2 => 'afn',
      3 => 'all',
      4 => 'amd',
      5 => 'ang',
      6 => 'aoa',
      7 => 'ars',
      8 => 'aud',
      9 => 'awg',
      10 => 'azn',
      11 => 'bam',
      12 => 'bbd',
      13 => 'bdt',
      14 => 'bgn',
      15 => 'bif',
      16 => 'bmd',
      17 => 'bnd',
      18 => 'bob',
      19 => 'brl',
      20 => 'bsd',
      21 => 'bwp',
      22 => 'byn',
      23 => 'bzd',
      24 => 'cad',
      25 => 'cdf',
      26 => 'chf',
      27 => 'clp',
      28 => 'cny',
      29 => 'cop',
      30 => 'crc',
      31 => 'cve',
      32 => 'czk',
      33 => 'djf',
      34 => 'dkk',
      35 => 'dop',
      36 => 'dzd',
      37 => 'egp',
      38 => 'etb',
      39 => 'eur',
      40 => 'fjd',
      41 => 'fkp',
      42 => 'gbp',
      43 => 'gel',
      44 => 'gip',
      45 => 'gmd',
      46 => 'gnf',
      47 => 'gtq',
      48 => 'gyd',
      49 => 'hkd',
      50 => 'hnl',
      51 => 'htg',
      52 => 'huf',
      53 => 'idr',
      54 => 'ils',
      55 => 'inr',
      56 => 'isk',
      57 => 'jmd',
      58 => 'jpy',
      59 => 'kes',
      60 => 'kgs',
      61 => 'khr',
      62 => 'kmf',
      63 => 'krw',
      64 => 'kyd',
      65 => 'kzt',
      66 => 'lak',
      67 => 'lbp',
      68 => 'lkr',
      69 => 'lrd',
      70 => 'lsl',
      71 => 'mad',
      72 => 'mdl',
      73 => 'mga',
      74 => 'mkd',
      75 => 'mmk',
      76 => 'mnt',
      77 => 'mop',
      78 => 'mur',
      79 => 'mvr',
      80 => 'mwk',
      81 => 'mxn',
      82 => 'myr',
      83 => 'mzn',
      84 => 'nad',
      85 => 'ngn',
      86 => 'nio',
      87 => 'nok',
      88 => 'npr',
      89 => 'nzd',
      90 => 'pab',
      91 => 'pen',
      92 => 'pgk',
      93 => 'php',
      94 => 'pkr',
      95 => 'pln',
      96 => 'pyg',
      97 => 'qar',
      98 => 'ron',
      99 => 'rsd',
      100 => 'rub',
      101 => 'rwf',
      102 => 'sar',
      103 => 'sbd',
      104 => 'scr',
      105 => 'sek',
      106 => 'sgd',
      107 => 'shp',
      108 => 'sle',
      109 => 'sos',
      110 => 'srd',
      111 => 'std',
      112 => 'szl',
      113 => 'thb',
      114 => 'tjs',
      115 => 'top',
      116 => 'try',
      117 => 'ttd',
      118 => 'twd',
      119 => 'tzs',
      120 => 'uah',
      121 => 'ugx',
      122 => 'uyu',
      123 => 'uzs',
      124 => 'vnd',
      125 => 'vuv',
      126 => 'wst',
      127 => 'xaf',
      128 => 'xcd',
      129 => 'xof',
      130 => 'xpf',
      131 => 'yer',
      132 => 'zar',
      133 => 'zmw',
    ),
  ),
  'country' => '(redacted)',
  'instant_deposits_eligible' => false,
  'card_present_eligible' => false,
  'has_card_readers_available' => false,
  'platform_checkout_eligible' => false,
  'platform_direct_checkout_eligible' => false,
  'business_profile' => 
  array (
    'name' => '(redacted)',
    'url' => 'https://masterlordsolutions.com/',
    'support_address' => 
    array (
    ),
    'support_email' => NULL,
    'support_phone' => NULL,
  ),
  'branding' => 
  array (
    'icon' => NULL,
    'logo' => NULL,
    'primary_color' => NULL,
    'secondary_color' => NULL,
  ),
  'locale' => 'en_US',
  'has_more_failed_events' => false,
  'has_submitted_vat_data' => false,
  'is_documents_enabled' => true,
  'card_testing_protection_eligible' => false,
  'progressive_onboarding' => 
  array (
    'is_enabled' => false,
    'is_complete' => false,
    'tpv' => NULL,
    'first_transaction_date' => NULL,
    'kyc_deadline_date' => NULL,
  ),
  'fraud_mitigation_settings' => 
  array (
    'avs_check_enabled' => false,
    'cvc_check_enabled' => true,
  ),
  'is_deferred_intent_creation_upe_enabled' => true,
  'pre_check_save_my_info' => false,
)
2024-07-08T12:12:19+00:00 INFO ENVIRONMENT: array (
  'WP_User' => 'Guest (non logged-in user)',
  'HTTP_REFERER' => '--',
  'HTTP_USER_AGENT' => 'Mozilla/5.0 (Windows NT 5.1) AppleWebKit/537.36 (KHTML, like Gecko) Chrome/49.0.2623.112 Safari/537.36',
  'REQUEST_URI' => '/',
  'DOING_AJAX' => false,
  'DOING_CRON' => false,
  'WP_CLI' => false,
)
2024-07-08T12:12:19+00:00 INFO REQUEST POST https://public-api.wordpress.com/wpcom/v2/sites/%s/wcpay/compatibility
2024-07-08T12:12:19+00:00 INFO HEADERS: array (
  'Content-Type' => 'application/json; charset=utf-8',
  'User-Agent' => 'WooCommerce Payments/7.6.0',
  'Idempotency-Key' => '05d568b4-d7a2-4418-8327-a1ecaf30426c',
)
2024-07-08T12:12:19+00:00 INFO BODY: array (
  'test_mode' => true,
  'compatibility_data' => 
  array (
    'woopayments_version' => '7.6.0',
    'woocommerce_version' => '8.8.5',
    'woocommerce_permalinks' => 
    array (
      'product_base' => 'product',
      'category_base' => 'product-category',
      'tag_base' => 'product-tag',
      'attribute_base' => '',
      'use_verbose_page_rules' => false,
    ),
    'woocommerce_shop' => 'https://masterlordsolutions.com/store/',
    'woocommerce_cart' => 'https://masterlordsolutions.com/cart/',
    'woocommerce_checkout' => 'https://masterlordsolutions.com/checkout/',
    'blog_theme' => 'astra-child',
    'active_plugins' => 
    array (
      0 => 'astra-sites/astra-sites.php',
      1 => 'code-snippets/code-snippets.php',
      2 => 'custom-css-js/custom-css-js.php',
      3 => 'duplicate-page/duplicatepage.php',
      4 => 'masterlord-solutions/masterlord-solutions.php',
      5 => 'membership-for-woocommerce/membership-for-woocommerce.php',
      6 => 'mwb-bookings-for-woocommerce/mwb-bookings-for-woocommerce.php',
      7 => 'subscriptions-for-woocommerce/subscriptions-for-woocommerce.php',
      8 => 'ultimate-addons-for-gutenberg/ultimate-addons-for-gutenberg.php',
      9 => 'variation-swatches-woo/variation-swatches-woo.php',
      10 => 'what-the-file/what-the-file.php',
      11 => 'woo-update-manager/woo-update-manager.php',
      12 => 'woocommerce-payments/woocommerce-payments.php',
      13 => 'woocommerce/woocommerce.php',
      14 => 'wp-file-manager/file_folder_manager.php',
    ),
    'post_types_count' => 
    array (
      'post' => 0,
      'page' => 8,
      'attachment' => 0,
      'product' => 9,
      'rent' => 0,
    ),
  ),
)
2024-07-08T12:12:20+00:00 INFO RESPONSE: array (
  'result' => 'success',
)
2024-07-08T12:12:20+00:00 INFO ENVIRONMENT: array (
  'WP_User' => 'Guest (non logged-in user)',
  'HTTP_REFERER' => '--',
  'HTTP_USER_AGENT' => 'Mozilla/5.0 (Windows NT 5.1) AppleWebKit/537.36 (KHTML, like Gecko) Chrome/49.0.2623.112 Safari/537.36',
  'REQUEST_URI' => '/',
  'DOING_AJAX' => false,
  'DOING_CRON' => false,
  'WP_CLI' => false,
)
2024-07-08T12:12:20+00:00 INFO REQUEST GET https://public-api.wordpress.com/wpcom/v2/sites/%s/wcpay/currency/rates?test_mode=1&currency_from=eur
2024-07-08T12:12:20+00:00 INFO HEADERS: array (
  'Content-Type' => 'application/json; charset=utf-8',
  'User-Agent' => 'WooCommerce Payments/7.6.0',
)
2024-07-08T12:12:20+00:00 INFO RESPONSE: array (
  'AED' => 3.979249,
  'AFN' => 77.014419,
  'ALL' => 100.331807,
  'AMD' => 420.333033,
  'ANG' => 1.952419,
  'AOA' => 941.189054,
  'ARS' => 991.810276,
  'AUD' => 1.60741,
  'AWG' => 1.95279,
  'AZN' => 1.841743,
  'BAM' => 1.956429,
  'BBD' => 2.166757,
  'BDT' => 127.290945,
  'BGN' => 1.955932,
  'BHD' => 0.408318,
  'BIF' => 3118.407302,
  'BMD' => 1.083379,
  'BND' => 1.462164,
  'BOB' => 7.485374,
  'BRL' => 5.915265,
  'BSD' => 1.083379,
  'BTC' => 1.9E-5,
  'BTN' => 90.442167,
  'BWP' => 14.669651,
  'BYN' => 3.544724,
  'BZD' => 2.183692,
  'CAD' => 1.476965,
  'CDF' => 3082.097477,
  'CHF' => 0.970937,
  'CLF' => 0.036768,
  'CLP' => 1014.421468,
  'CNH' => 7.897743,
  'CNY' => 7.875728,
  'COP' => 4423.329044,
  'CRC' => 579.183026,
  'CUC' => 1.083379,
  'CUP' => 27.896997,
  'CVE' => 110.300454,
  'CZK' => 25.160365,
  'DJF' => 192.891121,
  'DKK' => 7.458723,
  'DOP' => 64.050307,
  'DZD' => 145.391879,
  'EGP' => 51.949191,
  'ERN' => 16.250678,
  'ETB' => 62.568738,
  'EUR' => 1,
  'FJD' => 2.420484,
  'FKP' => 0.844214,
  'GBP' => 0.844214,
  'GEL' => 2.995542,
  'GGP' => 0.844214,
  'GHS' => 16.656281,
  'GIP' => 0.844214,
  'GMD' => 73.398894,
  'GNF' => 9329.040191,
  'GTQ' => 8.417669,
  'GYD' => 226.651908,
  'HKD' => 8.462176,
  'HNL' => 26.830507,
  'HRK' => 7.536293,
  'HTG' => 143.215385,
  'HUF' => 394.683458,
  'IDR' => 17638.591415,
  'ILS' => 3.998995,
  'IMP' => 0.844214,
  'INR' => 90.466126,
  'IQD' => 1419.150995,
  'IRR' => 45596.693068,
  'ISK' => 149.300393,
  'JEP' => 0.844214,
  'JMD' => 169.69014,
  'JOD' => 0.767899,
  'JPY' => 174.43676,
  'KES' => 139.214139,
  'KGS' => 92.9178,
  'KHR' => 4462.374299,
  'KMF' => 492.395833,
  'KPW' => 975.04066,
  'KRW' => 1498.963824,
  'KWD' => 0.331566,
  'KYD' => 0.902786,
  'KZT' => 520.054852,
  'LAK' => 23941.825196,
  'LBP' => 97022.866478,
  'LKR' => 329.874757,
  'LRD' => 210.596773,
  'LSL' => 19.668136,
  'LYD' => 5.264694,
  'MAD' => 10.682637,
  'MDL' => 19.278112,
  'MGA' => 4853.515388,
  'MKD' => 61.526613,
  'MMK' => 2387.051209,
  'MNT' => 3737.655862,
  'MOP' => 8.715563,
  'MUR' => 50.65878,
  'MVR' => 16.749032,
  'MWK' => 1877.802459,
  'MXN' => 19.548888,
  'MYR' => 5.103254,
  'MZN' => 69.238713,
  'NAD' => 19.668136,
  'NGN' => 1644.02689,
  'NIO' => 39.872091,
  'NOK' => 11.452838,
  'NPR' => 144.707908,
  'NZD' => 1.765754,
  'OMR' => 0.416989,
  'PAB' => 1.083379,
  'PEN' => 4.110222,
  'PGK' => 4.233362,
  'PHP' => 63.453477,
  'PKR' => 301.707792,
  'PLN' => 4.277485,
  'PYG' => 8167.679895,
  'QAR' => 3.950768,
  'RON' => 4.974982,
  'RSD' => 117.047305,
  'RUB' => 95.605997,
  'RWF' => 1421.85029,
  'SAR' => 4.063707,
  'SBD' => 9.139166,
  'SCR' => 15.018811,
  'SDG' => 651.110485,
  'SEK' => 11.376623,
  'SGD' => 1.461721,
  'SHP' => 0.844214,
  'SLL' => 22717.90568,
  'SOS' => 619.096453,
  'SRD' => 32.718573,
  'SSP' => 141.120885,
  'STD' => 24139.623299,
  'SVC' => 9.479049,
  'SYP' => 2722.021009,
  'SZL' => 19.661234,
  'THB' => 39.469917,
  'TJS' => 11.537458,
  'TMT' => 3.791825,
  'TND' => 3.383806,
  'TOP' => 2.550544,
  'TRY' => 35.461534,
  'TTD' => 7.335326,
  'TWD' => 35.202218,
  'TZS' => 2876.230203,
  'UAH' => 44.114891,
  'UGX' => 4019.271595,
  'USD' => 1.083379,
  'UYU' => 43.295134,
  'UZS' => 13651.574492,
  'VND' => 27538.855635,
  'VUV' => 128.620864,
  'WST' => 3.03346,
  'XAF' => 655.957,
  'XAG' => 0.034865,
  'XAU' => 0.000456,
  'XCD' => 2.927885,
  'XDR' => 0.822861,
  'XOF' => 655.957,
  'XPD' => 0.001077,
  'XPF' => 119.331742,
  'XPT' => 0.001071,
  'YER' => 271.250896,
  'ZAR' => 19.646162,
  'ZMW' => 26.677459,
  'ZWL' => 348.84788,
)
2024-07-08T12:20:47+00:00 INFO ENVIRONMENT: array (
  'WP_User' => 'Guest (non logged-in user)',
  'HTTP_REFERER' => '--',
  'HTTP_USER_AGENT' => 'WordPress/6.5.5; https://masterlordsolutions.com',
  'REQUEST_URI' => '/wp-cron.php?doing_wp_cron=1720441246.3953709602355957031250',
  'DOING_AJAX' => false,
  'DOING_CRON' => true,
  'WP_CLI' => false,
)
2024-07-08T12:20:47+00:00 INFO REQUEST GET https://public-api.wordpress.com/wpcom/v2/wcpay/woopay/compatibility?test_mode=1
2024-07-08T12:20:47+00:00 INFO HEADERS: array (
  'Content-Type' => 'application/json; charset=utf-8',
  'User-Agent' => 'WooCommerce Payments/7.6.0',
)
2024-07-08T12:20:47+00:00 INFO RESPONSE: array (
  'incompatible_extensions' => 
  array (
    0 => 'class-wcdonation',
    1 => 'woocommerce-table-rate-shipping',
    2 => 'woocommerce-memberships-for-teams',
    3 => 'woocommerce-checkout-add-ons',
    4 => 'woocommerce-checkout-field-editor',
    5 => 'woocommerce-eu-vat-number',
    6 => 'woocommerce-order-delivery',
    7 => 'woocommerce-pdf-product-vouchers',
    8 => 'woocommerce-shipping-local-pickup-plus',
    9 => 'woocommerce-shipping-multiple-addresses',
    10 => 'woocommerce-smart-coupons',
    11 => 'woocommerce-subscriptions-gifting',
    12 => 'advanced-product-fields-for-woocommerce',
  ),
  'adapted_extensions' => 
  array (
    0 => 'woocommerce-points-and-rewards',
    1 => 'woocommerce-gift-cards',
  ),
  'available_countries' => 
  array (
    0 => 'US',
  ),
)
2024-07-08T17:24:10+00:00 INFO ENVIRONMENT: array (
  'WP_User' => 'Guest (non logged-in user)',
  'HTTP_REFERER' => '--',
  'HTTP_USER_AGENT' => '--',
  'REQUEST_URI' => '/.vscode/sftp.json',
  'DOING_AJAX' => false,
  'DOING_CRON' => false,
  'WP_CLI' => false,
)
2024-07-08T17:24:10+00:00 INFO REQUEST GET https://public-api.wordpress.com/wpcom/v2/sites/%s/wcpay/disputes?test_mode=1&pagesize=50&search%5B0%5D=warning_needs_response&search%5B1%5D=needs_response
2024-07-08T17:24:10+00:00 INFO HEADERS: array (
  'Content-Type' => 'application/json; charset=utf-8',
  'User-Agent' => 'WooCommerce Payments/7.6.0',
)
2024-07-08T17:24:10+00:00 INFO RESPONSE: array (
  'data' => 
  array (
  ),
)
2024-07-08T21:31:58+00:00 INFO ENVIRONMENT: array (
  'WP_User' => 'Guest (non logged-in user)',
  'HTTP_REFERER' => 'www.google.com',
  'HTTP_USER_AGENT' => 'Mozlila/5.0 (Linux; Android 7.0; SM-G892A Bulid/NRD90M; wv) AppleWebKit/537.36 (KHTML, like Gecko) Version/4.0 Chrome/60.0.3112.107 Moblie Safari/537.36',
  'REQUEST_URI' => '/simple.php',
  'DOING_AJAX' => false,
  'DOING_CRON' => false,
  'WP_CLI' => false,
)
2024-07-08T21:31:58+00:00 INFO REQUEST GET https://public-api.wordpress.com/wpcom/v2/sites/%s/wcpay/currency/rates?test_mode=1&currency_from=eur
2024-07-08T21:31:58+00:00 INFO HEADERS: array (
  'Content-Type' => 'application/json; charset=utf-8',
  'User-Agent' => 'WooCommerce Payments/7.6.0',
)
2024-07-08T21:31:59+00:00 INFO RESPONSE: array (
  'AED' => 3.975979,
  'AFN' => 76.659065,
  'ALL' => 100.249359,
  'AMD' => 419.98755,
  'ANG' => 1.950814,
  'AOA' => 943.983885,
  'ARS' => 992.94044,
  'AUD' => 1.606748,
  'AWG' => 1.948479,
  'AZN' => 1.84023,
  'BAM' => 1.954822,
  'BBD' => 2.164977,
  'BDT' => 127.186345,
  'BGN' => 1.956033,
  'BHD' => 0.408018,
  'BIF' => 3118.70203,
  'BMD' => 1.082488,
  'BND' => 1.460962,
  'BOB' => 7.479223,
  'BRL' => 5.922903,
  'BSD' => 1.082488,
  'BTC' => 1.9E-5,
  'BTN' => 90.367847,
  'BWP' => 14.657597,
  'BYN' => 3.541811,
  'BZD' => 2.181898,
  'CAD' => 1.476004,
  'CDF' => 3090.446828,
  'CHF' => 0.971726,
  'CLF' => 0.036802,
  'CLP' => 1017.650819,
  'CNH' => 7.886691,
  'CNY' => 7.868066,
  'COP' => 4414.127955,
  'CRC' => 578.707089,
  'CUC' => 1.082488,
  'CUP' => 27.874073,
  'CVE' => 110.481017,
  'CZK' => 25.183497,
  'DJF' => 192.457244,
  'DKK' => 7.459062,
  'DOP' => 64.046606,
  'DZD' => 145.456815,
  'EGP' => 51.881471,
  'ERN' => 16.237324,
  'ETB' => 62.472573,
  'EUR' => 1,
  'FJD' => 2.44073,
  'FKP' => 0.845259,
  'GBP' => 0.845259,
  'GEL' => 2.966018,
  'GGP' => 0.845259,
  'GHS' => 16.653684,
  'GIP' => 0.845259,
  'GMD' => 73.338579,
  'GNF' => 9316.59192,
  'GTQ' => 8.410752,
  'GYD' => 226.46566,
  'HKD' => 8.454383,
  'HNL' => 26.872898,
  'HRK' => 7.534934,
  'HTG' => 143.0977,
  'HUF' => 394.551766,
  'IDR' => 17624.834368,
  'ILS' => 3.97586,
  'IMP' => 0.845259,
  'INR' => 90.341057,
  'IQD' => 1418.027709,
  'IRR' => 45559.224519,
  'ISK' => 149.275131,
  'JEP' => 0.845259,
  'JMD' => 169.550699,
  'JOD' => 0.767159,
  'JPY' => 174.089623,
  'KES' => 138.293187,
  'KGS' => 92.841446,
  'KHR' => 4461.8297,
  'KMF' => 491.991213,
  'KPW' => 974.239431,
  'KRW' => 1497.869724,
  'KWD' => 0.331278,
  'KYD' => 0.902044,
  'KZT' => 519.627503,
  'LAK' => 23919.571364,
  'LBP' => 96978.671017,
  'LKR' => 329.603686,
  'LRD' => 210.73639,
  'LSL' => 19.651974,
  'LYD' => 5.260578,
  'MAD' => 10.670401,
  'MDL' => 19.21697,
  'MGA' => 4849.51923,
  'MKD' => 61.539453,
  'MMK' => 2385.089677,
  'MNT' => 3734.584487,
  'MOP' => 8.708402,
  'MUR' => 50.617151,
  'MVR' => 16.735268,
  'MWK' => 1876.084837,
  'MXN' => 19.495308,
  'MYR' => 5.099061,
  'MZN' => 69.181817,
  'NAD' => 19.651974,
  'NGN' => 1521.978489,
  'NIO' => 39.837823,
  'NOK' => 11.486113,
  'NPR' => 144.588996,
  'NZD' => 1.767126,
  'OMR' => 0.416711,
  'PAB' => 1.082488,
  'PEN' => 4.109385,
  'PGK' => 4.206066,
  'PHP' => 63.37644,
  'PKR' => 301.486787,
  'PLN' => 4.26759,
  'PYG' => 8160.968199,
  'QAR' => 3.94223,
  'RON' => 4.973605,
  'RSD' => 117.050468,
  'RUB' => 94.202751,
  'RWF' => 1420.282372,
  'SAR' => 4.060402,
  'SBD' => 9.131656,
  'SCR' => 14.995628,
  'SDG' => 650.575442,
  'SEK' => 11.457596,
  'SGD' => 1.461289,
  'SHP' => 0.845259,
  'SLL' => 22699.237507,
  'SOS' => 618.309498,
  'SRD' => 32.691687,
  'SSP' => 141.00492,
  'STD' => 24119.786846,
  'SVC' => 9.47126,
  'SYP' => 2719.784221,
  'SZL' => 19.645078,
  'THB' => 39.44424,
  'TJS' => 11.527978,
  'TMT' => 3.788709,
  'TND' => 3.390353,
  'TOP' => 2.548458,
  'TRY' => 35.390366,
  'TTD' => 7.329298,
  'TWD' => 35.162483,
  'TZS' => 2875.246319,
  'UAH' => 44.07864,
  'UGX' => 4015.968806,
  'USD' => 1.082488,
  'UYU' => 43.261958,
  'UZS' => 13650.770616,
  'VND' => 27515.51877,
  'VUV' => 128.515171,
  'WST' => 3.030967,
  'XAF' => 655.957,
  'XAG' => 0.035199,
  'XAU' => 0.000459,
  'XCD' => 2.925479,
  'XDR' => 0.822185,
  'XOF' => 655.957,
  'XPD' => 0.001076,
  'XPF' => 119.331742,
  'XPT' => 0.001083,
  'YER' => 271.027999,
  'ZAR' => 19.612234,
  'ZMW' => 26.655537,
  'ZWL' => 348.561219,
)
