2024-07-04T14:52:32+00:00 INFO ENVIRONMENT: array (
  'WP_User' => 'Csanad',
  'HTTP_REFERER' => 'https://masterlordsolutions.com/wp-admin/admin.php?page=wc-admin&path=paymentsoverview',
  'HTTP_USER_AGENT' => 'Mozilla/5.0 (Windows NT 10.0; Win64; x64) AppleWebKit/537.36 (KHTML, like Gecko) Chrome/125.0.0.0 Safari/537.36 OPR/111.0.0.0',
  'REQUEST_URI' => '/wp-json/wc/v3/payments/disputes?page=1&pagesize=50&sort=created&direction=desc&search0=needs_response&search1=warning_needs_response&_locale=user',
  'DOING_AJAX' => false,
  'DOING_CRON' => false,
  'WP_CLI' => false,
)
2024-07-04T14:52:32+00:00 INFO REQUEST GET https://public-api.wordpress.com/wpcom/v2/sites/%s/wcpay/disputes?test_mode=1&page=1&pagesize=50&sort=created&direction=desc&limit=100&search%5B0%5D=needs_response&search%5B1%5D=warning_needs_response
2024-07-04T14:52:32+00:00 INFO HEADERS: array (
  'Content-Type' => 'application/json; charset=utf-8',
  'User-Agent' => 'WooCommerce Payments/7.6.0',
)
2024-07-04T14:52:32+00:00 INFO ENVIRONMENT: array (
  'WP_User' => 'Csanad',
  'HTTP_REFERER' => 'https://masterlordsolutions.com/wp-admin/admin.php?page=wc-admin&path=paymentsoverview',
  'HTTP_USER_AGENT' => 'Mozilla/5.0 (Windows NT 10.0; Win64; x64) AppleWebKit/537.36 (KHTML, like Gecko) Chrome/125.0.0.0 Safari/537.36 OPR/111.0.0.0',
  'REQUEST_URI' => '/wp-json/wc/v3/payments/deposits/overview-all?_locale=user',
  'DOING_AJAX' => false,
  'DOING_CRON' => false,
  'WP_CLI' => false,
)
2024-07-04T14:52:32+00:00 INFO REQUEST GET https://public-api.wordpress.com/wpcom/v2/sites/%s/wcpay/deposits/overview-all?test_mode=1
2024-07-04T14:52:32+00:00 INFO HEADERS: array (
  'Content-Type' => 'application/json; charset=utf-8',
  'User-Agent' => 'WooCommerce Payments/7.6.0',
)
2024-07-04T14:52:32+00:00 INFO ENVIRONMENT: array (
  'WP_User' => 'Csanad',
  'HTTP_REFERER' => 'https://masterlordsolutions.com/wp-admin/admin.php?page=wc-admin&path=paymentsoverview',
  'HTTP_USER_AGENT' => 'Mozilla/5.0 (Windows NT 10.0; Win64; x64) AppleWebKit/537.36 (KHTML, like Gecko) Chrome/125.0.0.0 Safari/537.36 OPR/111.0.0.0',
  'REQUEST_URI' => '/wp-json/wc/v3/payments/deposits?page=1&pagesize=3&sort=date&direction=desc&store_currency_is=huf&_locale=user',
  'DOING_AJAX' => false,
  'DOING_CRON' => false,
  'WP_CLI' => false,
)
2024-07-04T14:52:32+00:00 INFO REQUEST GET https://public-api.wordpress.com/wpcom/v2/sites/%s/wcpay/deposits?test_mode=1&page=1&pagesize=3&sort=date&direction=desc&limit=100&store_currency_is=huf
2024-07-04T14:52:32+00:00 INFO HEADERS: array (
  'Content-Type' => 'application/json; charset=utf-8',
  'User-Agent' => 'WooCommerce Payments/7.6.0',
)
2024-07-04T14:52:33+00:00 INFO RESPONSE: array (
  'data' => 
  array (
  ),
)
2024-07-04T14:52:33+00:00 INFO RESPONSE: array (
  'data' => 
  array (
  ),
  'total_count' => 0,
)
2024-07-04T14:52:33+00:00 INFO RESPONSE: array (
  'deposit' => 
  array (
    'last_paid' => 
    array (
    ),
    'last_manual_deposits' => 
    array (
    ),
  ),
  'balance' => 
  array (
    'pending' => 
    array (
      0 => 
      array (
        'amount' => 0,
        'currency' => 'huf',
        'source_types' => 
        array (
          'card' => 0,
        ),
      ),
    ),
    'available' => 
    array (
      0 => 
      array (
        'amount' => 0,
        'currency' => 'huf',
        'source_types' => 
        array (
          'card' => 0,
        ),
      ),
    ),
    'instant' => 
    array (
    ),
  ),
  'account' => 
  array (
    'deposits_enabled' => true,
    'deposits_blocked' => false,
    'deposits_schedule' => 
    array (
      'delay_days' => 3,
      'interval' => 'daily',
    ),
    'default_currency' => 'huf',
    'default_external_accounts' => 
    array (
    ),
  ),
)
2024-07-04T14:53:34+00:00 INFO ENVIRONMENT: array (
  'WP_User' => 'Csanad',
  'HTTP_REFERER' => 'https://masterlordsolutions.com/wp-admin/admin.php?page=wc-settings&tab=checkout',
  'HTTP_USER_AGENT' => 'Mozilla/5.0 (Windows NT 10.0; Win64; x64) AppleWebKit/537.36 (KHTML, like Gecko) Chrome/125.0.0.0 Safari/537.36 OPR/111.0.0.0',
  'REQUEST_URI' => '/wp-admin/admin-ajax.php',
  'DOING_AJAX' => true,
  'DOING_CRON' => false,
  'WP_CLI' => false,
)
2024-07-04T14:53:34+00:00 INFO REQUEST POST https://public-api.wordpress.com/wpcom/v2/sites/%s/wcpay/apple_pay/domains
2024-07-04T14:53:34+00:00 INFO HEADERS: array (
  'Content-Type' => 'application/json; charset=utf-8',
  'User-Agent' => 'WooCommerce Payments/7.6.0',
  'Idempotency-Key' => '2a6b6bef-d756-4504-8fba-8e464f943781',
)
2024-07-04T14:53:34+00:00 INFO BODY: array (
  'test_mode' => false,
  'domain_name' => 'masterlordsolutions.com',
)
2024-07-04T14:53:34+00:00 INFO RESPONSE: array (
  'id' => 'apwc_1PJA4gFxlPKzr7zDSHAsz4vo',
  'object' => 'apple_pay_domain',
  'created' => 1716364742,
  'domain_name' => 'masterlordsolutions.com',
  'livemode' => true,
)
2024-07-04T14:53:34+00:00 INFO Your domain has been verified with Apple Pay!
2024-07-04T14:53:45+00:00 INFO ENVIRONMENT: array (
  'WP_User' => 'Csanad',
  'HTTP_REFERER' => 'https://masterlordsolutions.com/wp-admin/admin.php?page=wc-settings&tab=checkout&section=woocommerce_payments',
  'HTTP_USER_AGENT' => 'Mozilla/5.0 (Windows NT 10.0; Win64; x64) AppleWebKit/537.36 (KHTML, like Gecko) Chrome/125.0.0.0 Safari/537.36 OPR/111.0.0.0',
  'REQUEST_URI' => '/wp-json/wc/v3/payments/settings?_locale=user',
  'DOING_AJAX' => false,
  'DOING_CRON' => false,
  'WP_CLI' => false,
)
2024-07-04T14:53:45+00:00 INFO REQUEST POST https://public-api.wordpress.com/wpcom/v2/sites/%s/wcpay/apple_pay/domains
2024-07-04T14:53:45+00:00 INFO HEADERS: array (
  'Content-Type' => 'application/json; charset=utf-8',
  'User-Agent' => 'WooCommerce Payments/7.6.0',
  'Idempotency-Key' => 'a9fb202e-ee44-4b16-9c2d-927bdce735ee',
)
2024-07-04T14:53:45+00:00 INFO BODY: array (
  'test_mode' => false,
  'domain_name' => 'masterlordsolutions.com',
)
2024-07-04T14:53:46+00:00 INFO RESPONSE: array (
  'id' => 'apwc_1PJA4gFxlPKzr7zDSHAsz4vo',
  'object' => 'apple_pay_domain',
  'created' => 1716364742,
  'domain_name' => 'masterlordsolutions.com',
  'livemode' => true,
)
2024-07-04T14:53:46+00:00 INFO Your domain has been verified with Apple Pay!
2024-07-04T14:55:23+00:00 INFO ENVIRONMENT: array (
  'WP_User' => 'Csanad',
  'HTTP_REFERER' => 'https://masterlordsolutions.com/wp-admin/admin.php?page=wc-admin&path=paymentsoverview',
  'HTTP_USER_AGENT' => 'Mozilla/5.0 (Windows NT 10.0; Win64; x64) AppleWebKit/537.36 (KHTML, like Gecko) Chrome/125.0.0.0 Safari/537.36 OPR/111.0.0.0',
  'REQUEST_URI' => '/wp-json/wc/v3/payments/disputes?page=1&pagesize=50&sort=created&direction=desc&search0=needs_response&search1=warning_needs_response&_locale=user',
  'DOING_AJAX' => false,
  'DOING_CRON' => false,
  'WP_CLI' => false,
)
2024-07-04T14:55:23+00:00 INFO REQUEST GET https://public-api.wordpress.com/wpcom/v2/sites/%s/wcpay/disputes?test_mode=1&page=1&pagesize=50&sort=created&direction=desc&limit=100&search%5B0%5D=needs_response&search%5B1%5D=warning_needs_response
2024-07-04T14:55:23+00:00 INFO HEADERS: array (
  'Content-Type' => 'application/json; charset=utf-8',
  'User-Agent' => 'WooCommerce Payments/7.6.0',
)
2024-07-04T14:55:23+00:00 INFO ENVIRONMENT: array (
  'WP_User' => 'Csanad',
  'HTTP_REFERER' => 'https://masterlordsolutions.com/wp-admin/admin.php?page=wc-admin&path=paymentsoverview',
  'HTTP_USER_AGENT' => 'Mozilla/5.0 (Windows NT 10.0; Win64; x64) AppleWebKit/537.36 (KHTML, like Gecko) Chrome/125.0.0.0 Safari/537.36 OPR/111.0.0.0',
  'REQUEST_URI' => '/wp-json/wc/v3/payments/deposits/overview-all?_locale=user',
  'DOING_AJAX' => false,
  'DOING_CRON' => false,
  'WP_CLI' => false,
)
2024-07-04T14:55:23+00:00 INFO REQUEST GET https://public-api.wordpress.com/wpcom/v2/sites/%s/wcpay/deposits/overview-all?test_mode=1
2024-07-04T14:55:23+00:00 INFO HEADERS: array (
  'Content-Type' => 'application/json; charset=utf-8',
  'User-Agent' => 'WooCommerce Payments/7.6.0',
)
2024-07-04T14:55:23+00:00 INFO ENVIRONMENT: array (
  'WP_User' => 'Csanad',
  'HTTP_REFERER' => 'https://masterlordsolutions.com/wp-admin/admin.php?page=wc-admin&path=paymentsoverview',
  'HTTP_USER_AGENT' => 'Mozilla/5.0 (Windows NT 10.0; Win64; x64) AppleWebKit/537.36 (KHTML, like Gecko) Chrome/125.0.0.0 Safari/537.36 OPR/111.0.0.0',
  'REQUEST_URI' => '/wp-json/wc/v3/payments/deposits?page=1&pagesize=3&sort=date&direction=desc&store_currency_is=huf&_locale=user',
  'DOING_AJAX' => false,
  'DOING_CRON' => false,
  'WP_CLI' => false,
)
2024-07-04T14:55:23+00:00 INFO REQUEST GET https://public-api.wordpress.com/wpcom/v2/sites/%s/wcpay/deposits?test_mode=1&page=1&pagesize=3&sort=date&direction=desc&limit=100&store_currency_is=huf
2024-07-04T14:55:23+00:00 INFO HEADERS: array (
  'Content-Type' => 'application/json; charset=utf-8',
  'User-Agent' => 'WooCommerce Payments/7.6.0',
)
2024-07-04T14:55:23+00:00 INFO RESPONSE: array (
  'data' => 
  array (
  ),
)
2024-07-04T14:55:23+00:00 INFO RESPONSE: array (
  'data' => 
  array (
  ),
  'total_count' => 0,
)
2024-07-04T14:55:24+00:00 INFO RESPONSE: array (
  'deposit' => 
  array (
    'last_paid' => 
    array (
    ),
    'last_manual_deposits' => 
    array (
    ),
  ),
  'balance' => 
  array (
    'pending' => 
    array (
      0 => 
      array (
        'amount' => 0,
        'currency' => 'huf',
        'source_types' => 
        array (
          'card' => 0,
        ),
      ),
    ),
    'available' => 
    array (
      0 => 
      array (
        'amount' => 0,
        'currency' => 'huf',
        'source_types' => 
        array (
          'card' => 0,
        ),
      ),
    ),
    'instant' => 
    array (
    ),
  ),
  'account' => 
  array (
    'deposits_enabled' => true,
    'deposits_blocked' => false,
    'deposits_schedule' => 
    array (
      'delay_days' => 3,
      'interval' => 'daily',
    ),
    'default_currency' => 'huf',
    'default_external_accounts' => 
    array (
    ),
  ),
)
2024-07-04T14:58:36+00:00 INFO ENVIRONMENT: array (
  'WP_User' => 'Csanad',
  'HTTP_REFERER' => 'https://masterlordsolutions.com/wp-admin/admin.php?page=wc-admin&path=paymentsoverview',
  'HTTP_USER_AGENT' => 'Mozilla/5.0 (Windows NT 10.0; Win64; x64) AppleWebKit/537.36 (KHTML, like Gecko) Chrome/125.0.0.0 Safari/537.36 OPR/111.0.0.0',
  'REQUEST_URI' => '/wp-json/wc/v3/payments/disputes?page=1&pagesize=50&sort=created&direction=desc&search0=needs_response&search1=warning_needs_response&_locale=user',
  'DOING_AJAX' => false,
  'DOING_CRON' => false,
  'WP_CLI' => false,
)
2024-07-04T14:58:36+00:00 INFO REQUEST GET https://public-api.wordpress.com/wpcom/v2/sites/%s/wcpay/disputes?test_mode=1&page=1&pagesize=50&sort=created&direction=desc&limit=100&search%5B0%5D=needs_response&search%5B1%5D=warning_needs_response
2024-07-04T14:58:36+00:00 INFO HEADERS: array (
  'Content-Type' => 'application/json; charset=utf-8',
  'User-Agent' => 'WooCommerce Payments/7.6.0',
)
2024-07-04T14:58:36+00:00 INFO ENVIRONMENT: array (
  'WP_User' => 'Csanad',
  'HTTP_REFERER' => 'https://masterlordsolutions.com/wp-admin/admin.php?page=wc-admin&path=paymentsoverview',
  'HTTP_USER_AGENT' => 'Mozilla/5.0 (Windows NT 10.0; Win64; x64) AppleWebKit/537.36 (KHTML, like Gecko) Chrome/125.0.0.0 Safari/537.36 OPR/111.0.0.0',
  'REQUEST_URI' => '/wp-json/wc/v3/payments/deposits?page=1&pagesize=3&sort=date&direction=desc&store_currency_is=huf&_locale=user',
  'DOING_AJAX' => false,
  'DOING_CRON' => false,
  'WP_CLI' => false,
)
2024-07-04T14:58:36+00:00 INFO REQUEST GET https://public-api.wordpress.com/wpcom/v2/sites/%s/wcpay/deposits?test_mode=1&page=1&pagesize=3&sort=date&direction=desc&limit=100&store_currency_is=huf
2024-07-04T14:58:36+00:00 INFO HEADERS: array (
  'Content-Type' => 'application/json; charset=utf-8',
  'User-Agent' => 'WooCommerce Payments/7.6.0',
)
2024-07-04T14:58:36+00:00 INFO ENVIRONMENT: array (
  'WP_User' => 'Csanad',
  'HTTP_REFERER' => 'https://masterlordsolutions.com/wp-admin/admin.php?page=wc-admin&path=paymentsoverview',
  'HTTP_USER_AGENT' => 'Mozilla/5.0 (Windows NT 10.0; Win64; x64) AppleWebKit/537.36 (KHTML, like Gecko) Chrome/125.0.0.0 Safari/537.36 OPR/111.0.0.0',
  'REQUEST_URI' => '/wp-json/wc/v3/payments/deposits/overview-all?_locale=user',
  'DOING_AJAX' => false,
  'DOING_CRON' => false,
  'WP_CLI' => false,
)
2024-07-04T14:58:36+00:00 INFO REQUEST GET https://public-api.wordpress.com/wpcom/v2/sites/%s/wcpay/deposits/overview-all?test_mode=1
2024-07-04T14:58:36+00:00 INFO HEADERS: array (
  'Content-Type' => 'application/json; charset=utf-8',
  'User-Agent' => 'WooCommerce Payments/7.6.0',
)
2024-07-04T14:58:37+00:00 INFO RESPONSE: array (
  'data' => 
  array (
  ),
)
2024-07-04T14:58:37+00:00 INFO RESPONSE: array (
  'data' => 
  array (
  ),
  'total_count' => 0,
)
2024-07-04T14:58:37+00:00 INFO RESPONSE: array (
  'deposit' => 
  array (
    'last_paid' => 
    array (
    ),
    'last_manual_deposits' => 
    array (
    ),
  ),
  'balance' => 
  array (
    'pending' => 
    array (
      0 => 
      array (
        'amount' => 0,
        'currency' => 'huf',
        'source_types' => 
        array (
          'card' => 0,
        ),
      ),
    ),
    'available' => 
    array (
      0 => 
      array (
        'amount' => 0,
        'currency' => 'huf',
        'source_types' => 
        array (
          'card' => 0,
        ),
      ),
    ),
    'instant' => 
    array (
    ),
  ),
  'account' => 
  array (
    'deposits_enabled' => true,
    'deposits_blocked' => false,
    'deposits_schedule' => 
    array (
      'delay_days' => 3,
      'interval' => 'daily',
    ),
    'default_currency' => 'huf',
    'default_external_accounts' => 
    array (
    ),
  ),
)
2024-07-04T15:50:27+00:00 INFO Order price is 0 ( Payment Request button disabled )
2024-07-04T15:50:28+00:00 INFO Order price is 0 ( Payment Request button disabled )
2024-07-04T18:31:26+00:00 INFO ENVIRONMENT: array (
  'WP_User' => 'Guest (non logged-in user)',
  'HTTP_REFERER' => '--',
  'HTTP_USER_AGENT' => 'Mozilla/5.0 (Windows NT 6.1; Win64; x64) AppleWebKit/537.36 (KHTML, like Gecko) Chrome/70.0.3538.67 Safari/537.36',
  'REQUEST_URI' => '/wp-login.php',
  'DOING_AJAX' => false,
  'DOING_CRON' => false,
  'WP_CLI' => false,
)
2024-07-04T18:31:26+00:00 INFO REQUEST GET https://public-api.wordpress.com/wpcom/v2/sites/%s/wcpay/currency/rates?test_mode=1&currency_from=eur
2024-07-04T18:31:26+00:00 INFO HEADERS: array (
  'Content-Type' => 'application/json; charset=utf-8',
  'User-Agent' => 'WooCommerce Payments/7.6.0',
)
2024-07-04T18:31:26+00:00 INFO RESPONSE: array (
  'AED' => 3.971057,
  'AFN' => 76.883429,
  'ALL' => 100.490731,
  'AMD' => 419.451363,
  'ANG' => 1.948959,
  'AOA' => 933.027106,
  'ARS' => 987.881532,
  'AUD' => 1.607123,
  'AWG' => 1.94741,
  'AZN' => 1.837944,
  'BAM' => 1.959123,
  'BBD' => 2.162288,
  'BDT' => 127.063262,
  'BGN' => 1.955681,
  'BHD' => 0.407522,
  'BIF' => 3111.921954,
  'BMD' => 1.081144,
  'BND' => 1.461656,
  'BOB' => 7.472977,
  'BRL' => 5.930398,
  'BSD' => 1.081144,
  'BTC' => 1.9E-5,
  'BTN' => 90.273552,
  'BWP' => 14.732699,
  'BYN' => 3.539101,
  'BZD' => 2.179839,
  'CAD' => 1.47164,
  'CDF' => 3073.424917,
  'CHF' => 0.972998,
  'CLF' => 0.03674,
  'CLP' => 1013.788549,
  'CNH' => 7.884944,
  'CNY' => 7.858618,
  'COP' => 4433.843044,
  'CRC' => 567.987418,
  'CUC' => 1.081144,
  'CUP' => 27.839453,
  'CVE' => 110.426268,
  'CZK' => 25.123404,
  'DJF' => 192.25761,
  'DKK' => 7.45926,
  'DOP' => 63.967731,
  'DZD' => 145.361906,
  'EGP' => 51.891443,
  'ERN' => 16.217157,
  'ETB' => 62.449524,
  'EUR' => 1,
  'FJD' => 2.410086,
  'FKP' => 0.847255,
  'GBP' => 0.847255,
  'GEL' => 3.016391,
  'GGP' => 0.847255,
  'GHS' => 16.654007,
  'GIP' => 0.847255,
  'GMD' => 73.274522,
  'GNF' => 9310.2362,
  'GTQ' => 8.401209,
  'GYD' => 226.151725,
  'HKD' => 8.443176,
  'HNL' => 26.781545,
  'HRK' => 7.53465,
  'HTG' => 143.123922,
  'HUF' => 393.145783,
  'IDR' => 17668.544583,
  'ILS' => 4.045429,
  'IMP' => 0.847255,
  'INR' => 90.292248,
  'IQD' => 1416.619598,
  'IRR' => 45516.154321,
  'ISK' => 149.295148,
  'JEP' => 0.847255,
  'JMD' => 168.813583,
  'JOD' => 0.766207,
  'JPY' => 174.232812,
  'KES' => 138.656693,
  'KGS' => 93.002153,
  'KHR' => 4453.383375,
  'KMF' => 493.488383,
  'KPW' => 973.029427,
  'KRW' => 1493.203297,
  'KWD' => 0.331088,
  'KYD' => 0.901183,
  'KZT' => 509.791978,
  'LAK' => 23887.545225,
  'LBP' => 96839.081367,
  'LKR' => 328.888259,
  'LRD' => 210.222543,
  'LSL' => 19.877355,
  'LYD' => 5.267352,
  'MAD' => 10.714321,
  'MDL' => 19.308195,
  'MGA' => 4821.863461,
  'MKD' => 61.538354,
  'MMK' => 2382.127398,
  'MNT' => 3729.946138,
  'MOP' => 8.69875,
  'MUR' => 51.029987,
  'MVR' => 16.660426,
  'MWK' => 1875.153866,
  'MXN' => 19.561439,
  'MYR' => 5.091647,
  'MZN' => 69.08508,
  'NAD' => 19.877355,
  'NGN' => 1637.586903,
  'NIO' => 39.808377,
  'NOK' => 11.427703,
  'NPR' => 144.438864,
  'NZD' => 1.767176,
  'OMR' => 0.416203,
  'PAB' => 1.081144,
  'PEN' => 4.113661,
  'PGK' => 4.165023,
  'PHP' => 63.306375,
  'PKR' => 301.175842,
  'PLN' => 4.282536,
  'PYG' => 8147.829015,
  'QAR' => 3.944658,
  'RON' => 4.976721,
  'RSD' => 117.044446,
  'RUB' => 96.220946,
  'RWF' => 1414.596397,
  'SAR' => 4.055558,
  'SBD' => 9.124226,
  'SCR' => 14.828968,
  'SDG' => 649.767429,
  'SEK' => 11.36064,
  'SGD' => 1.460744,
  'SHP' => 0.847255,
  'SLL' => 22671.045084,
  'SOS' => 618.042367,
  'SRD' => 32.939208,
  'SSP' => 140.829792,
  'STD' => 24089.830103,
  'SVC' => 9.462411,
  'SYP' => 2716.406252,
  'SZL' => 19.868052,
  'THB' => 39.590405,
  'TJS' => 11.51163,
  'TMT' => 3.794815,
  'TND' => 3.381198,
  'TOP' => 2.554291,
  'TRY' => 35.198185,
  'TTD' => 7.321864,
  'TWD' => 35.10366,
  'TZS' => 2871.141396,
  'UAH' => 43.825755,
  'UGX' => 4000.839906,
  'USD' => 1.081144,
  'UYU' => 43.582558,
  'UZS' => 13608.604844,
  'VND' => 27520.525025,
  'VUV' => 128.355555,
  'WST' => 3.027203,
  'XAF' => 655.957,
  'XAG' => 0.035572,
  'XAU' => 0.000459,
  'XCD' => 2.921845,
  'XDR' => 0.821398,
  'XOF' => 655.957,
  'XPD' => 0.001066,
  'XPF' => 119.331742,
  'XPT' => 0.00108,
  'YER' => 270.718392,
  'ZAR' => 19.723685,
  'ZMW' => 26.110046,
  'ZWL' => 348.128306,
)
