2024-07-15T00:26:25+00:00 INFO ENVIRONMENT: array (
  'WP_User' => 'Guest (non logged-in user)',
  'HTTP_REFERER' => '--',
  'HTTP_USER_AGENT' => 'Mozilla/5.0 (Macintosh; Intel Mac OS X 10_15_7) AppleWebKit/537.36 (KHTML, like Gecko) Chrome/121.0.0.0 Safari/537.36',
  'REQUEST_URI' => '/',
  'DOING_AJAX' => false,
  'DOING_CRON' => false,
  'WP_CLI' => false,
)
2024-07-15T00:26:25+00:00 INFO REQUEST GET https://public-api.wordpress.com/wpcom/v2/sites/%s/wcpay/disputes?test_mode=1&pagesize=50&search%5B0%5D=warning_needs_response&search%5B1%5D=needs_response
2024-07-15T00:26:25+00:00 INFO HEADERS: array (
  'Content-Type' => 'application/json; charset=utf-8',
  'User-Agent' => 'WooCommerce Payments/7.6.0',
)
2024-07-15T00:26:25+00:00 INFO RESPONSE: array (
  'data' => 
  array (
  ),
)
2024-07-15T05:55:44+00:00 INFO ENVIRONMENT: array (
  'WP_User' => 'Guest (non logged-in user)',
  'HTTP_REFERER' => 'https://masterlordsolutions.com/wp-admin/post.php?post=3196&action=edit',
  'HTTP_USER_AGENT' => 'Mozilla/5.0 (Windows NT 10.0; Win64; x64) AppleWebKit/537.36 (KHTML, like Gecko) Chrome/125.0.0.0 Safari/537.36 OPR/111.0.0.0',
  'REQUEST_URI' => '/wp-admin/post.php?post=3196&action=edit',
  'DOING_AJAX' => false,
  'DOING_CRON' => false,
  'WP_CLI' => false,
)
2024-07-15T05:55:44+00:00 INFO REQUEST GET https://public-api.wordpress.com/wpcom/v2/sites/%s/wcpay/accounts?test_mode=0
2024-07-15T05:55:44+00:00 INFO HEADERS: array (
  'Content-Type' => 'application/json; charset=utf-8',
  'User-Agent' => 'WooCommerce Payments/7.6.0',
)
2024-07-15T05:55:47+00:00 INFO RESPONSE: array (
  'account_id' => 'acct_1PJA0PFxlPKzr7zD',
  'email' => '(redacted)',
  'live_publishable_key' => 'pk_live_iBIpeqzKOOx2Y8PFCRBfyMU000Q7xVG4Sn',
  'test_publishable_key' => 'pk_test_51ETDmyFuiXB5oUVxwSobQMW5Tno1GclIq7ePZWzLeW4q8oa7Zb8hI5VfwI5sNT5nXuKYinLukNvGCXmsQXAoDGHG00MqHqlYHR',
  'is_live' => true,
  'created' => '2024-05-22 07:54:39',
  'has_pending_requirements' => false,
  'has_future_requirements' => true,
  'has_overdue_requirements' => false,
  'details_submitted' => true,
  'current_deadline' => NULL,
  'status' => 'enabled',
  'capabilities' => 
  array (
    'bancontact_payments' => 'active',
    'card_payments' => 'active',
    'eps_payments' => 'active',
    'giropay_payments' => 'active',
    'ideal_payments' => 'active',
    'p24_payments' => 'active',
    'transfers' => 'active',
    'bank_transfer_payments' => 'unrequested',
    'blik_payments' => 'unrequested',
    'cartes_bancaires_payments' => 'unrequested',
    'link_payments' => 'unrequested',
    'mobilepay_payments' => 'unrequested',
    'multibanco_payments' => 'unrequested',
    'sepa_bank_transfer_payments' => 'unrequested',
    'sepa_debit_payments' => 'unrequested',
    'sofort_payments' => 'unrequested',
    'twint_payments' => 'unrequested',
  ),
  'capability_requirements' => 
  array (
    'bancontact_payments' => 
    array (
    ),
    'bank_transfer_payments' => 
    array (
    ),
    'blik_payments' => 
    array (
    ),
    'card_payments' => 
    array (
    ),
    'cartes_bancaires_payments' => 
    array (
    ),
    'eps_payments' => 
    array (
    ),
    'giropay_payments' => 
    array (
    ),
    'ideal_payments' => 
    array (
    ),
    'link_payments' => 
    array (
    ),
    'mobilepay_payments' => 
    array (
    ),
    'multibanco_payments' => 
    array (
    ),
    'p24_payments' => 
    array (
    ),
    'sepa_bank_transfer_payments' => 
    array (
    ),
    'sepa_debit_payments' => 
    array (
    ),
    'sofort_payments' => 
    array (
    ),
    'transfers' => 
    array (
    ),
    'twint_payments' => 
    array (
    ),
  ),
  'payments_enabled' => true,
  'deposits' => 
  array (
    'status' => 'enabled',
    'restrictions' => 'deposits_unrestricted',
    'interval' => 'daily',
    'weekly_anchor' => '',
    'monthly_anchor' => NULL,
    'delay_days' => 3,
    'completed_waiting_period' => false,
    'minimum_manual_deposit_amounts' => 
    array (
      'aud' => 500,
      'bgn' => 100,
      'cad' => 500,
      'chf' => 500,
      'czk' => 3000,
      'dkk' => 5000,
      'eur' => 500,
      'gbp' => 500,
      'hkd' => 5000,
      'huf' => 36000,
      'nok' => 5000,
      'nzd' => 500,
      'jpy' => 50,
      'sek' => 5000,
      'sgd' => 500,
      'usd' => 500,
      'ron' => 500,
      'pln' => 500,
      'aed' => 200,
    ),
    'minimum_scheduled_deposit_amounts' => 
    array (
      'aed' => 200,
      'aud' => 0,
      'bgn' => 100,
      'cad' => 0,
      'chf' => 500,
      'czk' => 3000,
      'dkk' => 2000,
      'eur' => 100,
      'gbp' => 100,
      'hkd' => 0,
      'huf' => 36000,
      'jpy' => 1,
      'nok' => 2000,
      'nzd' => 0,
      'pln' => 500,
      'ron' => 500,
      'sek' => 2000,
      'sgd' => 100,
      'usd' => 0,
    ),
  ),
  'lifetime_total_payment_volume' => 0,
  'requirements' => 
  array (
    'errors' => 
    array (
    ),
  ),
  'statement_descriptor' => 'MASTERLORDSOLUTIONS',
  'statement_descriptor_kanji' => '',
  'statement_descriptor_kana' => '',
  'latest_tos_agreement' => 
  array (
    'date' => '2024-05-22 07:54:39',
    'source' => 'signup',
    'is_current_version' => true,
  ),
  'fees' => 
  array (
    'base' => 
    array (
      'percentage_rate' => 0.015,
      'fixed_rate' => 2000,
      'currency' => 'huf',
    ),
    'discount' => 
    array (
    ),
    'card' => 
    array (
      'base' => 
      array (
        'percentage_rate' => 0.015,
        'fixed_rate' => 2000,
        'currency' => 'huf',
      ),
      'additional' => 
      array (
        'percentage_rate' => 0.02,
        'fixed_rate' => 0,
        'currency' => 'huf',
      ),
      'fx' => 
      array (
        'percentage_rate' => 0.02,
        'fixed_rate' => 0,
        'currency' => 'huf',
      ),
      'discount' => 
      array (
      ),
    ),
    'bancontact' => 
    array (
      'base' => 
      array (
        'percentage_rate' => 0.014,
        'fixed_rate' => 8500,
        'currency' => 'huf',
      ),
      'additional' => 
      array (
        'percentage_rate' => 0,
        'fixed_rate' => 0,
        'currency' => 'huf',
      ),
      'fx' => 
      array (
        'percentage_rate' => 0,
        'fixed_rate' => 0,
        'currency' => 'huf',
      ),
      'discount' => 
      array (
      ),
    ),
    'eps' => 
    array (
      'base' => 
      array (
        'percentage_rate' => 0.018,
        'fixed_rate' => 8500,
        'currency' => 'huf',
      ),
      'additional' => 
      array (
        'percentage_rate' => 0,
        'fixed_rate' => 0,
        'currency' => 'huf',
      ),
      'fx' => 
      array (
        'percentage_rate' => 0,
        'fixed_rate' => 0,
        'currency' => 'huf',
      ),
      'discount' => 
      array (
      ),
    ),
    'ideal' => 
    array (
      'base' => 
      array (
        'percentage_rate' => 0,
        'fixed_rate' => 10500,
        'currency' => 'huf',
      ),
      'additional' => 
      array (
        'percentage_rate' => 0,
        'fixed_rate' => 0,
        'currency' => 'huf',
      ),
      'fx' => 
      array (
        'percentage_rate' => 0,
        'fixed_rate' => 0,
        'currency' => 'huf',
      ),
      'discount' => 
      array (
      ),
    ),
    'giropay' => 
    array (
      'base' => 
      array (
        'percentage_rate' => 0.014,
        'fixed_rate' => 8500,
        'currency' => 'huf',
      ),
      'additional' => 
      array (
        'percentage_rate' => 0,
        'fixed_rate' => 0,
        'currency' => 'huf',
      ),
      'fx' => 
      array (
        'percentage_rate' => 0,
        'fixed_rate' => 0,
        'currency' => 'huf',
      ),
      'discount' => 
      array (
      ),
    ),
    'p24' => 
    array (
      'base' => 
      array (
        'percentage_rate' => 0.022,
        'fixed_rate' => 8500,
        'currency' => 'huf',
      ),
      'additional' => 
      array (
        'percentage_rate' => 0,
        'fixed_rate' => 0,
        'currency' => 'huf',
      ),
      'fx' => 
      array (
        'percentage_rate' => 0,
        'fixed_rate' => 0,
        'currency' => 'huf',
      ),
      'discount' => 
      array (
      ),
    ),
  ),
  'capital' => 
  array (
    'has_active_loan' => false,
    'has_previous_loans' => false,
    'loans' => 
    array (
    ),
  ),
  'fraud_services' => 
  array (
    'stripe' => 
    array (
    ),
    'sift' => 
    array (
      'beacon_key' => 'affbdadb36',
      'sandbox_beacon_key' => '6ad0ad748b',
    ),
  ),
  'store_currencies' => 
  array (
    'default' => 'huf',
    'supported' => 
    array (
      0 => 'huf',
    ),
  ),
  'customer_currencies' => 
  array (
    'supported' => 
    array (
      0 => 'usd',
      1 => 'aed',
      2 => 'afn',
      3 => 'all',
      4 => 'amd',
      5 => 'ang',
      6 => 'aoa',
      7 => 'ars',
      8 => 'aud',
      9 => 'awg',
      10 => 'azn',
      11 => 'bam',
      12 => 'bbd',
      13 => 'bdt',
      14 => 'bgn',
      15 => 'bif',
      16 => 'bmd',
      17 => 'bnd',
      18 => 'bob',
      19 => 'brl',
      20 => 'bsd',
      21 => 'bwp',
      22 => 'byn',
      23 => 'bzd',
      24 => 'cad',
      25 => 'cdf',
      26 => 'chf',
      27 => 'clp',
      28 => 'cny',
      29 => 'cop',
      30 => 'crc',
      31 => 'cve',
      32 => 'czk',
      33 => 'djf',
      34 => 'dkk',
      35 => 'dop',
      36 => 'dzd',
      37 => 'egp',
      38 => 'etb',
      39 => 'eur',
      40 => 'fjd',
      41 => 'fkp',
      42 => 'gbp',
      43 => 'gel',
      44 => 'gip',
      45 => 'gmd',
      46 => 'gnf',
      47 => 'gtq',
      48 => 'gyd',
      49 => 'hkd',
      50 => 'hnl',
      51 => 'htg',
      52 => 'huf',
      53 => 'idr',
      54 => 'ils',
      55 => 'inr',
      56 => 'isk',
      57 => 'jmd',
      58 => 'jpy',
      59 => 'kes',
      60 => 'kgs',
      61 => 'khr',
      62 => 'kmf',
      63 => 'krw',
      64 => 'kyd',
      65 => 'kzt',
      66 => 'lak',
      67 => 'lbp',
      68 => 'lkr',
      69 => 'lrd',
      70 => 'lsl',
      71 => 'mad',
      72 => 'mdl',
      73 => 'mga',
      74 => 'mkd',
      75 => 'mmk',
      76 => 'mnt',
      77 => 'mop',
      78 => 'mur',
      79 => 'mvr',
      80 => 'mwk',
      81 => 'mxn',
      82 => 'myr',
      83 => 'mzn',
      84 => 'nad',
      85 => 'ngn',
      86 => 'nio',
      87 => 'nok',
      88 => 'npr',
      89 => 'nzd',
      90 => 'pab',
      91 => 'pen',
      92 => 'pgk',
      93 => 'php',
      94 => 'pkr',
      95 => 'pln',
      96 => 'pyg',
      97 => 'qar',
      98 => 'ron',
      99 => 'rsd',
      100 => 'rub',
      101 => 'rwf',
      102 => 'sar',
      103 => 'sbd',
      104 => 'scr',
      105 => 'sek',
      106 => 'sgd',
      107 => 'shp',
      108 => 'sle',
      109 => 'sos',
      110 => 'srd',
      111 => 'std',
      112 => 'szl',
      113 => 'thb',
      114 => 'tjs',
      115 => 'top',
      116 => 'try',
      117 => 'ttd',
      118 => 'twd',
      119 => 'tzs',
      120 => 'uah',
      121 => 'ugx',
      122 => 'uyu',
      123 => 'uzs',
      124 => 'vnd',
      125 => 'vuv',
      126 => 'wst',
      127 => 'xaf',
      128 => 'xcd',
      129 => 'xof',
      130 => 'xpf',
      131 => 'yer',
      132 => 'zar',
      133 => 'zmw',
    ),
  ),
  'country' => '(redacted)',
  'instant_deposits_eligible' => false,
  'card_present_eligible' => false,
  'has_card_readers_available' => false,
  'platform_checkout_eligible' => false,
  'platform_direct_checkout_eligible' => false,
  'business_profile' => 
  array (
    'name' => '(redacted)',
    'url' => 'https://masterlordsolutions.com/',
    'support_address' => 
    array (
    ),
    'support_email' => NULL,
    'support_phone' => NULL,
  ),
  'branding' => 
  array (
    'icon' => NULL,
    'logo' => NULL,
    'primary_color' => NULL,
    'secondary_color' => NULL,
  ),
  'locale' => 'en_US',
  'has_more_failed_events' => false,
  'has_submitted_vat_data' => false,
  'is_documents_enabled' => true,
  'card_testing_protection_eligible' => false,
  'progressive_onboarding' => 
  array (
    'is_enabled' => false,
    'is_complete' => false,
    'tpv' => NULL,
    'first_transaction_date' => NULL,
    'kyc_deadline_date' => NULL,
  ),
  'fraud_mitigation_settings' => 
  array (
    'avs_check_enabled' => false,
    'cvc_check_enabled' => true,
  ),
  'is_deferred_intent_creation_upe_enabled' => true,
  'pre_check_save_my_info' => false,
)
2024-07-15T05:55:47+00:00 INFO ENVIRONMENT: array (
  'WP_User' => 'Guest (non logged-in user)',
  'HTTP_REFERER' => 'https://masterlordsolutions.com/wp-admin/post.php?post=3196&action=edit',
  'HTTP_USER_AGENT' => 'Mozilla/5.0 (Windows NT 10.0; Win64; x64) AppleWebKit/537.36 (KHTML, like Gecko) Chrome/125.0.0.0 Safari/537.36 OPR/111.0.0.0',
  'REQUEST_URI' => '/wp-admin/post.php?post=3196&action=edit',
  'DOING_AJAX' => false,
  'DOING_CRON' => false,
  'WP_CLI' => false,
)
2024-07-15T05:55:47+00:00 INFO REQUEST POST https://public-api.wordpress.com/wpcom/v2/sites/%s/wcpay/compatibility
2024-07-15T05:55:47+00:00 INFO HEADERS: array (
  'Content-Type' => 'application/json; charset=utf-8',
  'User-Agent' => 'WooCommerce Payments/7.6.0',
  'Idempotency-Key' => '4f02caba-e10f-4215-8bb7-a565f66330ee',
)
2024-07-15T05:55:47+00:00 INFO BODY: array (
  'test_mode' => true,
  'compatibility_data' => 
  array (
    'woopayments_version' => '7.6.0',
    'woocommerce_version' => '9.0.2',
    'woocommerce_permalinks' => 
    array (
      'product_base' => 'product',
      'category_base' => 'product-category',
      'tag_base' => 'product-tag',
      'attribute_base' => '',
      'use_verbose_page_rules' => false,
    ),
    'woocommerce_shop' => 'https://masterlordsolutions.com/store/',
    'woocommerce_cart' => 'https://masterlordsolutions.com/cart/',
    'woocommerce_checkout' => 'https://masterlordsolutions.com/checkout/',
    'blog_theme' => 'astra-child',
    'active_plugins' => 
    array (
      0 => 'advanced-custom-fields/acf.php',
      1 => 'astra-sites/astra-sites.php',
      2 => 'checkout-plugins-stripe-woo/checkout-plugins-stripe-woo.php',
      3 => 'code-snippets/code-snippets.php',
      4 => 'custom-css-js/custom-css-js.php',
      5 => 'duplicate-page/duplicatepage.php',
      6 => 'masterlord-solutions/masterlord-solutions.php',
      7 => 'membership-for-woocommerce/membership-for-woocommerce.php',
      8 => 'mwb-bookings-for-woocommerce/mwb-bookings-for-woocommerce.php',
      9 => 'subscriptions-for-woocommerce/subscriptions-for-woocommerce.php',
      10 => 'ultimate-addons-for-gutenberg/ultimate-addons-for-gutenberg.php',
      11 => 'variation-swatches-woo/variation-swatches-woo.php',
      12 => 'what-the-file/what-the-file.php',
      13 => 'woo-update-manager/woo-update-manager.php',
      14 => 'woocommerce-payments/woocommerce-payments.php',
      15 => 'woocommerce/woocommerce.php',
      16 => 'wp-file-manager/file_folder_manager.php',
    ),
    'post_types_count' => 
    array (
      'post' => 0,
      'page' => 8,
      'attachment' => 0,
      'product' => 9,
      'rent' => 0,
      'wps_cpt_members' => 5,
      'wps_cpt_membership' => 3,
    ),
  ),
)
2024-07-15T05:55:47+00:00 INFO RESPONSE: array (
  'result' => 'success',
)
2024-07-15T05:55:47+00:00 INFO ENVIRONMENT: array (
  'WP_User' => 'Guest (non logged-in user)',
  'HTTP_REFERER' => 'https://masterlordsolutions.com/wp-admin/post.php?post=3196&action=edit',
  'HTTP_USER_AGENT' => 'Mozilla/5.0 (Windows NT 10.0; Win64; x64) AppleWebKit/537.36 (KHTML, like Gecko) Chrome/125.0.0.0 Safari/537.36 OPR/111.0.0.0',
  'REQUEST_URI' => '/wp-admin/post.php?post=3196&action=edit',
  'DOING_AJAX' => false,
  'DOING_CRON' => false,
  'WP_CLI' => false,
)
2024-07-15T05:55:47+00:00 INFO REQUEST GET https://public-api.wordpress.com/wpcom/v2/sites/%s/wcpay/currency/rates?test_mode=1&currency_from=eur
2024-07-15T05:55:47+00:00 INFO HEADERS: array (
  'Content-Type' => 'application/json; charset=utf-8',
  'User-Agent' => 'WooCommerce Payments/7.6.0',
)
2024-07-15T05:55:47+00:00 INFO RESPONSE: array (
  'AED' => 4.001089,
  'AFN' => 77.163974,
  'ALL' => 100.494708,
  'AMD' => 423.192065,
  'ANG' => 1.963574,
  'AOA' => 952.663399,
  'ARS' => 1001.205447,
  'AUD' => 1.608291,
  'AWG' => 1.962418,
  'AZN' => 1.851852,
  'BAM' => 1.956661,
  'BBD' => 2.178649,
  'BDT' => 128.016364,
  'BGN' => 1.950751,
  'BHD' => 0.410681,
  'BIF' => 3136.703691,
  'BMD' => 1.089325,
  'BND' => 1.462951,
  'BOB' => 7.52828,
  'BRL' => 5.909428,
  'BSD' => 1.089325,
  'BTC' => 1.7E-5,
  'BTN' => 91.002105,
  'BWP' => 14.673528,
  'BYN' => 3.564919,
  'BZD' => 2.196077,
  'CAD' => 1.487126,
  'CDF' => 3099.584594,
  'CHF' => 0.975871,
  'CLF' => 0.036104,
  'CLP' => 996.233203,
  'CNH' => 7.924209,
  'CNY' => 7.898039,
  'COP' => 4329.391829,
  'CRC' => 569.453103,
  'CUC' => 1.089325,
  'CUP' => 28.050109,
  'CVE' => 110.315065,
  'CZK' => 25.334314,
  'DJF' => 193.986355,
  'DKK' => 7.462549,
  'DOP' => 64.398643,
  'DZD' => 146.620116,
  'EGP' => 52.387473,
  'ERN' => 16.339869,
  'ETB' => 62.941998,
  'EUR' => 1,
  'FJD' => 2.419172,
  'FKP' => 0.839877,
  'GBP' => 0.839877,
  'GEL' => 2.973856,
  'GGP' => 0.839877,
  'GHS' => 16.778619,
  'GIP' => 0.839877,
  'GMD' => 73.801743,
  'GNF' => 9379.11755,
  'GTQ' => 8.458841,
  'GYD' => 227.839302,
  'HKD' => 8.505338,
  'HNL' => 26.985005,
  'HRK' => 7.535991,
  'HTG' => 144.004073,
  'HUF' => 392.482379,
  'IDR' => 17606.5483,
  'ILS' => 3.935202,
  'IMP' => 0.839877,
  'INR' => 90.97531,
  'IQD' => 1427.249975,
  'IRR' => 45846.949891,
  'ISK' => 149.324619,
  'JEP' => 0.839877,
  'JMD' => 170.816002,
  'JOD' => 0.772004,
  'JPY' => 172.148459,
  'KES' => 138.910675,
  'KGS' => 92.91939,
  'KHR' => 4472.951239,
  'KMF' => 493.790993,
  'KPW' => 980.392157,
  'KRW' => 1506.568748,
  'KWD' => 0.333121,
  'KYD' => 0.907912,
  'KZT' => 516.704801,
  'LAK' => 24124.007648,
  'LBP' => 97565.170081,
  'LKR' => 329.599721,
  'LRD' => 212.454515,
  'LSL' => 19.599599,
  'LYD' => 5.284351,
  'MAD' => 10.692759,
  'MDL' => 19.251742,
  'MGA' => 4872.163872,
  'MKD' => 61.5521,
  'MMK' => 2400.152507,
  'MNT' => 3758.169935,
  'MOP' => 8.761678,
  'MUR' => 50.849671,
  'MVR' => 16.830065,
  'MWK' => 1889.135636,
  'MXN' => 19.275745,
  'MYR' => 5.091503,
  'MZN' => 69.553378,
  'NAD' => 19.599599,
  'NGN' => 1531.590414,
  'NIO' => 40.107844,
  'NOK' => 11.708932,
  'NPR' => 145.602761,
  'NZD' => 1.787612,
  'OMR' => 0.419281,
  'PAB' => 1.089325,
  'PEN' => 4.097004,
  'PGK' => 4.262897,
  'PHP' => 63.73257,
  'PKR' => 303.312594,
  'PLN' => 4.254908,
  'PYG' => 8214.677005,
  'QAR' => 3.972704,
  'RON' => 4.965577,
  'RSD' => 117.083758,
  'RUB' => 95.462666,
  'RWF' => 1427.332326,
  'SAR' => 4.085839,
  'SBD' => 9.193267,
  'SCR' => 15.217107,
  'SDG' => 654.684096,
  'SEK' => 11.502598,
  'SGD' => 1.46188,
  'SHP' => 0.839877,
  'SLL' => 22842.592593,
  'SOS' => 622.677361,
  'SRD' => 32.249455,
  'SSP' => 141.895425,
  'STD' => 24272.11329,
  'SVC' => 9.533329,
  'SYP' => 2736.960784,
  'SZL' => 19.608724,
  'THB' => 39.433551,
  'TJS' => 11.603062,
  'TMT' => 3.812636,
  'TND' => 3.378534,
  'TOP' => 2.56696,
  'TRY' => 36.052505,
  'TTD' => 7.395358,
  'TWD' => 35.506847,
  'TZS' => 2892.156863,
  'UAH' => 44.690681,
  'UGX' => 4030.733144,
  'USD' => 1.089325,
  'UYU' => 43.614588,
  'UZS' => 13787.166336,
  'VND' => 27686.482052,
  'VUV' => 129.326797,
  'WST' => 3.050109,
  'XAF' => 655.957,
  'XAG' => 0.035315,
  'XAU' => 0.000452,
  'XCD' => 2.943954,
  'XDR' => 0.825167,
  'XOF' => 655.957,
  'XPD' => 0.001143,
  'XPF' => 119.331742,
  'XPT' => 0.001097,
  'YER' => 272.685162,
  'ZAR' => 19.570207,
  'ZMW' => 27.863396,
  'ZWL' => 350.762527,
)
2024-07-15T07:55:35+00:00 INFO ENVIRONMENT: array (
  'WP_User' => 'masterlordsolutions.com',
  'HTTP_REFERER' => 'https://masterlordsolutions.com/wp-login.php?redirect_to=httpsmasterlordsolutions.com',
  'HTTP_USER_AGENT' => 'Mozilla/5.0 (Windows NT 10.0; Win64; x64) AppleWebKit/537.36 (KHTML, like Gecko) Chrome/126.0.0.0 Safari/537.36',
  'REQUEST_URI' => '/',
  'DOING_AJAX' => false,
  'DOING_CRON' => false,
  'WP_CLI' => false,
)
2024-07-15T07:55:35+00:00 INFO REQUEST POST https://public-api.wordpress.com/wpcom/v2/sites/%s/wcpay/tracking/link-session
2024-07-15T07:55:35+00:00 INFO HEADERS: array (
  'Content-Type' => 'application/json; charset=utf-8',
  'User-Agent' => 'WooCommerce Payments/7.6.0',
  'Idempotency-Key' => '7bce8564-e6fc-4ca3-8c2c-b7634d6d6bbb',
)
2024-07-15T07:55:35+00:00 INFO BODY: array (
  'test_mode' => true,
  'session' => 'st_1QJMzJzj$Jcy2Q2tfYv.RFz7skFDW_t_ce18efd3a36dc05103b1b1558752ff',
  'customer' => 'cus_QRvdHZRcwVnZfi',
)
2024-07-15T07:55:35+00:00 INFO RESPONSE: array (
  'result' => 'success',
)
2024-07-15T08:54:04+00:00 INFO ENVIRONMENT: array (
  'WP_User' => 'Csanad',
  'HTTP_REFERER' => 'https://masterlordsolutions.com/wp-login.php?loggedout=true&wp_lang=en_US',
  'HTTP_USER_AGENT' => 'Mozilla/5.0 (Windows NT 10.0; Win64; x64) AppleWebKit/537.36 (KHTML, like Gecko) Chrome/126.0.0.0 Safari/537.36',
  'REQUEST_URI' => '/wp-admin/',
  'DOING_AJAX' => false,
  'DOING_CRON' => false,
  'WP_CLI' => false,
)
2024-07-15T08:54:04+00:00 INFO REQUEST GET https://public-api.wordpress.com/wpcom/v2/sites/%s/wcpay/accounts?test_mode=0
2024-07-15T08:54:04+00:00 INFO HEADERS: array (
  'Content-Type' => 'application/json; charset=utf-8',
  'User-Agent' => 'WooCommerce Payments/7.6.0',
)
2024-07-15T08:54:07+00:00 INFO RESPONSE: array (
  'account_id' => 'acct_1PJA0PFxlPKzr7zD',
  'email' => '(redacted)',
  'live_publishable_key' => 'pk_live_iBIpeqzKOOx2Y8PFCRBfyMU000Q7xVG4Sn',
  'test_publishable_key' => 'pk_test_51ETDmyFuiXB5oUVxwSobQMW5Tno1GclIq7ePZWzLeW4q8oa7Zb8hI5VfwI5sNT5nXuKYinLukNvGCXmsQXAoDGHG00MqHqlYHR',
  'is_live' => true,
  'created' => '2024-05-22 07:54:39',
  'has_pending_requirements' => false,
  'has_future_requirements' => true,
  'has_overdue_requirements' => false,
  'details_submitted' => true,
  'current_deadline' => NULL,
  'status' => 'enabled',
  'capabilities' => 
  array (
    'bancontact_payments' => 'active',
    'card_payments' => 'active',
    'eps_payments' => 'active',
    'giropay_payments' => 'active',
    'ideal_payments' => 'active',
    'p24_payments' => 'active',
    'transfers' => 'active',
    'bank_transfer_payments' => 'unrequested',
    'blik_payments' => 'unrequested',
    'cartes_bancaires_payments' => 'unrequested',
    'link_payments' => 'unrequested',
    'mobilepay_payments' => 'unrequested',
    'multibanco_payments' => 'unrequested',
    'sepa_bank_transfer_payments' => 'unrequested',
    'sepa_debit_payments' => 'unrequested',
    'sofort_payments' => 'unrequested',
    'twint_payments' => 'unrequested',
  ),
  'capability_requirements' => 
  array (
    'bancontact_payments' => 
    array (
    ),
    'bank_transfer_payments' => 
    array (
    ),
    'blik_payments' => 
    array (
    ),
    'card_payments' => 
    array (
    ),
    'cartes_bancaires_payments' => 
    array (
    ),
    'eps_payments' => 
    array (
    ),
    'giropay_payments' => 
    array (
    ),
    'ideal_payments' => 
    array (
    ),
    'link_payments' => 
    array (
    ),
    'mobilepay_payments' => 
    array (
    ),
    'multibanco_payments' => 
    array (
    ),
    'p24_payments' => 
    array (
    ),
    'sepa_bank_transfer_payments' => 
    array (
    ),
    'sepa_debit_payments' => 
    array (
    ),
    'sofort_payments' => 
    array (
    ),
    'transfers' => 
    array (
    ),
    'twint_payments' => 
    array (
    ),
  ),
  'payments_enabled' => true,
  'deposits' => 
  array (
    'status' => 'enabled',
    'restrictions' => 'deposits_unrestricted',
    'interval' => 'daily',
    'weekly_anchor' => '',
    'monthly_anchor' => NULL,
    'delay_days' => 3,
    'completed_waiting_period' => false,
    'minimum_manual_deposit_amounts' => 
    array (
      'aud' => 500,
      'bgn' => 100,
      'cad' => 500,
      'chf' => 500,
      'czk' => 3000,
      'dkk' => 5000,
      'eur' => 500,
      'gbp' => 500,
      'hkd' => 5000,
      'huf' => 36000,
      'nok' => 5000,
      'nzd' => 500,
      'jpy' => 50,
      'sek' => 5000,
      'sgd' => 500,
      'usd' => 500,
      'ron' => 500,
      'pln' => 500,
      'aed' => 200,
    ),
    'minimum_scheduled_deposit_amounts' => 
    array (
      'aed' => 200,
      'aud' => 0,
      'bgn' => 100,
      'cad' => 0,
      'chf' => 500,
      'czk' => 3000,
      'dkk' => 2000,
      'eur' => 100,
      'gbp' => 100,
      'hkd' => 0,
      'huf' => 36000,
      'jpy' => 1,
      'nok' => 2000,
      'nzd' => 0,
      'pln' => 500,
      'ron' => 500,
      'sek' => 2000,
      'sgd' => 100,
      'usd' => 0,
    ),
  ),
  'lifetime_total_payment_volume' => 0,
  'requirements' => 
  array (
    'errors' => 
    array (
    ),
  ),
  'statement_descriptor' => 'MASTERLORDSOLUTIONS',
  'statement_descriptor_kanji' => '',
  'statement_descriptor_kana' => '',
  'latest_tos_agreement' => 
  array (
    'date' => '2024-05-22 07:54:39',
    'source' => 'signup',
    'is_current_version' => true,
  ),
  'fees' => 
  array (
    'base' => 
    array (
      'percentage_rate' => 0.015,
      'fixed_rate' => 2000,
      'currency' => 'huf',
    ),
    'discount' => 
    array (
    ),
    'card' => 
    array (
      'base' => 
      array (
        'percentage_rate' => 0.015,
        'fixed_rate' => 2000,
        'currency' => 'huf',
      ),
      'additional' => 
      array (
        'percentage_rate' => 0.02,
        'fixed_rate' => 0,
        'currency' => 'huf',
      ),
      'fx' => 
      array (
        'percentage_rate' => 0.02,
        'fixed_rate' => 0,
        'currency' => 'huf',
      ),
      'discount' => 
      array (
      ),
    ),
    'bancontact' => 
    array (
      'base' => 
      array (
        'percentage_rate' => 0.014,
        'fixed_rate' => 8500,
        'currency' => 'huf',
      ),
      'additional' => 
      array (
        'percentage_rate' => 0,
        'fixed_rate' => 0,
        'currency' => 'huf',
      ),
      'fx' => 
      array (
        'percentage_rate' => 0,
        'fixed_rate' => 0,
        'currency' => 'huf',
      ),
      'discount' => 
      array (
      ),
    ),
    'eps' => 
    array (
      'base' => 
      array (
        'percentage_rate' => 0.018,
        'fixed_rate' => 8500,
        'currency' => 'huf',
      ),
      'additional' => 
      array (
        'percentage_rate' => 0,
        'fixed_rate' => 0,
        'currency' => 'huf',
      ),
      'fx' => 
      array (
        'percentage_rate' => 0,
        'fixed_rate' => 0,
        'currency' => 'huf',
      ),
      'discount' => 
      array (
      ),
    ),
    'ideal' => 
    array (
      'base' => 
      array (
        'percentage_rate' => 0,
        'fixed_rate' => 10500,
        'currency' => 'huf',
      ),
      'additional' => 
      array (
        'percentage_rate' => 0,
        'fixed_rate' => 0,
        'currency' => 'huf',
      ),
      'fx' => 
      array (
        'percentage_rate' => 0,
        'fixed_rate' => 0,
        'currency' => 'huf',
      ),
      'discount' => 
      array (
      ),
    ),
    'giropay' => 
    array (
      'base' => 
      array (
        'percentage_rate' => 0.014,
        'fixed_rate' => 8500,
        'currency' => 'huf',
      ),
      'additional' => 
      array (
        'percentage_rate' => 0,
        'fixed_rate' => 0,
        'currency' => 'huf',
      ),
      'fx' => 
      array (
        'percentage_rate' => 0,
        'fixed_rate' => 0,
        'currency' => 'huf',
      ),
      'discount' => 
      array (
      ),
    ),
    'p24' => 
    array (
      'base' => 
      array (
        'percentage_rate' => 0.022,
        'fixed_rate' => 8500,
        'currency' => 'huf',
      ),
      'additional' => 
      array (
        'percentage_rate' => 0,
        'fixed_rate' => 0,
        'currency' => 'huf',
      ),
      'fx' => 
      array (
        'percentage_rate' => 0,
        'fixed_rate' => 0,
        'currency' => 'huf',
      ),
      'discount' => 
      array (
      ),
    ),
  ),
  'capital' => 
  array (
    'has_active_loan' => false,
    'has_previous_loans' => false,
    'loans' => 
    array (
    ),
  ),
  'fraud_services' => 
  array (
    'stripe' => 
    array (
    ),
    'sift' => 
    array (
      'beacon_key' => 'affbdadb36',
      'sandbox_beacon_key' => '6ad0ad748b',
    ),
  ),
  'store_currencies' => 
  array (
    'default' => 'huf',
    'supported' => 
    array (
      0 => 'huf',
    ),
  ),
  'customer_currencies' => 
  array (
    'supported' => 
    array (
      0 => 'usd',
      1 => 'aed',
      2 => 'afn',
      3 => 'all',
      4 => 'amd',
      5 => 'ang',
      6 => 'aoa',
      7 => 'ars',
      8 => 'aud',
      9 => 'awg',
      10 => 'azn',
      11 => 'bam',
      12 => 'bbd',
      13 => 'bdt',
      14 => 'bgn',
      15 => 'bif',
      16 => 'bmd',
      17 => 'bnd',
      18 => 'bob',
      19 => 'brl',
      20 => 'bsd',
      21 => 'bwp',
      22 => 'byn',
      23 => 'bzd',
      24 => 'cad',
      25 => 'cdf',
      26 => 'chf',
      27 => 'clp',
      28 => 'cny',
      29 => 'cop',
      30 => 'crc',
      31 => 'cve',
      32 => 'czk',
      33 => 'djf',
      34 => 'dkk',
      35 => 'dop',
      36 => 'dzd',
      37 => 'egp',
      38 => 'etb',
      39 => 'eur',
      40 => 'fjd',
      41 => 'fkp',
      42 => 'gbp',
      43 => 'gel',
      44 => 'gip',
      45 => 'gmd',
      46 => 'gnf',
      47 => 'gtq',
      48 => 'gyd',
      49 => 'hkd',
      50 => 'hnl',
      51 => 'htg',
      52 => 'huf',
      53 => 'idr',
      54 => 'ils',
      55 => 'inr',
      56 => 'isk',
      57 => 'jmd',
      58 => 'jpy',
      59 => 'kes',
      60 => 'kgs',
      61 => 'khr',
      62 => 'kmf',
      63 => 'krw',
      64 => 'kyd',
      65 => 'kzt',
      66 => 'lak',
      67 => 'lbp',
      68 => 'lkr',
      69 => 'lrd',
      70 => 'lsl',
      71 => 'mad',
      72 => 'mdl',
      73 => 'mga',
      74 => 'mkd',
      75 => 'mmk',
      76 => 'mnt',
      77 => 'mop',
      78 => 'mur',
      79 => 'mvr',
      80 => 'mwk',
      81 => 'mxn',
      82 => 'myr',
      83 => 'mzn',
      84 => 'nad',
      85 => 'ngn',
      86 => 'nio',
      87 => 'nok',
      88 => 'npr',
      89 => 'nzd',
      90 => 'pab',
      91 => 'pen',
      92 => 'pgk',
      93 => 'php',
      94 => 'pkr',
      95 => 'pln',
      96 => 'pyg',
      97 => 'qar',
      98 => 'ron',
      99 => 'rsd',
      100 => 'rub',
      101 => 'rwf',
      102 => 'sar',
      103 => 'sbd',
      104 => 'scr',
      105 => 'sek',
      106 => 'sgd',
      107 => 'shp',
      108 => 'sle',
      109 => 'sos',
      110 => 'srd',
      111 => 'std',
      112 => 'szl',
      113 => 'thb',
      114 => 'tjs',
      115 => 'top',
      116 => 'try',
      117 => 'ttd',
      118 => 'twd',
      119 => 'tzs',
      120 => 'uah',
      121 => 'ugx',
      122 => 'uyu',
      123 => 'uzs',
      124 => 'vnd',
      125 => 'vuv',
      126 => 'wst',
      127 => 'xaf',
      128 => 'xcd',
      129 => 'xof',
      130 => 'xpf',
      131 => 'yer',
      132 => 'zar',
      133 => 'zmw',
    ),
  ),
  'country' => '(redacted)',
  'instant_deposits_eligible' => false,
  'card_present_eligible' => false,
  'has_card_readers_available' => false,
  'platform_checkout_eligible' => false,
  'platform_direct_checkout_eligible' => false,
  'business_profile' => 
  array (
    'name' => '(redacted)',
    'url' => 'https://masterlordsolutions.com/',
    'support_address' => 
    array (
    ),
    'support_email' => NULL,
    'support_phone' => NULL,
  ),
  'branding' => 
  array (
    'icon' => NULL,
    'logo' => NULL,
    'primary_color' => NULL,
    'secondary_color' => NULL,
  ),
  'locale' => 'en_US',
  'has_more_failed_events' => false,
  'has_submitted_vat_data' => false,
  'is_documents_enabled' => true,
  'card_testing_protection_eligible' => false,
  'progressive_onboarding' => 
  array (
    'is_enabled' => false,
    'is_complete' => false,
    'tpv' => NULL,
    'first_transaction_date' => NULL,
    'kyc_deadline_date' => NULL,
  ),
  'fraud_mitigation_settings' => 
  array (
    'avs_check_enabled' => false,
    'cvc_check_enabled' => true,
  ),
  'is_deferred_intent_creation_upe_enabled' => true,
  'pre_check_save_my_info' => false,
)
2024-07-15T08:54:07+00:00 INFO ENVIRONMENT: array (
  'WP_User' => 'Csanad',
  'HTTP_REFERER' => 'https://masterlordsolutions.com/wp-login.php?loggedout=true&wp_lang=en_US',
  'HTTP_USER_AGENT' => 'Mozilla/5.0 (Windows NT 10.0; Win64; x64) AppleWebKit/537.36 (KHTML, like Gecko) Chrome/126.0.0.0 Safari/537.36',
  'REQUEST_URI' => '/wp-admin/',
  'DOING_AJAX' => false,
  'DOING_CRON' => false,
  'WP_CLI' => false,
)
2024-07-15T08:54:07+00:00 INFO REQUEST POST https://public-api.wordpress.com/wpcom/v2/sites/%s/wcpay/compatibility
2024-07-15T08:54:07+00:00 INFO HEADERS: array (
  'Content-Type' => 'application/json; charset=utf-8',
  'User-Agent' => 'WooCommerce Payments/7.6.0',
  'Idempotency-Key' => 'c275997c-afe4-4707-a1d9-d0d7df6c6f43',
)
2024-07-15T08:54:07+00:00 INFO BODY: array (
  'test_mode' => true,
  'compatibility_data' => 
  array (
    'woopayments_version' => '7.6.0',
    'woocommerce_version' => '9.0.2',
    'woocommerce_permalinks' => 
    array (
      'product_base' => 'product',
      'category_base' => 'product-category',
      'tag_base' => 'product-tag',
      'attribute_base' => '',
      'use_verbose_page_rules' => false,
    ),
    'woocommerce_shop' => 'https://masterlordsolutions.com/store/',
    'woocommerce_cart' => 'https://masterlordsolutions.com/cart/',
    'woocommerce_checkout' => 'https://masterlordsolutions.com/checkout/',
    'blog_theme' => 'astra-child',
    'active_plugins' => 
    array (
      0 => 'advanced-custom-fields/acf.php',
      1 => 'astra-sites/astra-sites.php',
      2 => 'checkout-plugins-stripe-woo/checkout-plugins-stripe-woo.php',
      3 => 'code-snippets/code-snippets.php',
      4 => 'custom-css-js/custom-css-js.php',
      5 => 'duplicate-page/duplicatepage.php',
      6 => 'masterlord-solutions/masterlord-solutions.php',
      7 => 'membership-for-woocommerce/membership-for-woocommerce.php',
      8 => 'mwb-bookings-for-woocommerce/mwb-bookings-for-woocommerce.php',
      9 => 'subscriptions-for-woocommerce/subscriptions-for-woocommerce.php',
      10 => 'ultimate-addons-for-gutenberg/ultimate-addons-for-gutenberg.php',
      11 => 'variation-swatches-woo/variation-swatches-woo.php',
      12 => 'what-the-file/what-the-file.php',
      13 => 'woo-update-manager/woo-update-manager.php',
      14 => 'woocommerce-payments/woocommerce-payments.php',
      15 => 'woocommerce/woocommerce.php',
      16 => 'wp-file-manager/file_folder_manager.php',
    ),
    'post_types_count' => 
    array (
      'post' => 0,
      'page' => 8,
      'attachment' => 0,
      'product' => 9,
      'rent' => 0,
      'wps_cpt_members' => 5,
      'wps_cpt_membership' => 3,
    ),
  ),
)
2024-07-15T08:54:07+00:00 INFO RESPONSE: array (
  'result' => 'success',
)
2024-07-15T08:54:07+00:00 INFO ENVIRONMENT: array (
  'WP_User' => 'Csanad',
  'HTTP_REFERER' => 'https://masterlordsolutions.com/wp-login.php?loggedout=true&wp_lang=en_US',
  'HTTP_USER_AGENT' => 'Mozilla/5.0 (Windows NT 10.0; Win64; x64) AppleWebKit/537.36 (KHTML, like Gecko) Chrome/126.0.0.0 Safari/537.36',
  'REQUEST_URI' => '/wp-admin/',
  'DOING_AJAX' => false,
  'DOING_CRON' => false,
  'WP_CLI' => false,
)
2024-07-15T08:54:07+00:00 INFO REQUEST GET https://public-api.wordpress.com/wpcom/v2/sites/%s/wcpay/disputes/status_counts?test_mode=1
2024-07-15T08:54:07+00:00 INFO HEADERS: array (
  'Content-Type' => 'application/json; charset=utf-8',
  'User-Agent' => 'WooCommerce Payments/7.6.0',
)
2024-07-15T08:54:07+00:00 INFO RESPONSE: array (
)
2024-07-15T12:19:35+00:00 INFO ENVIRONMENT: array (
  'WP_User' => 'Guest (non logged-in user)',
  'HTTP_REFERER' => 'http://masterlordsolutions.com',
  'HTTP_USER_AGENT' => 'Mozilla/5.0 (iPhone; CPU iPhone OS 13_2_3 like Mac OS X) AppleWebKit/605.1.15 (KHTML, like Gecko) Version/13.0.3 Mobile/15E148 Safari/604.1',
  'REQUEST_URI' => '/',
  'DOING_AJAX' => false,
  'DOING_CRON' => false,
  'WP_CLI' => false,
)
2024-07-15T12:19:35+00:00 INFO REQUEST GET https://public-api.wordpress.com/wpcom/v2/sites/%s/wcpay/currency/rates?test_mode=1&currency_from=eur
2024-07-15T12:19:35+00:00 INFO HEADERS: array (
  'Content-Type' => 'application/json; charset=utf-8',
  'User-Agent' => 'WooCommerce Payments/7.6.0',
)
2024-07-15T12:19:36+00:00 INFO RESPONSE: array (
  'AED' => 4.005688,
  'AFN' => 77.226915,
  'ALL' => 100.240397,
  'AMD' => 423.060312,
  'ANG' => 1.965104,
  'AOA' => 953.758283,
  'ARS' => 1002.498729,
  'AUD' => 1.609061,
  'AWG' => 1.964674,
  'AZN' => 1.85398,
  'BAM' => 1.95471,
  'BBD' => 2.181153,
  'BDT' => 128.12853,
  'BGN' => 1.954524,
  'BHD' => 0.411075,
  'BIF' => 3139.27503,
  'BMD' => 1.090577,
  'BND' => 1.463062,
  'BOB' => 7.534727,
  'BRL' => 5.921613,
  'BSD' => 1.090577,
  'BTC' => 1.7E-5,
  'BTN' => 91.139345,
  'BWP' => 14.744233,
  'BYN' => 3.568409,
  'BZD' => 2.197874,
  'CAD' => 1.487792,
  'CDF' => 3074.891726,
  'CHF' => 0.975519,
  'CLF' => 0.035781,
  'CLP' => 987.320776,
  'CNH' => 7.930884,
  'CNY' => 7.921839,
  'COP' => 4355.129076,
  'CRC' => 570.087576,
  'CUC' => 1.090577,
  'CUP' => 28.082347,
  'CVE' => 110.202529,
  'CZK' => 25.428756,
  'DJF' => 194.134546,
  'DKK' => 7.461497,
  'DOP' => 64.464626,
  'DZD' => 146.302501,
  'EGP' => 52.321065,
  'ERN' => 16.358648,
  'ETB' => 62.999351,
  'EUR' => 1,
  'FJD' => 2.424079,
  'FKP' => 0.840602,
  'GBP' => 0.840602,
  'GEL' => 2.977274,
  'GGP' => 0.840602,
  'GHS' => 16.791478,
  'GIP' => 0.840602,
  'GMD' => 73.886562,
  'GNF' => 9390.705595,
  'GTQ' => 8.461202,
  'GYD' => 228.120643,
  'HKD' => 8.512288,
  'HNL' => 27.007931,
  'HRK' => 7.532809,
  'HTG' => 144.097824,
  'HUF' => 391.840691,
  'IDR' => 17643.366618,
  'ILS' => 3.938665,
  'IMP' => 0.840602,
  'INR' => 91.170325,
  'IQD' => 1428.376135,
  'IRR' => 45899.64121,
  'ISK' => 149.299932,
  'JEP' => 0.840602,
  'JMD' => 170.864669,
  'JOD' => 0.772892,
  'JPY' => 172.439513,
  'KES' => 140.128183,
  'KGS' => 93.026181,
  'KHR' => 4476.791322,
  'KMF' => 494.3585,
  'KPW' => 981.518909,
  'KRW' => 1508.270969,
  'KWD' => 0.333357,
  'KYD' => 0.908676,
  'KZT' => 515.812657,
  'LAK' => 24154.964962,
  'LBP' => 97663.04666,
  'LKR' => 330.10975,
  'LRD' => 212.621376,
  'LSL' => 19.836933,
  'LYD' => 5.287856,
  'MAD' => 10.695035,
  'MDL' => 19.299233,
  'MGA' => 4898.10732,
  'MKD' => 61.486322,
  'MMK' => 2402.910971,
  'MNT' => 3762.489152,
  'MOP' => 8.766409,
  'MUR' => 50.820873,
  'MVR' => 16.849408,
  'MWK' => 1890.744859,
  'MXN' => 19.418061,
  'MYR' => 5.094629,
  'MZN' => 69.633315,
  'NAD' => 19.83657,
  'NGN' => 1533.350651,
  'NIO' => 40.137606,
  'NOK' => 11.750695,
  'NPR' => 145.824022,
  'NZD' => 1.790751,
  'OMR' => 0.419767,
  'PAB' => 1.090577,
  'PEN' => 4.064433,
  'PGK' => 4.26562,
  'PHP' => 63.683133,
  'PKR' => 303.223392,
  'PLN' => 4.252369,
  'PYG' => 8217.218349,
  'QAR' => 3.979644,
  'RON' => 4.969387,
  'RSD' => 117.038496,
  'RUB' => 96.244272,
  'RWF' => 1428.40561,
  'SAR' => 4.090418,
  'SBD' => 9.203833,
  'SCR' => 15.294022,
  'SDG' => 655.436516,
  'SEK' => 11.542119,
  'SGD' => 1.46401,
  'SHP' => 0.840602,
  'SLL' => 22868.845295,
  'SOS' => 623.152161,
  'SRD' => 32.286519,
  'SSP' => 142.058503,
  'STD' => 24300.008922,
  'SVC' => 9.540502,
  'SYP' => 2740.106339,
  'SZL' => 19.829209,
  'THB' => 39.461968,
  'TJS' => 11.623202,
  'TMT' => 3.817018,
  'TND' => 3.378084,
  'TOP' => 2.56809,
  'TRY' => 36.055688,
  'TTD' => 7.402734,
  'TWD' => 35.540252,
  'TZS' => 2916.773199,
  'UAH' => 44.728944,
  'UGX' => 4034.690484,
  'USD' => 1.090577,
  'UYU' => 43.664714,
  'UZS' => 13777.132858,
  'VND' => 27669.078363,
  'VUV' => 129.475431,
  'WST' => 3.053614,
  'XAF' => 655.957,
  'XAG' => 0.03542,
  'XAU' => 0.000451,
  'XCD' => 2.947338,
  'XDR' => 0.822411,
  'XOF' => 655.957,
  'XPD' => 0.001138,
  'XPF' => 119.331742,
  'XPT' => 0.001091,
  'YER' => 272.998555,
  'ZAR' => 19.846347,
  'ZMW' => 27.941412,
  'ZWL' => 351.165654,
)
2024-07-15T12:19:36+00:00 INFO ENVIRONMENT: array (
  'WP_User' => 'Guest (non logged-in user)',
  'HTTP_REFERER' => '--',
  'HTTP_USER_AGENT' => 'WordPress/6.5.5; https://masterlordsolutions.com',
  'REQUEST_URI' => '/wp-cron.php?doing_wp_cron=1721045976.1067099571228027343750',
  'DOING_AJAX' => false,
  'DOING_CRON' => true,
  'WP_CLI' => false,
)
2024-07-15T12:19:36+00:00 INFO REQUEST GET https://public-api.wordpress.com/wpcom/v2/wcpay/woopay/compatibility?test_mode=1
2024-07-15T12:19:36+00:00 INFO HEADERS: array (
  'Content-Type' => 'application/json; charset=utf-8',
  'User-Agent' => 'WooCommerce Payments/7.6.0',
)
2024-07-15T12:19:36+00:00 INFO RESPONSE: array (
  'incompatible_extensions' => 
  array (
    0 => 'class-wcdonation',
    1 => 'woocommerce-table-rate-shipping',
    2 => 'woocommerce-memberships-for-teams',
    3 => 'woocommerce-checkout-add-ons',
    4 => 'woocommerce-checkout-field-editor',
    5 => 'woocommerce-eu-vat-number',
    6 => 'woocommerce-order-delivery',
    7 => 'woocommerce-pdf-product-vouchers',
    8 => 'woocommerce-shipping-local-pickup-plus',
    9 => 'woocommerce-shipping-multiple-addresses',
    10 => 'woocommerce-smart-coupons',
    11 => 'woocommerce-subscriptions-gifting',
    12 => 'advanced-product-fields-for-woocommerce',
  ),
  'adapted_extensions' => 
  array (
    0 => 'woocommerce-points-and-rewards',
    1 => 'woocommerce-gift-cards',
  ),
  'available_countries' => 
  array (
    0 => 'US',
  ),
)
2024-07-15T20:45:48+00:00 INFO ENVIRONMENT: array (
  'WP_User' => 'Guest (non logged-in user)',
  'HTTP_REFERER' => '--',
  'HTTP_USER_AGENT' => 'Mozilla/5.0 (Windows NT 10.0; Win64; x64) AppleWebKit/537.36 (KHTML, like Gecko) Chrome/126.0.0.0 Safari/537.36',
  'REQUEST_URI' => '/wp-admin/',
  'DOING_AJAX' => false,
  'DOING_CRON' => false,
  'WP_CLI' => false,
)
2024-07-15T20:45:48+00:00 INFO REQUEST GET https://public-api.wordpress.com/wpcom/v2/sites/%s/wcpay/accounts?test_mode=0
2024-07-15T20:45:48+00:00 INFO HEADERS: array (
  'Content-Type' => 'application/json; charset=utf-8',
  'User-Agent' => 'WooCommerce Payments/7.6.0',
)
2024-07-15T20:45:51+00:00 INFO RESPONSE: array (
  'account_id' => 'acct_1PJA0PFxlPKzr7zD',
  'email' => '(redacted)',
  'live_publishable_key' => 'pk_live_iBIpeqzKOOx2Y8PFCRBfyMU000Q7xVG4Sn',
  'test_publishable_key' => 'pk_test_51ETDmyFuiXB5oUVxwSobQMW5Tno1GclIq7ePZWzLeW4q8oa7Zb8hI5VfwI5sNT5nXuKYinLukNvGCXmsQXAoDGHG00MqHqlYHR',
  'is_live' => true,
  'created' => '2024-05-22 07:54:39',
  'has_pending_requirements' => false,
  'has_future_requirements' => true,
  'has_overdue_requirements' => false,
  'details_submitted' => true,
  'current_deadline' => NULL,
  'status' => 'enabled',
  'capabilities' => 
  array (
    'bancontact_payments' => 'active',
    'card_payments' => 'active',
    'eps_payments' => 'active',
    'giropay_payments' => 'active',
    'ideal_payments' => 'active',
    'p24_payments' => 'active',
    'transfers' => 'active',
    'bank_transfer_payments' => 'unrequested',
    'blik_payments' => 'unrequested',
    'cartes_bancaires_payments' => 'unrequested',
    'link_payments' => 'unrequested',
    'mobilepay_payments' => 'unrequested',
    'multibanco_payments' => 'unrequested',
    'sepa_bank_transfer_payments' => 'unrequested',
    'sepa_debit_payments' => 'unrequested',
    'sofort_payments' => 'unrequested',
    'twint_payments' => 'unrequested',
  ),
  'capability_requirements' => 
  array (
    'bancontact_payments' => 
    array (
    ),
    'bank_transfer_payments' => 
    array (
    ),
    'blik_payments' => 
    array (
    ),
    'card_payments' => 
    array (
    ),
    'cartes_bancaires_payments' => 
    array (
    ),
    'eps_payments' => 
    array (
    ),
    'giropay_payments' => 
    array (
    ),
    'ideal_payments' => 
    array (
    ),
    'link_payments' => 
    array (
    ),
    'mobilepay_payments' => 
    array (
    ),
    'multibanco_payments' => 
    array (
    ),
    'p24_payments' => 
    array (
    ),
    'sepa_bank_transfer_payments' => 
    array (
    ),
    'sepa_debit_payments' => 
    array (
    ),
    'sofort_payments' => 
    array (
    ),
    'transfers' => 
    array (
    ),
    'twint_payments' => 
    array (
    ),
  ),
  'payments_enabled' => true,
  'deposits' => 
  array (
    'status' => 'enabled',
    'restrictions' => 'deposits_unrestricted',
    'interval' => 'daily',
    'weekly_anchor' => '',
    'monthly_anchor' => NULL,
    'delay_days' => 3,
    'completed_waiting_period' => false,
    'minimum_manual_deposit_amounts' => 
    array (
      'aud' => 500,
      'bgn' => 100,
      'cad' => 500,
      'chf' => 500,
      'czk' => 3000,
      'dkk' => 5000,
      'eur' => 500,
      'gbp' => 500,
      'hkd' => 5000,
      'huf' => 36000,
      'nok' => 5000,
      'nzd' => 500,
      'jpy' => 50,
      'sek' => 5000,
      'sgd' => 500,
      'usd' => 500,
      'ron' => 500,
      'pln' => 500,
      'aed' => 200,
    ),
    'minimum_scheduled_deposit_amounts' => 
    array (
      'aed' => 200,
      'aud' => 0,
      'bgn' => 100,
      'cad' => 0,
      'chf' => 500,
      'czk' => 3000,
      'dkk' => 2000,
      'eur' => 100,
      'gbp' => 100,
      'hkd' => 0,
      'huf' => 36000,
      'jpy' => 1,
      'nok' => 2000,
      'nzd' => 0,
      'pln' => 500,
      'ron' => 500,
      'sek' => 2000,
      'sgd' => 100,
      'usd' => 0,
    ),
  ),
  'lifetime_total_payment_volume' => 0,
  'requirements' => 
  array (
    'errors' => 
    array (
    ),
  ),
  'statement_descriptor' => 'MASTERLORDSOLUTIONS',
  'statement_descriptor_kanji' => '',
  'statement_descriptor_kana' => '',
  'latest_tos_agreement' => 
  array (
    'date' => '2024-05-22 07:54:39',
    'source' => 'signup',
    'is_current_version' => true,
  ),
  'fees' => 
  array (
    'base' => 
    array (
      'percentage_rate' => 0.015,
      'fixed_rate' => 2000,
      'currency' => 'huf',
    ),
    'discount' => 
    array (
    ),
    'card' => 
    array (
      'base' => 
      array (
        'percentage_rate' => 0.015,
        'fixed_rate' => 2000,
        'currency' => 'huf',
      ),
      'additional' => 
      array (
        'percentage_rate' => 0.02,
        'fixed_rate' => 0,
        'currency' => 'huf',
      ),
      'fx' => 
      array (
        'percentage_rate' => 0.02,
        'fixed_rate' => 0,
        'currency' => 'huf',
      ),
      'discount' => 
      array (
      ),
    ),
    'bancontact' => 
    array (
      'base' => 
      array (
        'percentage_rate' => 0.014,
        'fixed_rate' => 8500,
        'currency' => 'huf',
      ),
      'additional' => 
      array (
        'percentage_rate' => 0,
        'fixed_rate' => 0,
        'currency' => 'huf',
      ),
      'fx' => 
      array (
        'percentage_rate' => 0,
        'fixed_rate' => 0,
        'currency' => 'huf',
      ),
      'discount' => 
      array (
      ),
    ),
    'eps' => 
    array (
      'base' => 
      array (
        'percentage_rate' => 0.018,
        'fixed_rate' => 8500,
        'currency' => 'huf',
      ),
      'additional' => 
      array (
        'percentage_rate' => 0,
        'fixed_rate' => 0,
        'currency' => 'huf',
      ),
      'fx' => 
      array (
        'percentage_rate' => 0,
        'fixed_rate' => 0,
        'currency' => 'huf',
      ),
      'discount' => 
      array (
      ),
    ),
    'ideal' => 
    array (
      'base' => 
      array (
        'percentage_rate' => 0,
        'fixed_rate' => 10500,
        'currency' => 'huf',
      ),
      'additional' => 
      array (
        'percentage_rate' => 0,
        'fixed_rate' => 0,
        'currency' => 'huf',
      ),
      'fx' => 
      array (
        'percentage_rate' => 0,
        'fixed_rate' => 0,
        'currency' => 'huf',
      ),
      'discount' => 
      array (
      ),
    ),
    'giropay' => 
    array (
      'base' => 
      array (
        'percentage_rate' => 0.014,
        'fixed_rate' => 8500,
        'currency' => 'huf',
      ),
      'additional' => 
      array (
        'percentage_rate' => 0,
        'fixed_rate' => 0,
        'currency' => 'huf',
      ),
      'fx' => 
      array (
        'percentage_rate' => 0,
        'fixed_rate' => 0,
        'currency' => 'huf',
      ),
      'discount' => 
      array (
      ),
    ),
    'p24' => 
    array (
      'base' => 
      array (
        'percentage_rate' => 0.022,
        'fixed_rate' => 8500,
        'currency' => 'huf',
      ),
      'additional' => 
      array (
        'percentage_rate' => 0,
        'fixed_rate' => 0,
        'currency' => 'huf',
      ),
      'fx' => 
      array (
        'percentage_rate' => 0,
        'fixed_rate' => 0,
        'currency' => 'huf',
      ),
      'discount' => 
      array (
      ),
    ),
  ),
  'capital' => 
  array (
    'has_active_loan' => false,
    'has_previous_loans' => false,
    'loans' => 
    array (
    ),
  ),
  'fraud_services' => 
  array (
    'stripe' => 
    array (
    ),
    'sift' => 
    array (
      'beacon_key' => 'affbdadb36',
      'sandbox_beacon_key' => '6ad0ad748b',
    ),
  ),
  'store_currencies' => 
  array (
    'default' => 'huf',
    'supported' => 
    array (
      0 => 'huf',
    ),
  ),
  'customer_currencies' => 
  array (
    'supported' => 
    array (
      0 => 'usd',
      1 => 'aed',
      2 => 'afn',
      3 => 'all',
      4 => 'amd',
      5 => 'ang',
      6 => 'aoa',
      7 => 'ars',
      8 => 'aud',
      9 => 'awg',
      10 => 'azn',
      11 => 'bam',
      12 => 'bbd',
      13 => 'bdt',
      14 => 'bgn',
      15 => 'bif',
      16 => 'bmd',
      17 => 'bnd',
      18 => 'bob',
      19 => 'brl',
      20 => 'bsd',
      21 => 'bwp',
      22 => 'byn',
      23 => 'bzd',
      24 => 'cad',
      25 => 'cdf',
      26 => 'chf',
      27 => 'clp',
      28 => 'cny',
      29 => 'cop',
      30 => 'crc',
      31 => 'cve',
      32 => 'czk',
      33 => 'djf',
      34 => 'dkk',
      35 => 'dop',
      36 => 'dzd',
      37 => 'egp',
      38 => 'etb',
      39 => 'eur',
      40 => 'fjd',
      41 => 'fkp',
      42 => 'gbp',
      43 => 'gel',
      44 => 'gip',
      45 => 'gmd',
      46 => 'gnf',
      47 => 'gtq',
      48 => 'gyd',
      49 => 'hkd',
      50 => 'hnl',
      51 => 'htg',
      52 => 'huf',
      53 => 'idr',
      54 => 'ils',
      55 => 'inr',
      56 => 'isk',
      57 => 'jmd',
      58 => 'jpy',
      59 => 'kes',
      60 => 'kgs',
      61 => 'khr',
      62 => 'kmf',
      63 => 'krw',
      64 => 'kyd',
      65 => 'kzt',
      66 => 'lak',
      67 => 'lbp',
      68 => 'lkr',
      69 => 'lrd',
      70 => 'lsl',
      71 => 'mad',
      72 => 'mdl',
      73 => 'mga',
      74 => 'mkd',
      75 => 'mmk',
      76 => 'mnt',
      77 => 'mop',
      78 => 'mur',
      79 => 'mvr',
      80 => 'mwk',
      81 => 'mxn',
      82 => 'myr',
      83 => 'mzn',
      84 => 'nad',
      85 => 'ngn',
      86 => 'nio',
      87 => 'nok',
      88 => 'npr',
      89 => 'nzd',
      90 => 'pab',
      91 => 'pen',
      92 => 'pgk',
      93 => 'php',
      94 => 'pkr',
      95 => 'pln',
      96 => 'pyg',
      97 => 'qar',
      98 => 'ron',
      99 => 'rsd',
      100 => 'rub',
      101 => 'rwf',
      102 => 'sar',
      103 => 'sbd',
      104 => 'scr',
      105 => 'sek',
      106 => 'sgd',
      107 => 'shp',
      108 => 'sle',
      109 => 'sos',
      110 => 'srd',
      111 => 'std',
      112 => 'szl',
      113 => 'thb',
      114 => 'tjs',
      115 => 'top',
      116 => 'try',
      117 => 'ttd',
      118 => 'twd',
      119 => 'tzs',
      120 => 'uah',
      121 => 'ugx',
      122 => 'uyu',
      123 => 'uzs',
      124 => 'vnd',
      125 => 'vuv',
      126 => 'wst',
      127 => 'xaf',
      128 => 'xcd',
      129 => 'xof',
      130 => 'xpf',
      131 => 'yer',
      132 => 'zar',
      133 => 'zmw',
    ),
  ),
  'country' => '(redacted)',
  'instant_deposits_eligible' => false,
  'card_present_eligible' => false,
  'has_card_readers_available' => false,
  'platform_checkout_eligible' => false,
  'platform_direct_checkout_eligible' => false,
  'business_profile' => 
  array (
    'name' => '(redacted)',
    'url' => 'https://masterlordsolutions.com/',
    'support_address' => 
    array (
    ),
    'support_email' => NULL,
    'support_phone' => NULL,
  ),
  'branding' => 
  array (
    'icon' => NULL,
    'logo' => NULL,
    'primary_color' => NULL,
    'secondary_color' => NULL,
  ),
  'locale' => 'en_US',
  'has_more_failed_events' => false,
  'has_submitted_vat_data' => false,
  'is_documents_enabled' => true,
  'card_testing_protection_eligible' => false,
  'progressive_onboarding' => 
  array (
    'is_enabled' => false,
    'is_complete' => false,
    'tpv' => NULL,
    'first_transaction_date' => NULL,
    'kyc_deadline_date' => NULL,
  ),
  'fraud_mitigation_settings' => 
  array (
    'avs_check_enabled' => false,
    'cvc_check_enabled' => true,
  ),
  'is_deferred_intent_creation_upe_enabled' => true,
  'pre_check_save_my_info' => false,
)
2024-07-15T20:45:51+00:00 INFO ENVIRONMENT: array (
  'WP_User' => 'Guest (non logged-in user)',
  'HTTP_REFERER' => '--',
  'HTTP_USER_AGENT' => 'Mozilla/5.0 (Windows NT 10.0; Win64; x64) AppleWebKit/537.36 (KHTML, like Gecko) Chrome/126.0.0.0 Safari/537.36',
  'REQUEST_URI' => '/wp-admin/',
  'DOING_AJAX' => false,
  'DOING_CRON' => false,
  'WP_CLI' => false,
)
2024-07-15T20:45:51+00:00 INFO REQUEST POST https://public-api.wordpress.com/wpcom/v2/sites/%s/wcpay/compatibility
2024-07-15T20:45:51+00:00 INFO HEADERS: array (
  'Content-Type' => 'application/json; charset=utf-8',
  'User-Agent' => 'WooCommerce Payments/7.6.0',
  'Idempotency-Key' => '26e296e9-a9d1-439e-aae0-0ddbac00c1c3',
)
2024-07-15T20:45:51+00:00 INFO BODY: array (
  'test_mode' => true,
  'compatibility_data' => 
  array (
    'woopayments_version' => '7.6.0',
    'woocommerce_version' => '9.0.2',
    'woocommerce_permalinks' => 
    array (
      'product_base' => 'product',
      'category_base' => 'product-category',
      'tag_base' => 'product-tag',
      'attribute_base' => '',
      'use_verbose_page_rules' => false,
    ),
    'woocommerce_shop' => 'https://masterlordsolutions.com/store/',
    'woocommerce_cart' => 'https://masterlordsolutions.com/cart/',
    'woocommerce_checkout' => 'https://masterlordsolutions.com/checkout/',
    'blog_theme' => 'astra-child',
    'active_plugins' => 
    array (
      0 => 'advanced-custom-fields/acf.php',
      1 => 'astra-sites/astra-sites.php',
      2 => 'checkout-plugins-stripe-woo/checkout-plugins-stripe-woo.php',
      3 => 'code-snippets/code-snippets.php',
      4 => 'custom-css-js/custom-css-js.php',
      5 => 'duplicate-page/duplicatepage.php',
      6 => 'masterlord-solutions/masterlord-solutions.php',
      7 => 'membership-for-woocommerce/membership-for-woocommerce.php',
      8 => 'mwb-bookings-for-woocommerce/mwb-bookings-for-woocommerce.php',
      9 => 'subscriptions-for-woocommerce/subscriptions-for-woocommerce.php',
      10 => 'ultimate-addons-for-gutenberg/ultimate-addons-for-gutenberg.php',
      11 => 'variation-swatches-woo/variation-swatches-woo.php',
      12 => 'what-the-file/what-the-file.php',
      13 => 'woo-update-manager/woo-update-manager.php',
      14 => 'woocommerce-payments/woocommerce-payments.php',
      15 => 'woocommerce/woocommerce.php',
      16 => 'wp-file-manager/file_folder_manager.php',
    ),
    'post_types_count' => 
    array (
      'post' => 0,
      'page' => 8,
      'attachment' => 0,
      'product' => 9,
      'rent' => 0,
      'wps_cpt_members' => 5,
      'wps_cpt_membership' => 3,
    ),
  ),
)
2024-07-15T20:45:51+00:00 INFO RESPONSE: array (
  'result' => 'success',
)
2024-07-15T20:45:51+00:00 INFO ENVIRONMENT: array (
  'WP_User' => 'Guest (non logged-in user)',
  'HTTP_REFERER' => '--',
  'HTTP_USER_AGENT' => 'Mozilla/5.0 (Windows NT 10.0; Win64; x64) AppleWebKit/537.36 (KHTML, like Gecko) Chrome/126.0.0.0 Safari/537.36',
  'REQUEST_URI' => '/wp-admin/',
  'DOING_AJAX' => false,
  'DOING_CRON' => false,
  'WP_CLI' => false,
)
2024-07-15T20:45:51+00:00 INFO REQUEST GET https://public-api.wordpress.com/wpcom/v2/sites/%s/wcpay/currency/rates?test_mode=1&currency_from=eur
2024-07-15T20:45:51+00:00 INFO HEADERS: array (
  'Content-Type' => 'application/json; charset=utf-8',
  'User-Agent' => 'WooCommerce Payments/7.6.0',
)
2024-07-15T20:45:51+00:00 INFO RESPONSE: array (
  'AED' => 4.001692,
  'AFN' => 76.264211,
  'ALL' => 100.140406,
  'AMD' => 422.638306,
  'ANG' => 1.963144,
  'AOA' => 950.72598,
  'ARS' => 1004.790222,
  'AUD' => 1.612126,
  'AWG' => 1.961624,
  'AZN' => 1.852131,
  'BAM' => 1.95276,
  'BBD' => 2.178977,
  'BDT' => 128.000721,
  'BGN' => 1.954161,
  'BHD' => 0.410671,
  'BIF' => 3135.00376,
  'BMD' => 1.089489,
  'BND' => 1.461603,
  'BOB' => 7.527211,
  'BRL' => 5.93913,
  'BSD' => 1.089489,
  'BTC' => 1.7E-5,
  'BTN' => 91.048433,
  'BWP' => 14.729526,
  'BYN' => 3.56485,
  'BZD' => 2.195681,
  'CAD' => 1.490862,
  'CDF' => 3094.147933,
  'CHF' => 0.976033,
  'CLF' => 0.035938,
  'CLP' => 991.630833,
  'CNH' => 7.925693,
  'CNY' => 7.909579,
  'COP' => 4286.931067,
  'CRC' => 569.51891,
  'CUC' => 1.089489,
  'CUP' => 28.054334,
  'CVE' => 110.626684,
  'CZK' => 25.375413,
  'DJF' => 193.384246,
  'DKK' => 7.460956,
  'DOP' => 64.400322,
  'DZD' => 146.349295,
  'EGP' => 52.239458,
  'ERN' => 16.342331,
  'ETB' => 62.936509,
  'EUR' => 1,
  'FJD' => 2.425965,
  'FKP' => 0.840279,
  'GBP' => 0.840279,
  'GEL' => 2.974304,
  'GGP' => 0.840279,
  'GHS' => 16.778126,
  'GIP' => 0.840279,
  'GMD' => 73.840097,
  'GNF' => 9348.357867,
  'GTQ' => 8.452762,
  'GYD' => 227.893091,
  'HKD' => 8.504761,
  'HNL' => 26.98099,
  'HRK' => 7.533764,
  'HTG' => 143.954086,
  'HUF' => 391.330181,
  'IDR' => 17645.373168,
  'ILS' => 3.951085,
  'IMP' => 0.840279,
  'INR' => 91.079788,
  'IQD' => 1426.685464,
  'IRR' => 45867.474647,
  'ISK' => 149.042055,
  'JEP' => 0.840279,
  'JMD' => 170.69423,
  'JOD' => 0.772121,
  'JPY' => 172.05242,
  'KES' => 140.544043,
  'KGS' => 92.933387,
  'KHR' => 4483.246037,
  'KMF' => 492.503579,
  'KPW' => 980.539838,
  'KRW' => 1508.887718,
  'KWD' => 0.332991,
  'KYD' => 0.90777,
  'KZT' => 515.298131,
  'LAK' => 24153.964677,
  'LBP' => 97563.713886,
  'LKR' => 329.780463,
  'LRD' => 212.450298,
  'LSL' => 19.817146,
  'LYD' => 5.282581,
  'MAD' => 10.684367,
  'MDL' => 19.279982,
  'MGA' => 4893.221428,
  'MKD' => 61.557294,
  'MMK' => 2400.514053,
  'MNT' => 3758.736046,
  'MOP' => 8.757665,
  'MUR' => 50.770178,
  'MVR' => 16.832601,
  'MWK' => 1888.858829,
  'MXN' => 19.379968,
  'MYR' => 5.089546,
  'MZN' => 69.563855,
  'NAD' => 19.816783,
  'NGN' => 1531.821125,
  'NIO' => 40.097569,
  'NOK' => 11.774676,
  'NPR' => 145.678562,
  'NZD' => 1.793167,
  'OMR' => 0.419378,
  'PAB' => 1.089489,
  'PEN' => 4.086127,
  'PGK' => 4.261365,
  'PHP' => 63.709494,
  'PKR' => 302.920924,
  'PLN' => 4.256941,
  'PYG' => 8209.021623,
  'QAR' => 3.966828,
  'RON' => 4.968068,
  'RSD' => 117.023167,
  'RUB' => 96.256323,
  'RWF' => 1426.980767,
  'SAR' => 4.086383,
  'SBD' => 9.194652,
  'SCR' => 14.967815,
  'SDG' => 654.782714,
  'SEK' => 11.548863,
  'SGD' => 1.463783,
  'SHP' => 0.840279,
  'SLL' => 22846.033482,
  'SOS' => 621.553308,
  'SRD' => 32.348554,
  'SSP' => 141.916799,
  'STD' => 24275.769515,
  'SVC' => 9.530986,
  'SYP' => 2737.373066,
  'SZL' => 19.80943,
  'THB' => 39.372488,
  'TJS' => 11.611608,
  'TMT' => 3.824106,
  'TND' => 3.393757,
  'TOP' => 2.565528,
  'TRY' => 35.968657,
  'TTD' => 7.39535,
  'TWD' => 35.528772,
  'TZS' => 2892.592522,
  'UAH' => 44.684327,
  'UGX' => 4030.665856,
  'USD' => 1.089489,
  'UYU' => 43.621158,
  'UZS' => 13763.390084,
  'VND' => 27641.478288,
  'VUV' => 129.346279,
  'WST' => 3.050568,
  'XAF' => 655.957,
  'XAG' => 0.035513,
  'XAU' => 0.00045,
  'XCD' => 2.944398,
  'XDR' => 0.821591,
  'XOF' => 655.957,
  'XPD' => 0.001159,
  'XPF' => 119.331742,
  'XPT' => 0.001093,
  'YER' => 272.7263,
  'ZAR' => 19.862289,
  'ZMW' => 27.913541,
  'ZWL' => 350.815364,
)
2024-07-15T20:46:03+00:00 INFO ENVIRONMENT: array (
  'WP_User' => 'masterlordsolutions.com',
  'HTTP_REFERER' => 'https://masterlordsolutions.com/wp-login.php?redirect_to=httpsmasterlordsolutions.comwp-admin&reauth=1',
  'HTTP_USER_AGENT' => 'Mozilla/5.0 (Windows NT 10.0; Win64; x64) AppleWebKit/537.36 (KHTML, like Gecko) Chrome/126.0.0.0 Safari/537.36',
  'REQUEST_URI' => '/wp-admin/',
  'DOING_AJAX' => false,
  'DOING_CRON' => false,
  'WP_CLI' => false,
)
2024-07-15T20:46:04+00:00 INFO REQUEST POST https://public-api.wordpress.com/wpcom/v2/sites/%s/wcpay/tracking/link-session
2024-07-15T20:46:04+00:00 INFO HEADERS: array (
  'Content-Type' => 'application/json; charset=utf-8',
  'User-Agent' => 'WooCommerce Payments/7.6.0',
  'Idempotency-Key' => 'bbc25399-3309-40fc-8b99-837122900867',
)
2024-07-15T20:46:04+00:00 INFO BODY: array (
  'test_mode' => true,
  'session' => 'st_1QJMzJzj$Jcy2Q2tfYv.RFz7skFDW_t_4216a97a7528351f36240a47db5da1',
  'customer' => 'cus_QRvdHZRcwVnZfi',
)
2024-07-15T20:46:04+00:00 INFO RESPONSE: array (
  'result' => 'success',
)
