2024-07-11T06:12:35+00:00 INFO ENVIRONMENT: array (
  'WP_User' => 'masterlordsolutions.com',
  'HTTP_REFERER' => 'https://masterlordsolutions.com/account/',
  'HTTP_USER_AGENT' => 'Mozilla/5.0 (Windows NT 10.0; Win64; x64) AppleWebKit/537.36 (KHTML, like Gecko) Chrome/126.0.0.0 Safari/537.36',
  'REQUEST_URI' => '/account/wps_subscriptions/',
  'DOING_AJAX' => false,
  'DOING_CRON' => false,
  'WP_CLI' => false,
)
2024-07-11T06:12:35+00:00 INFO REQUEST GET https://public-api.wordpress.com/wpcom/v2/sites/%s/wcpay/currency/rates?test_mode=1&currency_from=eur
2024-07-11T06:12:35+00:00 INFO HEADERS: array (
  'Content-Type' => 'application/json; charset=utf-8',
  'User-Agent' => 'WooCommerce Payments/7.6.0',
)
2024-07-11T06:12:35+00:00 INFO RESPONSE: array (
  'AED' => 3.979604,
  'AFN' => 76.908123,
  'ALL' => 100.327557,
  'AMD' => 419.893729,
  'ANG' => 1.950252,
  'AOA' => 946.287739,
  'ARS' => 995.455136,
  'AUD' => 1.602796,
  'AWG' => 1.951607,
  'AZN' => 1.841905,
  'BAM' => 1.95577,
  'BBD' => 2.166947,
  'BDT' => 127.148076,
  'BGN' => 1.95528,
  'BHD' => 0.408296,
  'BIF' => 3115.017052,
  'BMD' => 1.083474,
  'BND' => 1.460658,
  'BOB' => 7.477886,
  'BRL' => 5.86831,
  'BSD' => 1.083474,
  'BTC' => 1.9E-5,
  'BTN' => 90.378624,
  'BWP' => 14.633642,
  'BYN' => 3.541413,
  'BZD' => 2.181247,
  'CAD' => 1.475882,
  'CDF' => 3078.73347,
  'CHF' => 0.974405,
  'CLF' => 0.035854,
  'CLP' => 989.308862,
  'CNH' => 7.894895,
  'CNY' => 7.877178,
  'COP' => 4341.154573,
  'CRC' => 577.588487,
  'CUC' => 1.083474,
  'CUP' => 27.899444,
  'CVE' => 110.263308,
  'CZK' => 25.38546,
  'DJF' => 192.67446,
  'DKK' => 7.460344,
  'DOP' => 63.908729,
  'DZD' => 145.535658,
  'EGP' => 52.008897,
  'ERN' => 16.252103,
  'ETB' => 62.509064,
  'EUR' => 1,
  'FJD' => 2.445291,
  'FKP' => 0.842661,
  'GBP' => 0.842661,
  'GEL' => 2.974135,
  'GGP' => 0.842661,
  'GHS' => 16.637747,
  'GIP' => 0.842661,
  'GMD' => 73.43242,
  'GNF' => 9315.819117,
  'GTQ' => 8.404988,
  'GYD' => 226.396525,
  'HKD' => 8.461825,
  'HNL' => 26.80247,
  'HRK' => 7.53373,
  'HTG' => 143.056511,
  'HUF' => 393.770562,
  'IDR' => 17551.447622,
  'ILS' => 3.944348,
  'IMP' => 0.842661,
  'INR' => 90.489753,
  'IQD' => 1417.578939,
  'IRR' => 45614.236365,
  'ISK' => 149.096795,
  'JEP' => 0.842661,
  'JMD' => 169.766603,
  'JOD' => 0.767858,
  'JPY' => 175.194732,
  'KES' => 137.977869,
  'KGS' => 92.624962,
  'KHR' => 4447.853463,
  'KMF' => 492.926391,
  'KPW' => 975.126193,
  'KRW' => 1494.269106,
  'KWD' => 0.33163,
  'KYD' => 0.901786,
  'KZT' => 517.142518,
  'LAK' => 23949.433808,
  'LBP' => 96905.334009,
  'LKR' => 329.061958,
  'LRD' => 210.366807,
  'LSL' => 19.565722,
  'LYD' => 5.249848,
  'MAD' => 10.654238,
  'MDL' => 19.175532,
  'MGA' => 4869.914667,
  'MKD' => 61.614063,
  'MMK' => 2387.260608,
  'MNT' => 3737.98374,
  'MOP' => 8.706168,
  'MUR' => 50.825742,
  'MVR' => 16.739667,
  'MWK' => 1876.449902,
  'MXN' => 19.321671,
  'MYR' => 5.078782,
  'MZN' => 69.23395,
  'NAD' => 19.565903,
  'NGN' => 1523.363808,
  'NIO' => 39.828845,
  'NOK' => 11.59926,
  'NPR' => 144.605098,
  'NZD' => 1.777759,
  'OMR' => 0.417087,
  'PAB' => 1.083474,
  'PEN' => 4.097138,
  'PGK' => 4.231897,
  'PHP' => 63.12822,
  'PKR' => 301.374857,
  'PLN' => 4.26311,
  'PYG' => 8153.904752,
  'QAR' => 3.94424,
  'RON' => 4.97531,
  'RSD' => 117.01868,
  'RUB' => 95.70857,
  'RWF' => 1416.267638,
  'SAR' => 4.06368,
  'SBD' => 9.124352,
  'SCR' => 14.92512,
  'SDG' => 651.167602,
  'SEK' => 11.418538,
  'SGD' => 1.460327,
  'SHP' => 0.842661,
  'SLL' => 22719.898562,
  'SOS' => 618.487512,
  'SRD' => 32.267467,
  'SSP' => 141.133264,
  'STD' => 24141.740899,
  'SVC' => 9.468856,
  'SYP' => 2722.259793,
  'SZL' => 19.561522,
  'THB' => 39.269957,
  'TJS' => 11.524825,
  'TMT' => 3.802992,
  'TND' => 3.368841,
  'TOP' => 2.551947,
  'TRY' => 35.650265,
  'TTD' => 7.342888,
  'TWD' => 35.232573,
  'TZS' => 2873.01494,
  'UAH' => 44.102123,
  'UGX' => 4008.964964,
  'USD' => 1.083474,
  'UYU' => 43.267917,
  'UZS' => 13667.581464,
  'VND' => 27544.770951,
  'VUV' => 128.632147,
  'WST' => 3.033726,
  'XAF' => 655.957,
  'XAG' => 0.034853,
  'XAU' => 0.000455,
  'XCD' => 2.928141,
  'XDR' => 0.82198,
  'XOF' => 655.957,
  'XPD' => 0.001095,
  'XPF' => 119.331742,
  'XPT' => 0.001091,
  'YER' => 271.274742,
  'ZAR' => 19.623386,
  'ZMW' => 27.459329,
  'ZWL' => 348.878482,
)
2024-07-11T12:13:56+00:00 INFO ENVIRONMENT: array (
  'WP_User' => 'Guest (non logged-in user)',
  'HTTP_REFERER' => '--',
  'HTTP_USER_AGENT' => 'Mozilla/5.0 (compatible; SemrushBot/7~bl; +http://www.semrush.com/bot.html)',
  'REQUEST_URI' => '/',
  'DOING_AJAX' => false,
  'DOING_CRON' => false,
  'WP_CLI' => false,
)
2024-07-11T12:13:56+00:00 INFO REQUEST GET https://public-api.wordpress.com/wpcom/v2/sites/%s/wcpay/currency/rates?test_mode=1&currency_from=eur
2024-07-11T12:13:56+00:00 INFO HEADERS: array (
  'Content-Type' => 'application/json; charset=utf-8',
  'User-Agent' => 'WooCommerce Payments/7.6.0',
)
2024-07-11T12:13:56+00:00 INFO RESPONSE: array (
  'AED' => 3.986879,
  'AFN' => 77.016934,
  'ALL' => 100.515147,
  'AMD' => 421.222282,
  'ANG' => 1.956384,
  'AOA' => 948.026693,
  'ARS' => 997.280022,
  'AUD' => 1.60691,
  'AWG' => 1.955193,
  'AZN' => 1.84529,
  'BAM' => 1.956502,
  'BBD' => 2.170929,
  'BDT' => 127.534602,
  'BGN' => 1.958234,
  'BHD' => 0.409124,
  'BIF' => 3122.467528,
  'BMD' => 1.085465,
  'BND' => 1.462598,
  'BOB' => 7.498519,
  'BRL' => 5.878744,
  'BSD' => 1.085465,
  'BTC' => 1.8E-5,
  'BTN' => 90.680448,
  'BWP' => 14.665128,
  'BYN' => 3.55251,
  'BZD' => 2.186634,
  'CAD' => 1.479583,
  'CDF' => 3087.98755,
  'CHF' => 0.974747,
  'CLF' => 0.035919,
  'CLP' => 1007.187588,
  'CNH' => 7.898858,
  'CNY' => 7.886226,
  'COP' => 4307.552163,
  'CRC' => 569.454973,
  'CUC' => 1.085465,
  'CUP' => 27.950714,
  'CVE' => 110.304599,
  'CZK' => 25.362905,
  'DJF' => 193.254902,
  'DKK' => 7.460598,
  'DOP' => 64.053401,
  'DZD' => 145.831287,
  'EGP' => 52.102509,
  'ERN' => 16.281969,
  'ETB' => 62.700178,
  'EUR' => 1,
  'FJD' => 2.449785,
  'FKP' => 0.842964,
  'GBP' => 0.842964,
  'GEL' => 2.9796,
  'GGP' => 0.842964,
  'GHS' => 16.70161,
  'GIP' => 0.842964,
  'GMD' => 73.567363,
  'GNF' => 9344.455203,
  'GTQ' => 8.420945,
  'GYD' => 227.086254,
  'HKD' => 8.476025,
  'HNL' => 26.886404,
  'HRK' => 7.53414,
  'HTG' => 143.468165,
  'HUF' => 393.938036,
  'IDR' => 17537.305129,
  'ILS' => 3.9506,
  'IMP' => 0.842964,
  'INR' => 90.710399,
  'IQD' => 1421.985844,
  'IRR' => 45698.059794,
  'ISK' => 149.305656,
  'JEP' => 0.842964,
  'JMD' => 170.297933,
  'JOD' => 0.76916,
  'JPY' => 175.346495,
  'KES' => 140.556811,
  'KGS' => 92.795175,
  'KHR' => 4457.908579,
  'KMF' => 493.832222,
  'KPW' => 976.918143,
  'KRW' => 1497.769458,
  'KWD' => 0.332195,
  'KYD' => 0.904416,
  'KZT' => 517.851675,
  'LAK' => 24039.272793,
  'LBP' => 97209.03207,
  'LKR' => 328.831956,
  'LRD' => 211.671345,
  'LSL' => 19.632666,
  'LYD' => 5.269794,
  'MAD' => 10.693141,
  'MDL' => 19.276741,
  'MGA' => 4871.43198,
  'MKD' => 61.607599,
  'MMK' => 2391.64758,
  'MNT' => 3744.852881,
  'MOP' => 8.72883,
  'MUR' => 50.756329,
  'MVR' => 16.770428,
  'MWK' => 1882.160745,
  'MXN' => 19.394132,
  'MYR' => 5.088115,
  'MZN' => 69.361178,
  'NAD' => 19.632666,
  'NGN' => 1526.163232,
  'NIO' => 39.953973,
  'NOK' => 11.675403,
  'NPR' => 145.090731,
  'NZD' => 1.78326,
  'OMR' => 0.417794,
  'PAB' => 1.085465,
  'PEN' => 4.107736,
  'PGK' => 4.246646,
  'PHP' => 63.272817,
  'PKR' => 302.313094,
  'PLN' => 4.254972,
  'PYG' => 8179.759613,
  'QAR' => 3.956947,
  'RON' => 4.975228,
  'RSD' => 117.018512,
  'RUB' => 94.925626,
  'RWF' => 1431.61317,
  'SAR' => 4.071236,
  'SBD' => 9.141119,
  'SCR' => 14.953161,
  'SDG' => 652.364227,
  'SEK' => 11.42157,
  'SGD' => 1.462472,
  'SHP' => 0.842964,
  'SLL' => 22761.649996,
  'SOS' => 620.317134,
  'SRD' => 32.326764,
  'SSP' => 141.392619,
  'STD' => 24186.105195,
  'SVC' => 9.496234,
  'SYP' => 2727.262379,
  'SZL' => 19.628864,
  'THB' => 39.369801,
  'TJS' => 11.560983,
  'TMT' => 3.809981,
  'TND' => 3.37635,
  'TOP' => 2.556637,
  'TRY' => 35.674119,
  'TTD' => 7.345535,
  'TWD' => 35.277057,
  'TZS' => 2914.350248,
  'UAH' => 44.40312,
  'UGX' => 4015.397359,
  'USD' => 1.085465,
  'UYU' => 43.304746,
  'UZS' => 13672.746077,
  'VND' => 27602.406122,
  'VUV' => 128.868529,
  'WST' => 3.039301,
  'XAF' => 655.957,
  'XAG' => 0.035104,
  'XAU' => 0.000456,
  'XCD' => 2.933522,
  'XDR' => 0.822291,
  'XOF' => 655.957,
  'XPD' => 0.00111,
  'XPF' => 119.331742,
  'XPT' => 0.001101,
  'YER' => 271.773253,
  'ZAR' => 19.618172,
  'ZMW' => 27.542051,
  'ZWL' => 349.519602,
)
2024-07-11T12:31:51+00:00 INFO ENVIRONMENT: array (
  'WP_User' => 'Guest (non logged-in user)',
  'HTTP_REFERER' => '--',
  'HTTP_USER_AGENT' => 'WordPress/6.5.5; https://masterlordsolutions.com',
  'REQUEST_URI' => '/wp-cron.php?doing_wp_cron=1720701110.8179559707641601562500',
  'DOING_AJAX' => false,
  'DOING_CRON' => true,
  'WP_CLI' => false,
)
2024-07-11T12:31:51+00:00 INFO REQUEST GET https://public-api.wordpress.com/wpcom/v2/wcpay/woopay/compatibility?test_mode=1
2024-07-11T12:31:51+00:00 INFO HEADERS: array (
  'Content-Type' => 'application/json; charset=utf-8',
  'User-Agent' => 'WooCommerce Payments/7.6.0',
)
2024-07-11T12:31:51+00:00 INFO RESPONSE: array (
  'incompatible_extensions' => 
  array (
    0 => 'class-wcdonation',
    1 => 'woocommerce-table-rate-shipping',
    2 => 'woocommerce-memberships-for-teams',
    3 => 'woocommerce-checkout-add-ons',
    4 => 'woocommerce-checkout-field-editor',
    5 => 'woocommerce-eu-vat-number',
    6 => 'woocommerce-order-delivery',
    7 => 'woocommerce-pdf-product-vouchers',
    8 => 'woocommerce-shipping-local-pickup-plus',
    9 => 'woocommerce-shipping-multiple-addresses',
    10 => 'woocommerce-smart-coupons',
    11 => 'woocommerce-subscriptions-gifting',
    12 => 'advanced-product-fields-for-woocommerce',
  ),
  'adapted_extensions' => 
  array (
    0 => 'woocommerce-points-and-rewards',
    1 => 'woocommerce-gift-cards',
  ),
  'available_countries' => 
  array (
    0 => 'US',
  ),
)
2024-07-11T16:55:12+00:00 INFO ENVIRONMENT: array (
  'WP_User' => 'Guest (non logged-in user)',
  'HTTP_REFERER' => '--',
  'HTTP_USER_AGENT' => 'Mozilla/5.0 (Windows NT 10.0; Win64; x64) AppleWebKit/537.36 (KHTML, like Gecko) Chrome/126.0.0.0 Safari/537.36',
  'REQUEST_URI' => '/',
  'DOING_AJAX' => false,
  'DOING_CRON' => false,
  'WP_CLI' => false,
)
2024-07-11T16:55:12+00:00 INFO REQUEST GET https://public-api.wordpress.com/wpcom/v2/sites/%s/wcpay/accounts?test_mode=0
2024-07-11T16:55:12+00:00 INFO HEADERS: array (
  'Content-Type' => 'application/json; charset=utf-8',
  'User-Agent' => 'WooCommerce Payments/7.6.0',
)
2024-07-11T16:55:15+00:00 INFO RESPONSE: array (
  'account_id' => 'acct_1PJA0PFxlPKzr7zD',
  'email' => '(redacted)',
  'live_publishable_key' => 'pk_live_iBIpeqzKOOx2Y8PFCRBfyMU000Q7xVG4Sn',
  'test_publishable_key' => 'pk_test_51ETDmyFuiXB5oUVxwSobQMW5Tno1GclIq7ePZWzLeW4q8oa7Zb8hI5VfwI5sNT5nXuKYinLukNvGCXmsQXAoDGHG00MqHqlYHR',
  'is_live' => true,
  'created' => '2024-05-22 07:54:39',
  'has_pending_requirements' => false,
  'has_future_requirements' => true,
  'has_overdue_requirements' => false,
  'details_submitted' => true,
  'current_deadline' => NULL,
  'status' => 'enabled',
  'capabilities' => 
  array (
    'bancontact_payments' => 'active',
    'card_payments' => 'active',
    'eps_payments' => 'active',
    'giropay_payments' => 'active',
    'ideal_payments' => 'active',
    'p24_payments' => 'active',
    'transfers' => 'active',
    'bank_transfer_payments' => 'unrequested',
    'blik_payments' => 'unrequested',
    'cartes_bancaires_payments' => 'unrequested',
    'link_payments' => 'unrequested',
    'mobilepay_payments' => 'unrequested',
    'multibanco_payments' => 'unrequested',
    'sepa_bank_transfer_payments' => 'unrequested',
    'sepa_debit_payments' => 'unrequested',
    'sofort_payments' => 'unrequested',
    'twint_payments' => 'unrequested',
  ),
  'capability_requirements' => 
  array (
    'bancontact_payments' => 
    array (
    ),
    'bank_transfer_payments' => 
    array (
    ),
    'blik_payments' => 
    array (
    ),
    'card_payments' => 
    array (
    ),
    'cartes_bancaires_payments' => 
    array (
    ),
    'eps_payments' => 
    array (
    ),
    'giropay_payments' => 
    array (
    ),
    'ideal_payments' => 
    array (
    ),
    'link_payments' => 
    array (
    ),
    'mobilepay_payments' => 
    array (
    ),
    'multibanco_payments' => 
    array (
    ),
    'p24_payments' => 
    array (
    ),
    'sepa_bank_transfer_payments' => 
    array (
    ),
    'sepa_debit_payments' => 
    array (
    ),
    'sofort_payments' => 
    array (
    ),
    'transfers' => 
    array (
    ),
    'twint_payments' => 
    array (
    ),
  ),
  'payments_enabled' => true,
  'deposits' => 
  array (
    'status' => 'enabled',
    'restrictions' => 'deposits_unrestricted',
    'interval' => 'daily',
    'weekly_anchor' => '',
    'monthly_anchor' => NULL,
    'delay_days' => 3,
    'completed_waiting_period' => false,
    'minimum_manual_deposit_amounts' => 
    array (
      'aud' => 500,
      'bgn' => 100,
      'cad' => 500,
      'chf' => 500,
      'czk' => 3000,
      'dkk' => 5000,
      'eur' => 500,
      'gbp' => 500,
      'hkd' => 5000,
      'huf' => 36000,
      'nok' => 5000,
      'nzd' => 500,
      'jpy' => 50,
      'sek' => 5000,
      'sgd' => 500,
      'usd' => 500,
      'ron' => 500,
      'pln' => 500,
      'aed' => 200,
    ),
    'minimum_scheduled_deposit_amounts' => 
    array (
      'aed' => 200,
      'aud' => 0,
      'bgn' => 100,
      'cad' => 0,
      'chf' => 500,
      'czk' => 3000,
      'dkk' => 2000,
      'eur' => 100,
      'gbp' => 100,
      'hkd' => 0,
      'huf' => 36000,
      'jpy' => 1,
      'nok' => 2000,
      'nzd' => 0,
      'pln' => 500,
      'ron' => 500,
      'sek' => 2000,
      'sgd' => 100,
      'usd' => 0,
    ),
  ),
  'lifetime_total_payment_volume' => 0,
  'requirements' => 
  array (
    'errors' => 
    array (
    ),
  ),
  'statement_descriptor' => 'MASTERLORDSOLUTIONS',
  'statement_descriptor_kanji' => '',
  'statement_descriptor_kana' => '',
  'latest_tos_agreement' => 
  array (
    'date' => '2024-05-22 07:54:39',
    'source' => 'signup',
    'is_current_version' => true,
  ),
  'fees' => 
  array (
    'base' => 
    array (
      'percentage_rate' => 0.015,
      'fixed_rate' => 2000,
      'currency' => 'huf',
    ),
    'discount' => 
    array (
    ),
    'card' => 
    array (
      'base' => 
      array (
        'percentage_rate' => 0.015,
        'fixed_rate' => 2000,
        'currency' => 'huf',
      ),
      'additional' => 
      array (
        'percentage_rate' => 0.02,
        'fixed_rate' => 0,
        'currency' => 'huf',
      ),
      'fx' => 
      array (
        'percentage_rate' => 0.02,
        'fixed_rate' => 0,
        'currency' => 'huf',
      ),
      'discount' => 
      array (
      ),
    ),
    'bancontact' => 
    array (
      'base' => 
      array (
        'percentage_rate' => 0.014,
        'fixed_rate' => 8500,
        'currency' => 'huf',
      ),
      'additional' => 
      array (
        'percentage_rate' => 0,
        'fixed_rate' => 0,
        'currency' => 'huf',
      ),
      'fx' => 
      array (
        'percentage_rate' => 0,
        'fixed_rate' => 0,
        'currency' => 'huf',
      ),
      'discount' => 
      array (
      ),
    ),
    'eps' => 
    array (
      'base' => 
      array (
        'percentage_rate' => 0.018,
        'fixed_rate' => 8500,
        'currency' => 'huf',
      ),
      'additional' => 
      array (
        'percentage_rate' => 0,
        'fixed_rate' => 0,
        'currency' => 'huf',
      ),
      'fx' => 
      array (
        'percentage_rate' => 0,
        'fixed_rate' => 0,
        'currency' => 'huf',
      ),
      'discount' => 
      array (
      ),
    ),
    'ideal' => 
    array (
      'base' => 
      array (
        'percentage_rate' => 0,
        'fixed_rate' => 10500,
        'currency' => 'huf',
      ),
      'additional' => 
      array (
        'percentage_rate' => 0,
        'fixed_rate' => 0,
        'currency' => 'huf',
      ),
      'fx' => 
      array (
        'percentage_rate' => 0,
        'fixed_rate' => 0,
        'currency' => 'huf',
      ),
      'discount' => 
      array (
      ),
    ),
    'giropay' => 
    array (
      'base' => 
      array (
        'percentage_rate' => 0.014,
        'fixed_rate' => 8500,
        'currency' => 'huf',
      ),
      'additional' => 
      array (
        'percentage_rate' => 0,
        'fixed_rate' => 0,
        'currency' => 'huf',
      ),
      'fx' => 
      array (
        'percentage_rate' => 0,
        'fixed_rate' => 0,
        'currency' => 'huf',
      ),
      'discount' => 
      array (
      ),
    ),
    'p24' => 
    array (
      'base' => 
      array (
        'percentage_rate' => 0.022,
        'fixed_rate' => 8500,
        'currency' => 'huf',
      ),
      'additional' => 
      array (
        'percentage_rate' => 0,
        'fixed_rate' => 0,
        'currency' => 'huf',
      ),
      'fx' => 
      array (
        'percentage_rate' => 0,
        'fixed_rate' => 0,
        'currency' => 'huf',
      ),
      'discount' => 
      array (
      ),
    ),
  ),
  'capital' => 
  array (
    'has_active_loan' => false,
    'has_previous_loans' => false,
    'loans' => 
    array (
    ),
  ),
  'fraud_services' => 
  array (
    'stripe' => 
    array (
    ),
    'sift' => 
    array (
      'beacon_key' => 'affbdadb36',
      'sandbox_beacon_key' => '6ad0ad748b',
    ),
  ),
  'store_currencies' => 
  array (
    'default' => 'huf',
    'supported' => 
    array (
      0 => 'huf',
    ),
  ),
  'customer_currencies' => 
  array (
    'supported' => 
    array (
      0 => 'usd',
      1 => 'aed',
      2 => 'afn',
      3 => 'all',
      4 => 'amd',
      5 => 'ang',
      6 => 'aoa',
      7 => 'ars',
      8 => 'aud',
      9 => 'awg',
      10 => 'azn',
      11 => 'bam',
      12 => 'bbd',
      13 => 'bdt',
      14 => 'bgn',
      15 => 'bif',
      16 => 'bmd',
      17 => 'bnd',
      18 => 'bob',
      19 => 'brl',
      20 => 'bsd',
      21 => 'bwp',
      22 => 'byn',
      23 => 'bzd',
      24 => 'cad',
      25 => 'cdf',
      26 => 'chf',
      27 => 'clp',
      28 => 'cny',
      29 => 'cop',
      30 => 'crc',
      31 => 'cve',
      32 => 'czk',
      33 => 'djf',
      34 => 'dkk',
      35 => 'dop',
      36 => 'dzd',
      37 => 'egp',
      38 => 'etb',
      39 => 'eur',
      40 => 'fjd',
      41 => 'fkp',
      42 => 'gbp',
      43 => 'gel',
      44 => 'gip',
      45 => 'gmd',
      46 => 'gnf',
      47 => 'gtq',
      48 => 'gyd',
      49 => 'hkd',
      50 => 'hnl',
      51 => 'htg',
      52 => 'huf',
      53 => 'idr',
      54 => 'ils',
      55 => 'inr',
      56 => 'isk',
      57 => 'jmd',
      58 => 'jpy',
      59 => 'kes',
      60 => 'kgs',
      61 => 'khr',
      62 => 'kmf',
      63 => 'krw',
      64 => 'kyd',
      65 => 'kzt',
      66 => 'lak',
      67 => 'lbp',
      68 => 'lkr',
      69 => 'lrd',
      70 => 'lsl',
      71 => 'mad',
      72 => 'mdl',
      73 => 'mga',
      74 => 'mkd',
      75 => 'mmk',
      76 => 'mnt',
      77 => 'mop',
      78 => 'mur',
      79 => 'mvr',
      80 => 'mwk',
      81 => 'mxn',
      82 => 'myr',
      83 => 'mzn',
      84 => 'nad',
      85 => 'ngn',
      86 => 'nio',
      87 => 'nok',
      88 => 'npr',
      89 => 'nzd',
      90 => 'pab',
      91 => 'pen',
      92 => 'pgk',
      93 => 'php',
      94 => 'pkr',
      95 => 'pln',
      96 => 'pyg',
      97 => 'qar',
      98 => 'ron',
      99 => 'rsd',
      100 => 'rub',
      101 => 'rwf',
      102 => 'sar',
      103 => 'sbd',
      104 => 'scr',
      105 => 'sek',
      106 => 'sgd',
      107 => 'shp',
      108 => 'sle',
      109 => 'sos',
      110 => 'srd',
      111 => 'std',
      112 => 'szl',
      113 => 'thb',
      114 => 'tjs',
      115 => 'top',
      116 => 'try',
      117 => 'ttd',
      118 => 'twd',
      119 => 'tzs',
      120 => 'uah',
      121 => 'ugx',
      122 => 'uyu',
      123 => 'uzs',
      124 => 'vnd',
      125 => 'vuv',
      126 => 'wst',
      127 => 'xaf',
      128 => 'xcd',
      129 => 'xof',
      130 => 'xpf',
      131 => 'yer',
      132 => 'zar',
      133 => 'zmw',
    ),
  ),
  'country' => '(redacted)',
  'instant_deposits_eligible' => false,
  'card_present_eligible' => false,
  'has_card_readers_available' => false,
  'platform_checkout_eligible' => false,
  'platform_direct_checkout_eligible' => false,
  'business_profile' => 
  array (
    'name' => '(redacted)',
    'url' => 'https://masterlordsolutions.com/',
    'support_address' => 
    array (
    ),
    'support_email' => NULL,
    'support_phone' => NULL,
  ),
  'branding' => 
  array (
    'icon' => NULL,
    'logo' => NULL,
    'primary_color' => NULL,
    'secondary_color' => NULL,
  ),
  'locale' => 'en_US',
  'has_more_failed_events' => false,
  'has_submitted_vat_data' => false,
  'is_documents_enabled' => true,
  'card_testing_protection_eligible' => false,
  'progressive_onboarding' => 
  array (
    'is_enabled' => false,
    'is_complete' => false,
    'tpv' => NULL,
    'first_transaction_date' => NULL,
    'kyc_deadline_date' => NULL,
  ),
  'fraud_mitigation_settings' => 
  array (
    'avs_check_enabled' => false,
    'cvc_check_enabled' => true,
  ),
  'is_deferred_intent_creation_upe_enabled' => true,
  'pre_check_save_my_info' => false,
)
2024-07-11T16:55:15+00:00 INFO ENVIRONMENT: array (
  'WP_User' => 'Guest (non logged-in user)',
  'HTTP_REFERER' => '--',
  'HTTP_USER_AGENT' => 'Mozilla/5.0 (Windows NT 10.0; Win64; x64) AppleWebKit/537.36 (KHTML, like Gecko) Chrome/126.0.0.0 Safari/537.36',
  'REQUEST_URI' => '/',
  'DOING_AJAX' => false,
  'DOING_CRON' => false,
  'WP_CLI' => false,
)
2024-07-11T16:55:15+00:00 INFO REQUEST POST https://public-api.wordpress.com/wpcom/v2/sites/%s/wcpay/compatibility
2024-07-11T16:55:15+00:00 INFO HEADERS: array (
  'Content-Type' => 'application/json; charset=utf-8',
  'User-Agent' => 'WooCommerce Payments/7.6.0',
  'Idempotency-Key' => 'f9b0d87a-cbe6-4523-ae5b-856f0d3ae755',
)
2024-07-11T16:55:15+00:00 INFO BODY: array (
  'test_mode' => true,
  'compatibility_data' => 
  array (
    'woopayments_version' => '7.6.0',
    'woocommerce_version' => '9.0.2',
    'woocommerce_permalinks' => 
    array (
      'product_base' => 'product',
      'category_base' => 'product-category',
      'tag_base' => 'product-tag',
      'attribute_base' => '',
      'use_verbose_page_rules' => false,
    ),
    'woocommerce_shop' => 'https://masterlordsolutions.com/store/',
    'woocommerce_cart' => 'https://masterlordsolutions.com/cart/',
    'woocommerce_checkout' => 'https://masterlordsolutions.com/checkout/',
    'blog_theme' => 'astra-child',
    'active_plugins' => 
    array (
      0 => 'astra-sites/astra-sites.php',
      1 => 'checkout-plugins-stripe-woo/checkout-plugins-stripe-woo.php',
      2 => 'code-snippets/code-snippets.php',
      3 => 'custom-css-js/custom-css-js.php',
      4 => 'duplicate-page/duplicatepage.php',
      5 => 'masterlord-solutions/masterlord-solutions.php',
      6 => 'membership-for-woocommerce/membership-for-woocommerce.php',
      7 => 'mwb-bookings-for-woocommerce/mwb-bookings-for-woocommerce.php',
      8 => 'subscriptions-for-woocommerce/subscriptions-for-woocommerce.php',
      9 => 'ultimate-addons-for-gutenberg/ultimate-addons-for-gutenberg.php',
      10 => 'variation-swatches-woo/variation-swatches-woo.php',
      11 => 'what-the-file/what-the-file.php',
      12 => 'woo-update-manager/woo-update-manager.php',
      13 => 'woocommerce-payments/woocommerce-payments.php',
      14 => 'woocommerce/woocommerce.php',
      15 => 'wp-file-manager/file_folder_manager.php',
    ),
    'post_types_count' => 
    array (
      'post' => 0,
      'page' => 8,
      'attachment' => 0,
      'product' => 9,
      'rent' => 0,
    ),
  ),
)
2024-07-11T16:55:16+00:00 INFO RESPONSE: array (
  'result' => 'success',
)
2024-07-11T19:35:07+00:00 INFO ENVIRONMENT: array (
  'WP_User' => 'Guest (non logged-in user)',
  'HTTP_REFERER' => '--',
  'HTTP_USER_AGENT' => 'Mozilla/5.0 (Windows NT 10.0; Win64; x64) AppleWebKit/537.36 (KHTML, like Gecko) Chrome/124.0.0.0 Safari/537.36',
  'REQUEST_URI' => '/cart/',
  'DOING_AJAX' => false,
  'DOING_CRON' => false,
  'WP_CLI' => false,
)
2024-07-11T19:35:07+00:00 INFO REQUEST GET https://public-api.wordpress.com/wpcom/v2/sites/%s/wcpay/currency/rates?test_mode=1&currency_from=eur
2024-07-11T19:35:07+00:00 INFO HEADERS: array (
  'Content-Type' => 'application/json; charset=utf-8',
  'User-Agent' => 'WooCommerce Payments/7.6.0',
)
2024-07-11T19:35:07+00:00 INFO RESPONSE: array (
  'AED' => 3.989209,
  'AFN' => 77.061308,
  'ALL' => 100.57306,
  'AMD' => 421.464972,
  'ANG' => 1.957512,
  'AOA' => 947.760147,
  'ARS' => 998.40322,
  'AUD' => 1.607201,
  'AWG' => 1.95632,
  'AZN' => 1.846353,
  'BAM' => 1.957629,
  'BBD' => 2.17218,
  'BDT' => 127.608082,
  'BGN' => 1.955152,
  'BHD' => 0.409319,
  'BIF' => 3124.266556,
  'BMD' => 1.08609,
  'BND' => 1.463441,
  'BOB' => 7.502839,
  'BRL' => 5.908656,
  'BSD' => 1.08609,
  'BTC' => 1.9E-5,
  'BTN' => 90.732694,
  'BWP' => 14.673578,
  'BYN' => 3.554556,
  'BZD' => 2.187894,
  'CAD' => 1.481796,
  'CDF' => 3089.766712,
  'CHF' => 0.971977,
  'CLF' => 0.036237,
  'CLP' => 999.93048,
  'CNH' => 7.893157,
  'CNY' => 7.882841,
  'COP' => 4317.783377,
  'CRC' => 569.783068,
  'CUC' => 1.08609,
  'CUP' => 27.966817,
  'CVE' => 110.368151,
  'CZK' => 25.366717,
  'DJF' => 193.137182,
  'DKK' => 7.460787,
  'DOP' => 64.090306,
  'DZD' => 145.728987,
  'EGP' => 52.136121,
  'ERN' => 16.29135,
  'ETB' => 62.736303,
  'EUR' => 1,
  'FJD' => 2.451196,
  'FKP' => 0.841819,
  'GBP' => 0.841819,
  'GEL' => 2.981317,
  'GGP' => 0.841819,
  'GHS' => 16.711233,
  'GIP' => 0.841819,
  'GMD' => 73.60975,
  'GNF' => 9349.839065,
  'GTQ' => 8.425797,
  'GYD' => 227.217091,
  'HKD' => 8.479333,
  'HNL' => 26.901894,
  'HRK' => 7.534285,
  'HTG' => 143.550825,
  'HUF' => 393.984216,
  'IDR' => 17506.473958,
  'ILS' => 3.953949,
  'IMP' => 0.841819,
  'INR' => 90.687457,
  'IQD' => 1422.805129,
  'IRR' => 45724.388996,
  'ISK' => 149.304792,
  'JEP' => 0.841819,
  'JMD' => 170.396051,
  'JOD' => 0.769712,
  'JPY' => 172.486297,
  'KES' => 140.10561,
  'KGS' => 92.654772,
  'KHR' => 4460.477029,
  'KMF' => 494.116746,
  'KPW' => 977.481,
  'KRW' => 1491.480938,
  'KWD' => 0.332113,
  'KYD' => 0.904937,
  'KZT' => 518.150038,
  'LAK' => 24053.123159,
  'LBP' => 97265.039617,
  'LKR' => 329.021415,
  'LRD' => 211.793301,
  'LSL' => 19.643978,
  'LYD' => 5.27283,
  'MAD' => 10.699302,
  'MDL' => 19.287847,
  'MGA' => 4874.238684,
  'MKD' => 61.491578,
  'MMK' => 2393.025541,
  'MNT' => 3747.0105,
  'MOP' => 8.733859,
  'MUR' => 50.785572,
  'MVR' => 16.780091,
  'MWK' => 1883.245163,
  'MXN' => 19.306848,
  'MYR' => 5.091047,
  'MZN' => 69.401141,
  'NAD' => 19.643978,
  'NGN' => 1527.04254,
  'NIO' => 39.976993,
  'NOK' => 11.655153,
  'NPR' => 145.174326,
  'NZD' => 1.782258,
  'OMR' => 0.418093,
  'PAB' => 1.08609,
  'PEN' => 4.110103,
  'PGK' => 4.249093,
  'PHP' => 63.256601,
  'PKR' => 302.487273,
  'PLN' => 4.259505,
  'PYG' => 8184.472429,
  'QAR' => 3.959227,
  'RON' => 4.9744,
  'RSD' => 117.015337,
  'RUB' => 94.490716,
  'RWF' => 1432.438002,
  'SAR' => 4.073492,
  'SBD' => 9.146386,
  'SCR' => 15.002622,
  'SDG' => 652.74009,
  'SEK' => 11.411879,
  'SGD' => 1.459178,
  'SHP' => 0.841819,
  'SLL' => 22774.764253,
  'SOS' => 620.674534,
  'SRD' => 32.269906,
  'SSP' => 141.474083,
  'STD' => 24200.04016,
  'SVC' => 9.501705,
  'SYP' => 2728.833707,
  'SZL' => 19.640174,
  'THB' => 39.230657,
  'TJS' => 11.567644,
  'TMT' => 3.812176,
  'TND' => 3.378295,
  'TOP' => 2.55811,
  'TRY' => 35.663562,
  'TTD' => 7.349767,
  'TWD' => 35.258671,
  'TZS' => 2883.56895,
  'UAH' => 44.428703,
  'UGX' => 4017.710853,
  'USD' => 1.08609,
  'UYU' => 43.537382,
  'UZS' => 13680.623709,
  'VND' => 27618.309408,
  'VUV' => 128.942777,
  'WST' => 3.041052,
  'XAF' => 655.957,
  'XAG' => 0.034556,
  'XAU' => 0.00045,
  'XCD' => 2.935213,
  'XDR' => 0.822765,
  'XOF' => 655.957,
  'XPD' => 0.0011,
  'XPF' => 119.331742,
  'XPT' => 0.001085,
  'YER' => 271.929836,
  'ZAR' => 19.540862,
  'ZMW' => 27.55792,
  'ZWL' => 349.72098,
)
2024-07-11T19:35:08+00:00 INFO Order price is 0 ( Payment Request button disabled )
2024-07-11T23:22:07+00:00 INFO ENVIRONMENT: array (
  'WP_User' => 'Guest (non logged-in user)',
  'HTTP_REFERER' => '--',
  'HTTP_USER_AGENT' => '',
  'REQUEST_URI' => '',
  'DOING_AJAX' => false,
  'DOING_CRON' => false,
  'WP_CLI' => true,
)
2024-07-11T23:22:07+00:00 INFO REQUEST GET https://public-api.wordpress.com/wpcom/v2/sites/%s/wcpay/disputes?test_mode=1&pagesize=50&search%5B0%5D=warning_needs_response&search%5B1%5D=needs_response
2024-07-11T23:22:07+00:00 INFO HEADERS: array (
  'Content-Type' => 'application/json; charset=utf-8',
  'User-Agent' => 'WooCommerce Payments/7.6.0',
)
2024-07-11T23:22:08+00:00 INFO RESPONSE: array (
  'data' => 
  array (
  ),
)
