2024-07-14T00:39:42+00:00 INFO ENVIRONMENT: array (
  'WP_User' => 'Guest (non logged-in user)',
  'HTTP_REFERER' => '--',
  'HTTP_USER_AGENT' => 'Mozilla',
  'REQUEST_URI' => '/',
  'DOING_AJAX' => false,
  'DOING_CRON' => false,
  'WP_CLI' => false,
)
2024-07-14T00:39:42+00:00 INFO REQUEST GET https://public-api.wordpress.com/wpcom/v2/sites/%s/wcpay/currency/rates?test_mode=1&currency_from=eur
2024-07-14T00:39:42+00:00 INFO HEADERS: array (
  'Content-Type' => 'application/json; charset=utf-8',
  'User-Agent' => 'WooCommerce Payments/7.6.0',
)
2024-07-14T00:39:43+00:00 INFO RESPONSE: array (
  'AED' => 4.011067,
  'AFN' => 77.335367,
  'ALL' => 100.440788,
  'AMD' => 424.126645,
  'ANG' => 1.965075,
  'AOA' => 956.089757,
  'ARS' => 1003.049129,
  'AUD' => 1.613788,
  'AWG' => 1.967328,
  'AZN' => 1.856485,
  'BAM' => 1.964941,
  'BBD' => 2.1841,
  'BDT' => 128.318352,
  'BGN' => 1.957827,
  'BHD' => 0.411262,
  'BIF' => 3135.00222,
  'BMD' => 1.09205,
  'BND' => 1.466194,
  'BOB' => 7.545036,
  'BRL' => 5.929069,
  'BSD' => 1.09205,
  'BTC' => 1.8E-5,
  'BTN' => 91.070449,
  'BWP' => 14.706052,
  'BYN' => 3.56758,
  'BZD' => 2.197736,
  'CAD' => 1.490266,
  'CDF' => 3097.908309,
  'CHF' => 0.97762,
  'CLF' => 0.036027,
  'CLP' => 995.698803,
  'CNH' => 7.959406,
  'CNY' => 7.917799,
  'COP' => 4328.527675,
  'CRC' => 569.147423,
  'CUC' => 1.09205,
  'CUP' => 28.120287,
  'CVE' => 111.252592,
  'CZK' => 25.358056,
  'DJF' => 193.882206,
  'DKK' => 7.470605,
  'DOP' => 64.364106,
  'DZD' => 146.674315,
  'EGP' => 52.418399,
  'ERN' => 16.38075,
  'ETB' => 62.908239,
  'EUR' => 1,
  'FJD' => 2.425225,
  'FKP' => 0.84149,
  'GBP' => 0.84149,
  'GEL' => 2.981296,
  'GGP' => 0.84149,
  'GHS' => 16.769464,
  'GIP' => 0.84149,
  'GMD' => 73.986386,
  'GNF' => 9374.011349,
  'GTQ' => 8.477512,
  'GYD' => 228.346285,
  'HKD' => 8.526835,
  'HNL' => 26.970529,
  'HRK' => 7.543827,
  'HTG' => 144.111559,
  'HUF' => 392.272038,
  'IDR' => 17597.893995,
  'ILS' => 3.945287,
  'IMP' => 0.84149,
  'INR' => 91.206088,
  'IQD' => 1426.469659,
  'IRR' => 45961.653508,
  'ISK' => 149.479801,
  'JEP' => 0.84149,
  'JMD' => 170.724347,
  'JOD' => 0.773936,
  'JPY' => 172.385486,
  'KES' => 138.837287,
  'KGS' => 93.151863,
  'KHR' => 4470.603492,
  'KMF' => 495.954762,
  'KPW' => 982.844981,
  'KRW' => 1501.677927,
  'KWD' => 0.333659,
  'KYD' => 0.909916,
  'KZT' => 516.4227,
  'LAK' => 24110.225248,
  'LBP' => 97636.182526,
  'LKR' => 330.291785,
  'LRD' => 212.340551,
  'LSL' => 19.614228,
  'LYD' => 5.281516,
  'MAD' => 10.687121,
  'MDL' => 19.241238,
  'MGA' => 4869.548236,
  'MKD' => 61.598325,
  'MMK' => 2406.157403,
  'MNT' => 3767.572429,
  'MOP' => 8.781018,
  'MUR' => 50.97689,
  'MVR' => 16.883093,
  'MWK' => 1888.127077,
  'MXN' => 19.242794,
  'MYR' => 5.123899,
  'MZN' => 69.781984,
  'NAD' => 19.642863,
  'NGN' => 1535.422271,
  'NIO' => 40.08633,
  'NOK' => 11.709287,
  'NPR' => 145.714142,
  'NZD' => 1.784396,
  'OMR' => 0.420396,
  'PAB' => 1.09205,
  'PEN' => 4.094825,
  'PGK' => 4.26061,
  'PHP' => 63.790458,
  'PKR' => 303.149805,
  'PLN' => 4.25941,
  'PYG' => 8210.214084,
  'QAR' => 3.976427,
  'RON' => 4.97669,
  'RSD' => 117.167134,
  'RUB' => 95.886102,
  'RWF' => 1426.571631,
  'SAR' => 4.096026,
  'SBD' => 9.216268,
  'SCR' => 15.225606,
  'SDG' => 656.322038,
  'SEK' => 11.641952,
  'SGD' => 1.465203,
  'SHP' => 0.84149,
  'SLL' => 22899.742043,
  'SOS' => 622.342524,
  'SRD' => 32.446989,
  'SSP' => 142.25043,
  'STD' => 24332.839231,
  'SVC' => 9.555688,
  'SYP' => 2743.808335,
  'SZL' => 19.623719,
  'THB' => 39.475384,
  'TJS' => 11.628781,
  'TMT' => 3.822175,
  'TND' => 3.415386,
  'TOP' => 2.573382,
  'TRY' => 36.133203,
  'TTD' => 7.391323,
  'TWD' => 35.52799,
  'TZS' => 2918.237164,
  'UAH' => 44.666709,
  'UGX' => 4039.73781,
  'USD' => 1.09205,
  'UYU' => 43.723706,
  'UZS' => 13779.818074,
  'VND' => 27755.750338,
  'VUV' => 129.650358,
  'WST' => 3.05774,
  'XAF' => 655.957,
  'XAG' => 0.035467,
  'XAU' => 0.000453,
  'XCD' => 2.95132,
  'XDR' => 0.825798,
  'XOF' => 655.957,
  'XPD' => 0.001136,
  'XPF' => 119.331742,
  'XPT' => 0.001092,
  'YER' => 273.394784,
  'ZAR' => 19.606611,
  'ZMW' => 27.848449,
  'ZWL' => 351.640093,
)
2024-07-14T07:18:35+00:00 INFO ENVIRONMENT: array (
  'WP_User' => 'Guest (non logged-in user)',
  'HTTP_REFERER' => '--',
  'HTTP_USER_AGENT' => 'Mozilla/5.0 (Macintosh; Intel Mac OS X 10_15_7) AppleWebKit/537.36 (KHTML, like Gecko) Chrome/124.0.0.0 Safari/537.36',
  'REQUEST_URI' => '/membership-plans/?plan_id=2497&prod_id=3291',
  'DOING_AJAX' => false,
  'DOING_CRON' => false,
  'WP_CLI' => false,
)
2024-07-14T07:18:35+00:00 INFO REQUEST GET https://public-api.wordpress.com/wpcom/v2/sites/%s/wcpay/currency/rates?test_mode=1&currency_from=eur
2024-07-14T07:18:35+00:00 INFO HEADERS: array (
  'Content-Type' => 'application/json; charset=utf-8',
  'User-Agent' => 'WooCommerce Payments/7.6.0',
)
2024-07-14T07:18:36+00:00 INFO RESPONSE: array (
  'AED' => 4.011067,
  'AFN' => 77.335367,
  'ALL' => 100.440788,
  'AMD' => 424.126645,
  'ANG' => 1.965075,
  'AOA' => 956.089757,
  'ARS' => 1003.049129,
  'AUD' => 1.613788,
  'AWG' => 1.967328,
  'AZN' => 1.856485,
  'BAM' => 1.964941,
  'BBD' => 2.1841,
  'BDT' => 128.318352,
  'BGN' => 1.957827,
  'BHD' => 0.411262,
  'BIF' => 3135.00222,
  'BMD' => 1.09205,
  'BND' => 1.466194,
  'BOB' => 7.545036,
  'BRL' => 5.929069,
  'BSD' => 1.09205,
  'BTC' => 1.8E-5,
  'BTN' => 91.070449,
  'BWP' => 14.706052,
  'BYN' => 3.56758,
  'BZD' => 2.197736,
  'CAD' => 1.490266,
  'CDF' => 3097.908309,
  'CHF' => 0.97762,
  'CLF' => 0.036027,
  'CLP' => 995.698803,
  'CNH' => 7.959406,
  'CNY' => 7.917799,
  'COP' => 4328.527675,
  'CRC' => 569.147423,
  'CUC' => 1.09205,
  'CUP' => 28.120287,
  'CVE' => 111.252592,
  'CZK' => 25.358056,
  'DJF' => 193.882206,
  'DKK' => 7.470605,
  'DOP' => 64.364106,
  'DZD' => 146.674315,
  'EGP' => 52.418399,
  'ERN' => 16.38075,
  'ETB' => 62.908239,
  'EUR' => 1,
  'FJD' => 2.425225,
  'FKP' => 0.84149,
  'GBP' => 0.84149,
  'GEL' => 2.981296,
  'GGP' => 0.84149,
  'GHS' => 16.769464,
  'GIP' => 0.84149,
  'GMD' => 73.986386,
  'GNF' => 9374.011349,
  'GTQ' => 8.477512,
  'GYD' => 228.346285,
  'HKD' => 8.526835,
  'HNL' => 26.970529,
  'HRK' => 7.543827,
  'HTG' => 144.111559,
  'HUF' => 392.272038,
  'IDR' => 17597.893995,
  'ILS' => 3.945287,
  'IMP' => 0.84149,
  'INR' => 91.206088,
  'IQD' => 1426.469659,
  'IRR' => 45961.653508,
  'ISK' => 149.479801,
  'JEP' => 0.84149,
  'JMD' => 170.724347,
  'JOD' => 0.773936,
  'JPY' => 172.385486,
  'KES' => 138.837287,
  'KGS' => 93.151863,
  'KHR' => 4470.603492,
  'KMF' => 495.954762,
  'KPW' => 982.844981,
  'KRW' => 1501.677927,
  'KWD' => 0.333659,
  'KYD' => 0.909916,
  'KZT' => 516.4227,
  'LAK' => 24110.225248,
  'LBP' => 97636.182526,
  'LKR' => 330.291785,
  'LRD' => 212.340551,
  'LSL' => 19.614228,
  'LYD' => 5.281516,
  'MAD' => 10.687121,
  'MDL' => 19.241238,
  'MGA' => 4869.548236,
  'MKD' => 61.598325,
  'MMK' => 2406.157403,
  'MNT' => 3767.572429,
  'MOP' => 8.781018,
  'MUR' => 50.97689,
  'MVR' => 16.883093,
  'MWK' => 1888.127077,
  'MXN' => 19.242794,
  'MYR' => 5.123899,
  'MZN' => 69.781984,
  'NAD' => 19.642863,
  'NGN' => 1535.422271,
  'NIO' => 40.08633,
  'NOK' => 11.709287,
  'NPR' => 145.714142,
  'NZD' => 1.784396,
  'OMR' => 0.420396,
  'PAB' => 1.09205,
  'PEN' => 4.094825,
  'PGK' => 4.26061,
  'PHP' => 63.790458,
  'PKR' => 303.149805,
  'PLN' => 4.25941,
  'PYG' => 8210.214084,
  'QAR' => 3.976427,
  'RON' => 4.97669,
  'RSD' => 117.167134,
  'RUB' => 95.886102,
  'RWF' => 1426.571631,
  'SAR' => 4.096026,
  'SBD' => 9.216268,
  'SCR' => 15.225606,
  'SDG' => 656.322038,
  'SEK' => 11.641952,
  'SGD' => 1.465203,
  'SHP' => 0.84149,
  'SLL' => 22899.742043,
  'SOS' => 622.342524,
  'SRD' => 32.446989,
  'SSP' => 142.25043,
  'STD' => 24332.839231,
  'SVC' => 9.555688,
  'SYP' => 2743.808335,
  'SZL' => 19.623719,
  'THB' => 39.475384,
  'TJS' => 11.628781,
  'TMT' => 3.822175,
  'TND' => 3.415386,
  'TOP' => 2.573382,
  'TRY' => 36.133203,
  'TTD' => 7.391323,
  'TWD' => 35.52799,
  'TZS' => 2918.237164,
  'UAH' => 44.666709,
  'UGX' => 4039.73781,
  'USD' => 1.09205,
  'UYU' => 43.723706,
  'UZS' => 13779.818074,
  'VND' => 27755.750338,
  'VUV' => 129.650358,
  'WST' => 3.05774,
  'XAF' => 655.957,
  'XAG' => 0.035467,
  'XAU' => 0.000453,
  'XCD' => 2.95132,
  'XDR' => 0.825798,
  'XOF' => 655.957,
  'XPD' => 0.001136,
  'XPF' => 119.331742,
  'XPT' => 0.001092,
  'YER' => 273.394784,
  'ZAR' => 19.606611,
  'ZMW' => 27.848449,
  'ZWL' => 351.640093,
)
2024-07-14T08:16:49+00:00 INFO ENVIRONMENT: array (
  'WP_User' => 'Guest (non logged-in user)',
  'HTTP_REFERER' => '--',
  'HTTP_USER_AGENT' => 'Mozilla/5.0 (Windows NT 10.0; Win64; x64) AppleWebKit/537.36 (KHTML, like Gecko) Chrome/126.0.0.0 Safari/537.36',
  'REQUEST_URI' => '/wp-admin/',
  'DOING_AJAX' => false,
  'DOING_CRON' => false,
  'WP_CLI' => false,
)
2024-07-14T08:16:49+00:00 INFO REQUEST GET https://public-api.wordpress.com/wpcom/v2/sites/%s/wcpay/accounts?test_mode=0
2024-07-14T08:16:49+00:00 INFO HEADERS: array (
  'Content-Type' => 'application/json; charset=utf-8',
  'User-Agent' => 'WooCommerce Payments/7.6.0',
)
2024-07-14T08:16:52+00:00 INFO RESPONSE: array (
  'account_id' => 'acct_1PJA0PFxlPKzr7zD',
  'email' => '(redacted)',
  'live_publishable_key' => 'pk_live_iBIpeqzKOOx2Y8PFCRBfyMU000Q7xVG4Sn',
  'test_publishable_key' => 'pk_test_51ETDmyFuiXB5oUVxwSobQMW5Tno1GclIq7ePZWzLeW4q8oa7Zb8hI5VfwI5sNT5nXuKYinLukNvGCXmsQXAoDGHG00MqHqlYHR',
  'is_live' => true,
  'created' => '2024-05-22 07:54:39',
  'has_pending_requirements' => false,
  'has_future_requirements' => true,
  'has_overdue_requirements' => false,
  'details_submitted' => true,
  'current_deadline' => NULL,
  'status' => 'enabled',
  'capabilities' => 
  array (
    'bancontact_payments' => 'active',
    'card_payments' => 'active',
    'eps_payments' => 'active',
    'giropay_payments' => 'active',
    'ideal_payments' => 'active',
    'p24_payments' => 'active',
    'transfers' => 'active',
    'bank_transfer_payments' => 'unrequested',
    'blik_payments' => 'unrequested',
    'cartes_bancaires_payments' => 'unrequested',
    'link_payments' => 'unrequested',
    'mobilepay_payments' => 'unrequested',
    'multibanco_payments' => 'unrequested',
    'sepa_bank_transfer_payments' => 'unrequested',
    'sepa_debit_payments' => 'unrequested',
    'sofort_payments' => 'unrequested',
    'twint_payments' => 'unrequested',
  ),
  'capability_requirements' => 
  array (
    'bancontact_payments' => 
    array (
    ),
    'bank_transfer_payments' => 
    array (
    ),
    'blik_payments' => 
    array (
    ),
    'card_payments' => 
    array (
    ),
    'cartes_bancaires_payments' => 
    array (
    ),
    'eps_payments' => 
    array (
    ),
    'giropay_payments' => 
    array (
    ),
    'ideal_payments' => 
    array (
    ),
    'link_payments' => 
    array (
    ),
    'mobilepay_payments' => 
    array (
    ),
    'multibanco_payments' => 
    array (
    ),
    'p24_payments' => 
    array (
    ),
    'sepa_bank_transfer_payments' => 
    array (
    ),
    'sepa_debit_payments' => 
    array (
    ),
    'sofort_payments' => 
    array (
    ),
    'transfers' => 
    array (
    ),
    'twint_payments' => 
    array (
    ),
  ),
  'payments_enabled' => true,
  'deposits' => 
  array (
    'status' => 'enabled',
    'restrictions' => 'deposits_unrestricted',
    'interval' => 'daily',
    'weekly_anchor' => '',
    'monthly_anchor' => NULL,
    'delay_days' => 3,
    'completed_waiting_period' => false,
    'minimum_manual_deposit_amounts' => 
    array (
      'aud' => 500,
      'bgn' => 100,
      'cad' => 500,
      'chf' => 500,
      'czk' => 3000,
      'dkk' => 5000,
      'eur' => 500,
      'gbp' => 500,
      'hkd' => 5000,
      'huf' => 36000,
      'nok' => 5000,
      'nzd' => 500,
      'jpy' => 50,
      'sek' => 5000,
      'sgd' => 500,
      'usd' => 500,
      'ron' => 500,
      'pln' => 500,
      'aed' => 200,
    ),
    'minimum_scheduled_deposit_amounts' => 
    array (
      'aed' => 200,
      'aud' => 0,
      'bgn' => 100,
      'cad' => 0,
      'chf' => 500,
      'czk' => 3000,
      'dkk' => 2000,
      'eur' => 100,
      'gbp' => 100,
      'hkd' => 0,
      'huf' => 36000,
      'jpy' => 1,
      'nok' => 2000,
      'nzd' => 0,
      'pln' => 500,
      'ron' => 500,
      'sek' => 2000,
      'sgd' => 100,
      'usd' => 0,
    ),
  ),
  'lifetime_total_payment_volume' => 0,
  'requirements' => 
  array (
    'errors' => 
    array (
    ),
  ),
  'statement_descriptor' => 'MASTERLORDSOLUTIONS',
  'statement_descriptor_kanji' => '',
  'statement_descriptor_kana' => '',
  'latest_tos_agreement' => 
  array (
    'date' => '2024-05-22 07:54:39',
    'source' => 'signup',
    'is_current_version' => true,
  ),
  'fees' => 
  array (
    'base' => 
    array (
      'percentage_rate' => 0.015,
      'fixed_rate' => 2000,
      'currency' => 'huf',
    ),
    'discount' => 
    array (
    ),
    'card' => 
    array (
      'base' => 
      array (
        'percentage_rate' => 0.015,
        'fixed_rate' => 2000,
        'currency' => 'huf',
      ),
      'additional' => 
      array (
        'percentage_rate' => 0.02,
        'fixed_rate' => 0,
        'currency' => 'huf',
      ),
      'fx' => 
      array (
        'percentage_rate' => 0.02,
        'fixed_rate' => 0,
        'currency' => 'huf',
      ),
      'discount' => 
      array (
      ),
    ),
    'bancontact' => 
    array (
      'base' => 
      array (
        'percentage_rate' => 0.014,
        'fixed_rate' => 8500,
        'currency' => 'huf',
      ),
      'additional' => 
      array (
        'percentage_rate' => 0,
        'fixed_rate' => 0,
        'currency' => 'huf',
      ),
      'fx' => 
      array (
        'percentage_rate' => 0,
        'fixed_rate' => 0,
        'currency' => 'huf',
      ),
      'discount' => 
      array (
      ),
    ),
    'eps' => 
    array (
      'base' => 
      array (
        'percentage_rate' => 0.018,
        'fixed_rate' => 8500,
        'currency' => 'huf',
      ),
      'additional' => 
      array (
        'percentage_rate' => 0,
        'fixed_rate' => 0,
        'currency' => 'huf',
      ),
      'fx' => 
      array (
        'percentage_rate' => 0,
        'fixed_rate' => 0,
        'currency' => 'huf',
      ),
      'discount' => 
      array (
      ),
    ),
    'ideal' => 
    array (
      'base' => 
      array (
        'percentage_rate' => 0,
        'fixed_rate' => 10500,
        'currency' => 'huf',
      ),
      'additional' => 
      array (
        'percentage_rate' => 0,
        'fixed_rate' => 0,
        'currency' => 'huf',
      ),
      'fx' => 
      array (
        'percentage_rate' => 0,
        'fixed_rate' => 0,
        'currency' => 'huf',
      ),
      'discount' => 
      array (
      ),
    ),
    'giropay' => 
    array (
      'base' => 
      array (
        'percentage_rate' => 0.014,
        'fixed_rate' => 8500,
        'currency' => 'huf',
      ),
      'additional' => 
      array (
        'percentage_rate' => 0,
        'fixed_rate' => 0,
        'currency' => 'huf',
      ),
      'fx' => 
      array (
        'percentage_rate' => 0,
        'fixed_rate' => 0,
        'currency' => 'huf',
      ),
      'discount' => 
      array (
      ),
    ),
    'p24' => 
    array (
      'base' => 
      array (
        'percentage_rate' => 0.022,
        'fixed_rate' => 8500,
        'currency' => 'huf',
      ),
      'additional' => 
      array (
        'percentage_rate' => 0,
        'fixed_rate' => 0,
        'currency' => 'huf',
      ),
      'fx' => 
      array (
        'percentage_rate' => 0,
        'fixed_rate' => 0,
        'currency' => 'huf',
      ),
      'discount' => 
      array (
      ),
    ),
  ),
  'capital' => 
  array (
    'has_active_loan' => false,
    'has_previous_loans' => false,
    'loans' => 
    array (
    ),
  ),
  'fraud_services' => 
  array (
    'stripe' => 
    array (
    ),
    'sift' => 
    array (
      'beacon_key' => 'affbdadb36',
      'sandbox_beacon_key' => '6ad0ad748b',
    ),
  ),
  'store_currencies' => 
  array (
    'default' => 'huf',
    'supported' => 
    array (
      0 => 'huf',
    ),
  ),
  'customer_currencies' => 
  array (
    'supported' => 
    array (
      0 => 'usd',
      1 => 'aed',
      2 => 'afn',
      3 => 'all',
      4 => 'amd',
      5 => 'ang',
      6 => 'aoa',
      7 => 'ars',
      8 => 'aud',
      9 => 'awg',
      10 => 'azn',
      11 => 'bam',
      12 => 'bbd',
      13 => 'bdt',
      14 => 'bgn',
      15 => 'bif',
      16 => 'bmd',
      17 => 'bnd',
      18 => 'bob',
      19 => 'brl',
      20 => 'bsd',
      21 => 'bwp',
      22 => 'byn',
      23 => 'bzd',
      24 => 'cad',
      25 => 'cdf',
      26 => 'chf',
      27 => 'clp',
      28 => 'cny',
      29 => 'cop',
      30 => 'crc',
      31 => 'cve',
      32 => 'czk',
      33 => 'djf',
      34 => 'dkk',
      35 => 'dop',
      36 => 'dzd',
      37 => 'egp',
      38 => 'etb',
      39 => 'eur',
      40 => 'fjd',
      41 => 'fkp',
      42 => 'gbp',
      43 => 'gel',
      44 => 'gip',
      45 => 'gmd',
      46 => 'gnf',
      47 => 'gtq',
      48 => 'gyd',
      49 => 'hkd',
      50 => 'hnl',
      51 => 'htg',
      52 => 'huf',
      53 => 'idr',
      54 => 'ils',
      55 => 'inr',
      56 => 'isk',
      57 => 'jmd',
      58 => 'jpy',
      59 => 'kes',
      60 => 'kgs',
      61 => 'khr',
      62 => 'kmf',
      63 => 'krw',
      64 => 'kyd',
      65 => 'kzt',
      66 => 'lak',
      67 => 'lbp',
      68 => 'lkr',
      69 => 'lrd',
      70 => 'lsl',
      71 => 'mad',
      72 => 'mdl',
      73 => 'mga',
      74 => 'mkd',
      75 => 'mmk',
      76 => 'mnt',
      77 => 'mop',
      78 => 'mur',
      79 => 'mvr',
      80 => 'mwk',
      81 => 'mxn',
      82 => 'myr',
      83 => 'mzn',
      84 => 'nad',
      85 => 'ngn',
      86 => 'nio',
      87 => 'nok',
      88 => 'npr',
      89 => 'nzd',
      90 => 'pab',
      91 => 'pen',
      92 => 'pgk',
      93 => 'php',
      94 => 'pkr',
      95 => 'pln',
      96 => 'pyg',
      97 => 'qar',
      98 => 'ron',
      99 => 'rsd',
      100 => 'rub',
      101 => 'rwf',
      102 => 'sar',
      103 => 'sbd',
      104 => 'scr',
      105 => 'sek',
      106 => 'sgd',
      107 => 'shp',
      108 => 'sle',
      109 => 'sos',
      110 => 'srd',
      111 => 'std',
      112 => 'szl',
      113 => 'thb',
      114 => 'tjs',
      115 => 'top',
      116 => 'try',
      117 => 'ttd',
      118 => 'twd',
      119 => 'tzs',
      120 => 'uah',
      121 => 'ugx',
      122 => 'uyu',
      123 => 'uzs',
      124 => 'vnd',
      125 => 'vuv',
      126 => 'wst',
      127 => 'xaf',
      128 => 'xcd',
      129 => 'xof',
      130 => 'xpf',
      131 => 'yer',
      132 => 'zar',
      133 => 'zmw',
    ),
  ),
  'country' => '(redacted)',
  'instant_deposits_eligible' => false,
  'card_present_eligible' => false,
  'has_card_readers_available' => false,
  'platform_checkout_eligible' => false,
  'platform_direct_checkout_eligible' => false,
  'business_profile' => 
  array (
    'name' => '(redacted)',
    'url' => 'https://masterlordsolutions.com/',
    'support_address' => 
    array (
    ),
    'support_email' => NULL,
    'support_phone' => NULL,
  ),
  'branding' => 
  array (
    'icon' => NULL,
    'logo' => NULL,
    'primary_color' => NULL,
    'secondary_color' => NULL,
  ),
  'locale' => 'en_US',
  'has_more_failed_events' => false,
  'has_submitted_vat_data' => false,
  'is_documents_enabled' => true,
  'card_testing_protection_eligible' => false,
  'progressive_onboarding' => 
  array (
    'is_enabled' => false,
    'is_complete' => false,
    'tpv' => NULL,
    'first_transaction_date' => NULL,
    'kyc_deadline_date' => NULL,
  ),
  'fraud_mitigation_settings' => 
  array (
    'avs_check_enabled' => false,
    'cvc_check_enabled' => true,
  ),
  'is_deferred_intent_creation_upe_enabled' => true,
  'pre_check_save_my_info' => false,
)
2024-07-14T08:16:52+00:00 INFO ENVIRONMENT: array (
  'WP_User' => 'Guest (non logged-in user)',
  'HTTP_REFERER' => '--',
  'HTTP_USER_AGENT' => 'Mozilla/5.0 (Windows NT 10.0; Win64; x64) AppleWebKit/537.36 (KHTML, like Gecko) Chrome/126.0.0.0 Safari/537.36',
  'REQUEST_URI' => '/wp-admin/',
  'DOING_AJAX' => false,
  'DOING_CRON' => false,
  'WP_CLI' => false,
)
2024-07-14T08:16:52+00:00 INFO REQUEST POST https://public-api.wordpress.com/wpcom/v2/sites/%s/wcpay/compatibility
2024-07-14T08:16:52+00:00 INFO HEADERS: array (
  'Content-Type' => 'application/json; charset=utf-8',
  'User-Agent' => 'WooCommerce Payments/7.6.0',
  'Idempotency-Key' => 'e1f11e56-9e03-4923-956b-a392288a25c9',
)
2024-07-14T08:16:52+00:00 INFO BODY: array (
  'test_mode' => true,
  'compatibility_data' => 
  array (
    'woopayments_version' => '7.6.0',
    'woocommerce_version' => '9.0.2',
    'woocommerce_permalinks' => 
    array (
      'product_base' => 'product',
      'category_base' => 'product-category',
      'tag_base' => 'product-tag',
      'attribute_base' => '',
      'use_verbose_page_rules' => false,
    ),
    'woocommerce_shop' => 'https://masterlordsolutions.com/store/',
    'woocommerce_cart' => 'https://masterlordsolutions.com/cart/',
    'woocommerce_checkout' => 'https://masterlordsolutions.com/checkout/',
    'blog_theme' => 'astra-child',
    'active_plugins' => 
    array (
      0 => 'advanced-custom-fields/acf.php',
      1 => 'astra-sites/astra-sites.php',
      2 => 'checkout-plugins-stripe-woo/checkout-plugins-stripe-woo.php',
      3 => 'code-snippets/code-snippets.php',
      4 => 'custom-css-js/custom-css-js.php',
      5 => 'duplicate-page/duplicatepage.php',
      6 => 'masterlord-solutions/masterlord-solutions.php',
      7 => 'membership-for-woocommerce/membership-for-woocommerce.php',
      8 => 'mwb-bookings-for-woocommerce/mwb-bookings-for-woocommerce.php',
      9 => 'subscriptions-for-woocommerce/subscriptions-for-woocommerce.php',
      10 => 'ultimate-addons-for-gutenberg/ultimate-addons-for-gutenberg.php',
      11 => 'variation-swatches-woo/variation-swatches-woo.php',
      12 => 'what-the-file/what-the-file.php',
      13 => 'woo-update-manager/woo-update-manager.php',
      14 => 'woocommerce-payments/woocommerce-payments.php',
      15 => 'woocommerce/woocommerce.php',
      16 => 'wp-file-manager/file_folder_manager.php',
    ),
    'post_types_count' => 
    array (
      'post' => 0,
      'page' => 8,
      'attachment' => 0,
      'product' => 9,
      'rent' => 0,
      'wps_cpt_members' => 5,
      'wps_cpt_membership' => 3,
    ),
  ),
)
2024-07-14T08:16:52+00:00 INFO RESPONSE: array (
  'result' => 'success',
)
2024-07-14T08:16:59+00:00 INFO ENVIRONMENT: array (
  'WP_User' => 'masterlordsolutions.com',
  'HTTP_REFERER' => 'https://masterlordsolutions.com/wp-login.php?redirect_to=httpsmasterlordsolutions.comwp-admin&reauth=1',
  'HTTP_USER_AGENT' => 'Mozilla/5.0 (Windows NT 10.0; Win64; x64) AppleWebKit/537.36 (KHTML, like Gecko) Chrome/126.0.0.0 Safari/537.36',
  'REQUEST_URI' => '/wp-admin/',
  'DOING_AJAX' => false,
  'DOING_CRON' => false,
  'WP_CLI' => false,
)
2024-07-14T08:16:59+00:00 INFO REQUEST POST https://public-api.wordpress.com/wpcom/v2/sites/%s/wcpay/tracking/link-session
2024-07-14T08:16:59+00:00 INFO HEADERS: array (
  'Content-Type' => 'application/json; charset=utf-8',
  'User-Agent' => 'WooCommerce Payments/7.6.0',
  'Idempotency-Key' => '6ecf07e6-ae24-4a5d-8797-0176c558eaa8',
)
2024-07-14T08:16:59+00:00 INFO BODY: array (
  'test_mode' => true,
  'session' => 'st_1QJMzJzj$Jcy2Q2tfYv.RFz7skFDW_t_d0c7e7f56997e47c7582884e6e6313',
  'customer' => 'cus_QRvdHZRcwVnZfi',
)
2024-07-14T08:17:00+00:00 INFO ENVIRONMENT: array (
  'WP_User' => 'masterlordsolutions.com',
  'HTTP_REFERER' => 'https://masterlordsolutions.com/wp-login.php?redirect_to=httpsmasterlordsolutions.comwp-admin&reauth=1',
  'HTTP_USER_AGENT' => 'Mozilla/5.0 (Windows NT 10.0; Win64; x64) AppleWebKit/537.36 (KHTML, like Gecko) Chrome/126.0.0.0 Safari/537.36',
  'REQUEST_URI' => '/wp-login.php',
  'DOING_AJAX' => false,
  'DOING_CRON' => false,
  'WP_CLI' => false,
)
2024-07-14T08:17:00+00:00 INFO REQUEST POST https://public-api.wordpress.com/wpcom/v2/sites/%s/wcpay/tracking/link-session
2024-07-14T08:17:00+00:00 INFO HEADERS: array (
  'Content-Type' => 'application/json; charset=utf-8',
  'User-Agent' => 'WooCommerce Payments/7.6.0',
  'Idempotency-Key' => '22e62feb-97e6-4a81-b5df-6de27428c371',
)
2024-07-14T08:17:00+00:00 INFO BODY: array (
  'test_mode' => true,
  'session' => 'st_1QJMzJzj$Jcy2Q2tfYv.RFz7skFDW_t_d0c7e7f56997e47c7582884e6e6313',
  'customer' => 'cus_QRvdHZRcwVnZfi',
)
2024-07-14T08:17:00+00:00 INFO RESPONSE: array (
  'result' => 'success',
)
2024-07-14T08:17:00+00:00 INFO RESPONSE: array (
  'result' => 'success',
)
2024-07-14T12:34:23+00:00 INFO ENVIRONMENT: array (
  'WP_User' => 'Guest (non logged-in user)',
  'HTTP_REFERER' => '--',
  'HTTP_USER_AGENT' => 'WordPress/6.5.5; https://masterlordsolutions.com',
  'REQUEST_URI' => '/wp-cron.php?doing_wp_cron=1720960463.1755030155181884765625',
  'DOING_AJAX' => false,
  'DOING_CRON' => true,
  'WP_CLI' => false,
)
2024-07-14T12:34:23+00:00 INFO REQUEST GET https://public-api.wordpress.com/wpcom/v2/wcpay/woopay/compatibility?test_mode=1
2024-07-14T12:34:23+00:00 INFO HEADERS: array (
  'Content-Type' => 'application/json; charset=utf-8',
  'User-Agent' => 'WooCommerce Payments/7.6.0',
)
2024-07-14T12:34:23+00:00 INFO RESPONSE: array (
  'incompatible_extensions' => 
  array (
    0 => 'class-wcdonation',
    1 => 'woocommerce-table-rate-shipping',
    2 => 'woocommerce-memberships-for-teams',
    3 => 'woocommerce-checkout-add-ons',
    4 => 'woocommerce-checkout-field-editor',
    5 => 'woocommerce-eu-vat-number',
    6 => 'woocommerce-order-delivery',
    7 => 'woocommerce-pdf-product-vouchers',
    8 => 'woocommerce-shipping-local-pickup-plus',
    9 => 'woocommerce-shipping-multiple-addresses',
    10 => 'woocommerce-smart-coupons',
    11 => 'woocommerce-subscriptions-gifting',
    12 => 'advanced-product-fields-for-woocommerce',
  ),
  'adapted_extensions' => 
  array (
    0 => 'woocommerce-points-and-rewards',
    1 => 'woocommerce-gift-cards',
  ),
  'available_countries' => 
  array (
    0 => 'US',
  ),
)
2024-07-14T13:57:21+00:00 INFO ENVIRONMENT: array (
  'WP_User' => 'Guest (non logged-in user)',
  'HTTP_REFERER' => '--',
  'HTTP_USER_AGENT' => 'Mozilla/5.0 (compatible; AhrefsBot/7.0; +http://ahrefs.com/robot/)',
  'REQUEST_URI' => '/robots.txt',
  'DOING_AJAX' => false,
  'DOING_CRON' => false,
  'WP_CLI' => false,
)
2024-07-14T13:57:21+00:00 INFO REQUEST GET https://public-api.wordpress.com/wpcom/v2/sites/%s/wcpay/currency/rates?test_mode=1&currency_from=eur
2024-07-14T13:57:21+00:00 INFO HEADERS: array (
  'Content-Type' => 'application/json; charset=utf-8',
  'User-Agent' => 'WooCommerce Payments/7.6.0',
)
2024-07-14T13:57:21+00:00 INFO RESPONSE: array (
  'AED' => 4.011099,
  'AFN' => 77.122936,
  'ALL' => 100.440788,
  'AMD' => 423.715392,
  'ANG' => 1.96252,
  'AOA' => 956.089757,
  'ARS' => 1000.971603,
  'AUD' => 1.613788,
  'AWG' => 1.967328,
  'AZN' => 1.856485,
  'BAM' => 1.955621,
  'BBD' => 2.1841,
  'BDT' => 127.948306,
  'BGN' => 1.957827,
  'BHD' => 0.411262,
  'BIF' => 3135.00222,
  'BMD' => 1.09205,
  'BND' => 1.462166,
  'BOB' => 7.524311,
  'BRL' => 5.929069,
  'BSD' => 1.09205,
  'BTC' => 1.8E-5,
  'BTN' => 90.952885,
  'BWP' => 14.665657,
  'BYN' => 3.562974,
  'BZD' => 2.194899,
  'CAD' => 1.490266,
  'CDF' => 3097.908309,
  'CHF' => 0.998979,
  'CLF' => 0.036085,
  'CLP' => 995.698803,
  'CNH' => 7.959406,
  'CNY' => 7.917799,
  'COP' => 4328.527675,
  'CRC' => 569.147423,
  'CUC' => 1.09205,
  'CUP' => 28.120287,
  'CVE' => 110.78847,
  'CZK' => 25.358056,
  'DJF' => 193.882206,
  'DKK' => 7.470605,
  'DOP' => 64.364106,
  'DZD' => 146.674315,
  'EGP' => 52.376203,
  'ERN' => 16.38075,
  'ETB' => 62.908239,
  'EUR' => 1,
  'FJD' => 2.425225,
  'FKP' => 0.85978,
  'GBP' => 0.85978,
  'GEL' => 2.981296,
  'GGP' => 0.85978,
  'GHS' => 16.769464,
  'GIP' => 0.85978,
  'GMD' => 73.986386,
  'GNF' => 9374.011349,
  'GTQ' => 8.477512,
  'GYD' => 227.719246,
  'HKD' => 8.526835,
  'HNL' => 26.970529,
  'HRK' => 7.543827,
  'HTG' => 143.926796,
  'HUF' => 391.914461,
  'IDR' => 17597.893995,
  'ILS' => 3.953637,
  'IMP' => 0.85978,
  'INR' => 91.206088,
  'IQD' => 1426.469659,
  'IRR' => 45961.653508,
  'ISK' => 149.286329,
  'JEP' => 0.85978,
  'JMD' => 170.724347,
  'JOD' => 0.773936,
  'JPY' => 172.385486,
  'KES' => 138.837287,
  'KGS' => 93.151863,
  'KHR' => 4470.603492,
  'KMF' => 495.026399,
  'KPW' => 982.844981,
  'KRW' => 1501.677927,
  'KWD' => 0.333659,
  'KYD' => 0.907417,
  'KZT' => 516.4227,
  'LAK' => 24110.225248,
  'LBP' => 97529.54958,
  'LKR' => 329.41982,
  'LRD' => 212.340551,
  'LSL' => 19.588906,
  'LYD' => 5.281516,
  'MAD' => 10.687121,
  'MDL' => 19.241238,
  'MGA' => 4869.548236,
  'MKD' => 61.519366,
  'MMK' => 2406.157403,
  'MNT' => 3767.572429,
  'MOP' => 8.756898,
  'MUR' => 50.97689,
  'MVR' => 16.872172,
  'MWK' => 1888.127077,
  'MXN' => 19.242794,
  'MYR' => 5.123899,
  'MZN' => 69.727392,
  'NAD' => 19.588906,
  'NGN' => 1535.422271,
  'NIO' => 40.08633,
  'NOK' => 11.709287,
  'NPR' => 145.524668,
  'NZD' => 1.784396,
  'OMR' => 0.420059,
  'PAB' => 1.09205,
  'PEN' => 4.094825,
  'PGK' => 4.26061,
  'PHP' => 63.790458,
  'PKR' => 303.149805,
  'PLN' => 4.25941,
  'PYG' => 8210.214084,
  'QAR' => 3.976427,
  'RON' => 4.97669,
  'RSD' => 117.019857,
  'RUB' => 95.441268,
  'RWF' => 1426.571631,
  'SAR' => 4.096026,
  'SBD' => 9.216268,
  'SCR' => 15.225606,
  'SDG' => 656.322038,
  'SEK' => 11.641952,
  'SGD' => 1.465203,
  'SHP' => 0.85978,
  'SLL' => 22899.742043,
  'SOS' => 622.342524,
  'SRD' => 32.33014,
  'SSP' => 142.25043,
  'STD' => 24332.839231,
  'SVC' => 9.528127,
  'SYP' => 2743.808335,
  'SZL' => 19.598205,
  'THB' => 39.475384,
  'TJS' => 11.596838,
  'TMT' => 3.822175,
  'TND' => 3.415386,
  'TOP' => 2.573382,
  'TRY' => 36.133203,
  'TTD' => 7.391323,
  'TWD' => 35.52799,
  'TZS' => 2918.237164,
  'UAH' => 44.666709,
  'UGX' => 4028.638296,
  'USD' => 1.09205,
  'UYU' => 43.723706,
  'UZS' => 13779.818074,
  'VND' => 27755.750338,
  'VUV' => 129.650358,
  'WST' => 3.05774,
  'XAF' => 655.957,
  'XAG' => 0.035467,
  'XAU' => 0.000453,
  'XCD' => 2.95132,
  'XDR' => 0.824724,
  'XOF' => 655.957,
  'XPD' => 0.001136,
  'XPF' => 119.331742,
  'XPT' => 0.001092,
  'YER' => 273.367387,
  'ZAR' => 19.606611,
  'ZMW' => 27.848449,
  'ZWL' => 351.640093,
)
2024-07-14T23:22:38+00:00 INFO ENVIRONMENT: array (
  'WP_User' => 'Guest (non logged-in user)',
  'HTTP_REFERER' => '--',
  'HTTP_USER_AGENT' => '',
  'REQUEST_URI' => '',
  'DOING_AJAX' => false,
  'DOING_CRON' => false,
  'WP_CLI' => true,
)
2024-07-14T23:22:38+00:00 INFO REQUEST GET https://public-api.wordpress.com/wpcom/v2/sites/%s/wcpay/currency/rates?test_mode=1&currency_from=eur
2024-07-14T23:22:38+00:00 INFO HEADERS: array (
  'Content-Type' => 'application/json; charset=utf-8',
  'User-Agent' => 'WooCommerce Payments/7.6.0',
)
2024-07-14T23:22:39+00:00 INFO RESPONSE: array (
  'AED' => 3.998611,
  'AFN' => 76.883219,
  'ALL' => 100.243004,
  'AMD' => 421.796779,
  'ANG' => 1.95642,
  'AOA' => 952.078332,
  'ARS' => 1001.052819,
  'AUD' => 1.607672,
  'AWG' => 1.961213,
  'AZN' => 1.850715,
  'BAM' => 1.949542,
  'BBD' => 2.177311,
  'BDT' => 127.550612,
  'BGN' => 1.950018,
  'BHD' => 0.409423,
  'BIF' => 3127.7074,
  'BMD' => 1.088656,
  'BND' => 1.457621,
  'BOB' => 7.500923,
  'BRL' => 5.907864,
  'BSD' => 1.088656,
  'BTC' => 1.8E-5,
  'BTN' => 90.670182,
  'BWP' => 14.620072,
  'BYN' => 3.551899,
  'BZD' => 2.188077,
  'CAD' => 1.485362,
  'CDF' => 3104.99963,
  'CHF' => 0.973813,
  'CLF' => 0.035973,
  'CLP' => 989.572092,
  'CNH' => 7.921776,
  'CNY' => 7.893189,
  'COP' => 4329.486479,
  'CRC' => 567.378375,
  'CUC' => 1.088656,
  'CUP' => 28.032882,
  'CVE' => 110.018606,
  'CZK' => 25.336635,
  'DJF' => 193.270933,
  'DKK' => 7.462196,
  'DOP' => 64.226363,
  'DZD' => 146.021418,
  'EGP' => 52.388489,
  'ERN' => 16.329834,
  'ETB' => 62.73325,
  'EUR' => 1,
  'FJD' => 2.424066,
  'FKP' => 0.839432,
  'GBP' => 0.839432,
  'GEL' => 2.97203,
  'GGP' => 0.839432,
  'GHS' => 16.729109,
  'GIP' => 0.839432,
  'GMD' => 73.756418,
  'GNF' => 9341.964325,
  'GTQ' => 8.427948,
  'GYD' => 227.011439,
  'HKD' => 8.499612,
  'HNL' => 26.909091,
  'HRK' => 7.520379,
  'HTG' => 143.479437,
  'HUF' => 392.337928,
  'IDR' => 17541.215253,
  'ILS' => 3.937067,
  'IMP' => 0.839432,
  'INR' => 90.92306,
  'IQD' => 1422.85645,
  'IRR' => 45818.793553,
  'ISK' => 148.981344,
  'JEP' => 0.839432,
  'JMD' => 170.193694,
  'JOD' => 0.77153,
  'JPY' => 172.054188,
  'KES' => 139.08269,
  'KGS' => 92.862325,
  'KHR' => 4461.547528,
  'KMF' => 493.487737,
  'KPW' => 979.790061,
  'KRW' => 1497.326728,
  'KWD' => 0.332475,
  'KYD' => 0.904596,
  'KZT' => 514.817533,
  'LAK' => 24053.693912,
  'LBP' => 97289.832061,
  'LKR' => 328.395904,
  'LRD' => 212.110257,
  'LSL' => 19.541575,
  'LYD' => 5.268076,
  'MAD' => 10.66048,
  'MDL' => 19.187931,
  'MGA' => 4864.408717,
  'MKD' => 61.328149,
  'MMK' => 2398.678483,
  'MNT' => 3755.861901,
  'MOP' => 8.729679,
  'MUR' => 50.818442,
  'MVR' => 16.819729,
  'MWK' => 1883.243561,
  'MXN' => 19.230524,
  'MYR' => 5.098174,
  'MZN' => 69.510662,
  'NAD' => 19.540487,
  'NGN' => 1530.649807,
  'NIO' => 39.987335,
  'NOK' => 11.688548,
  'NPR' => 145.072342,
  'NZD' => 1.782321,
  'OMR' => 0.418754,
  'PAB' => 1.088656,
  'PEN' => 4.08598,
  'PGK' => 4.249756,
  'PHP' => 63.587469,
  'PKR' => 302.469471,
  'PLN' => 4.256624,
  'PYG' => 8184.69475,
  'QAR' => 3.961719,
  'RON' => 4.961846,
  'RSD' => 116.685495,
  'RUB' => 95.452676,
  'RWF' => 1424.679623,
  'SAR' => 4.081799,
  'SBD' => 9.187622,
  'SCR' => 15.245792,
  'SDG' => 654.28203,
  'SEK' => 11.462905,
  'SGD' => 1.461347,
  'SHP' => 0.839432,
  'SLL' => 22828.564097,
  'SOS' => 620.650978,
  'SRD' => 32.22965,
  'SSP' => 141.808282,
  'STD' => 24257.206871,
  'SVC' => 9.498512,
  'SYP' => 2735.279914,
  'SZL' => 19.548992,
  'THB' => 39.304453,
  'TJS' => 11.560792,
  'TMT' => 3.810295,
  'TND' => 3.38934,
  'TOP' => 2.565383,
  'TRY' => 35.994363,
  'TTD' => 7.368349,
  'TWD' => 35.412064,
  'TZS' => 2909.923181,
  'UAH' => 44.527874,
  'UGX' => 4016.116312,
  'USD' => 1.088656,
  'UYU' => 43.541324,
  'UZS' => 13748.242999,
  'VND' => 27670.87841,
  'VUV' => 129.247373,
  'WST' => 3.048236,
  'XAF' => 655.957,
  'XAG' => 0.035355,
  'XAU' => 0.000452,
  'XCD' => 2.942146,
  'XDR' => 0.822161,
  'XOF' => 655.957,
  'XPD' => 0.001132,
  'XPF' => 119.331742,
  'XPT' => 0.001088,
  'YER' => 272.517695,
  'ZAR' => 19.581461,
  'ZMW' => 27.761889,
  'ZWL' => 350.547111,
)
